2024-07-27 06:58:34,568 INFO [main] c.g.b.BlogApiApplication [StartupInfoLogger.java:55] Starting BlogApiApplication using Java 1.8.0_372 on Sakura with PID 5128 (G:\A.项目组项目\项目组博客\Blog\Blog-api\target\classes started by 吴晓 in G:\A.项目组项目\项目组博客\Blog\Blog-api)
2024-07-27 06:58:34,573 INFO [main] c.g.b.BlogApiApplication [SpringApplication.java:651] The following 1 profile is active: "local"
2024-07-27 06:58:35,109 INFO [main] o.s.d.r.c.RepositoryConfigurationDelegate [RepositoryConfigurationDelegate.java:262] Multiple Spring Data modules found, entering strict repository configuration mode
2024-07-27 06:58:35,111 INFO [main] o.s.d.r.c.RepositoryConfigurationDelegate [RepositoryConfigurationDelegate.java:132] Bootstrapping Spring Data Redis repositories in DEFAULT mode.
2024-07-27 06:58:35,132 INFO [main] o.s.d.r.c.RepositoryConfigurationDelegate [RepositoryConfigurationDelegate.java:201] Finished Spring Data repository scanning in 8 ms. Found 0 Redis repository interfaces.
2024-07-27 06:58:35,559 INFO [main] o.s.b.w.e.t.TomcatWebServer [TomcatWebServer.java:108] Tomcat initialized with port(s): 8080 (http)
2024-07-27 06:58:35,567 INFO [main] o.a.c.h.Http11NioProtocol [DirectJDKLog.java:173] Initializing ProtocolHandler ["http-nio-8080"]
2024-07-27 06:58:35,568 INFO [main] o.a.c.c.StandardService [DirectJDKLog.java:173] Starting service [Tomcat]
2024-07-27 06:58:35,568 INFO [main] o.a.c.c.StandardEngine [DirectJDKLog.java:173] Starting Servlet engine: [Apache Tomcat/9.0.68]
2024-07-27 06:58:35,678 INFO [main] o.a.c.c.C.[.[.[/] [DirectJDKLog.java:173] Initializing Spring embedded WebApplicationContext
2024-07-27 06:58:35,678 INFO [main] o.s.b.w.s.c.ServletWebServerApplicationContext [ServletWebServerApplicationContext.java:290] Root WebApplicationContext: initialization completed in 1073 ms
2024-07-27 06:58:37,407 INFO [main] o.s.s.w.DefaultSecurityFilterChain [DefaultSecurityFilterChain.java:55] Will secure any request with [org.springframework.security.web.context.request.async.WebAsyncManagerIntegrationFilter@bf75b5c, org.springframework.security.web.context.SecurityContextPersistenceFilter@75fd65c, org.springframework.security.web.header.HeaderWriterFilter@1280682, org.springframework.web.filter.CorsFilter@16da476c, org.springframework.security.web.authentication.logout.LogoutFilter@6d229b1c, com.group.blogapi.filter.JwtAuthenticationTokenFilter@61e3cf4d, org.springframework.security.web.savedrequest.RequestCacheAwareFilter@2ceca2ef, org.springframework.security.web.servletapi.SecurityContextHolderAwareRequestFilter@6ccac6f4, org.springframework.security.web.authentication.AnonymousAuthenticationFilter@2fd72332, org.springframework.security.web.session.SessionManagementFilter@7b5b5bfe, org.springframework.security.web.access.ExceptionTranslationFilter@3913f206, org.springframework.security.web.access.intercept.FilterSecurityInterceptor@21c747a]
2024-07-27 06:58:37,435 INFO [main] o.a.c.h.Http11NioProtocol [DirectJDKLog.java:173] Starting ProtocolHandler ["http-nio-8080"]
2024-07-27 06:58:37,450 INFO [main] o.s.b.w.e.t.TomcatWebServer [TomcatWebServer.java:220] Tomcat started on port(s): 8080 (http) with context path ''
2024-07-27 06:58:37,458 INFO [main] c.g.b.BlogApiApplication [StartupInfoLogger.java:61] Started BlogApiApplication in 3.349 seconds (JVM running for 4.928)
2024-07-27 10:16:40,901 INFO [main] c.g.b.BlogApiApplication [StartupInfoLogger.java:55] Starting BlogApiApplication using Java 1.8.0_372 on Sakura with PID 9508 (G:\A.项目组项目\项目组博客\Blog\Blog-api\target\classes started by 吴晓 in G:\A.项目组项目\项目组博客\Blog\Blog-api)
2024-07-27 10:16:40,904 INFO [main] c.g.b.BlogApiApplication [SpringApplication.java:651] The following 1 profile is active: "local"
2024-07-27 10:16:41,304 INFO [main] o.s.d.r.c.RepositoryConfigurationDelegate [RepositoryConfigurationDelegate.java:262] Multiple Spring Data modules found, entering strict repository configuration mode
2024-07-27 10:16:41,306 INFO [main] o.s.d.r.c.RepositoryConfigurationDelegate [RepositoryConfigurationDelegate.java:132] Bootstrapping Spring Data Redis repositories in DEFAULT mode.
2024-07-27 10:16:41,320 INFO [main] o.s.d.r.c.RepositoryConfigurationDelegate [RepositoryConfigurationDelegate.java:201] Finished Spring Data repository scanning in 6 ms. Found 0 Redis repository interfaces.
2024-07-27 10:16:41,643 INFO [main] o.s.b.w.e.t.TomcatWebServer [TomcatWebServer.java:108] Tomcat initialized with port(s): 8080 (http)
2024-07-27 10:16:41,648 INFO [main] o.a.c.h.Http11NioProtocol [DirectJDKLog.java:173] Initializing ProtocolHandler ["http-nio-8080"]
2024-07-27 10:16:41,649 INFO [main] o.a.c.c.StandardService [DirectJDKLog.java:173] Starting service [Tomcat]
2024-07-27 10:16:41,649 INFO [main] o.a.c.c.StandardEngine [DirectJDKLog.java:173] Starting Servlet engine: [Apache Tomcat/9.0.68]
2024-07-27 10:16:41,726 INFO [main] o.a.c.c.C.[.[.[/] [DirectJDKLog.java:173] Initializing Spring embedded WebApplicationContext
2024-07-27 10:16:41,726 INFO [main] o.s.b.w.s.c.ServletWebServerApplicationContext [ServletWebServerApplicationContext.java:290] Root WebApplicationContext: initialization completed in 797 ms
2024-07-27 10:16:43,228 INFO [main] o.s.s.w.DefaultSecurityFilterChain [DefaultSecurityFilterChain.java:55] Will secure any request with [org.springframework.security.web.context.request.async.WebAsyncManagerIntegrationFilter@1b0e9707, org.springframework.security.web.context.SecurityContextPersistenceFilter@6bedd4e4, org.springframework.security.web.header.HeaderWriterFilter@3610f277, org.springframework.web.filter.CorsFilter@9b5f3c7, org.springframework.security.web.authentication.logout.LogoutFilter@57a6a933, com.group.blogapi.filter.JwtAuthenticationTokenFilter@151db587, org.springframework.security.web.savedrequest.RequestCacheAwareFilter@72b6832e, org.springframework.security.web.servletapi.SecurityContextHolderAwareRequestFilter@4087c7fc, org.springframework.security.web.authentication.AnonymousAuthenticationFilter@74024f3, org.springframework.security.web.session.SessionManagementFilter@78d9f51b, org.springframework.security.web.access.ExceptionTranslationFilter@5c887052, org.springframework.security.web.access.intercept.FilterSecurityInterceptor@297c9a9b]
2024-07-27 10:16:43,260 INFO [main] o.a.c.h.Http11NioProtocol [DirectJDKLog.java:173] Starting ProtocolHandler ["http-nio-8080"]
2024-07-27 10:16:43,272 INFO [main] o.s.b.w.e.t.TomcatWebServer [TomcatWebServer.java:220] Tomcat started on port(s): 8080 (http) with context path ''
2024-07-27 10:16:43,278 INFO [main] c.g.b.BlogApiApplication [StartupInfoLogger.java:61] Started BlogApiApplication in 2.698 seconds (JVM running for 3.657)
2024-07-27 10:17:35,771 INFO [http-nio-8080-exec-1] o.a.c.c.C.[.[.[/] [DirectJDKLog.java:173] Initializing Spring DispatcherServlet 'dispatcherServlet'
2024-07-27 10:17:35,771 INFO [http-nio-8080-exec-1] o.s.w.s.DispatcherServlet [FrameworkServlet.java:525] Initializing Servlet 'dispatcherServlet'
2024-07-27 10:17:35,772 INFO [http-nio-8080-exec-1] o.s.w.s.DispatcherServlet [FrameworkServlet.java:547] Completed initialization in 1 ms
2024-07-27 10:23:09,496 INFO [main] c.g.b.BlogApiApplication [StartupInfoLogger.java:55] Starting BlogApiApplication using Java 1.8.0_372 on Sakura with PID 2948 (G:\A.项目组项目\项目组博客\Blog\Blog-api\target\classes started by 吴晓 in G:\A.项目组项目\项目组博客\Blog\Blog-api)
2024-07-27 10:23:09,498 INFO [main] c.g.b.BlogApiApplication [SpringApplication.java:651] The following 1 profile is active: "local"
2024-07-27 10:23:09,921 INFO [main] o.s.d.r.c.RepositoryConfigurationDelegate [RepositoryConfigurationDelegate.java:262] Multiple Spring Data modules found, entering strict repository configuration mode
2024-07-27 10:23:09,923 INFO [main] o.s.d.r.c.RepositoryConfigurationDelegate [RepositoryConfigurationDelegate.java:132] Bootstrapping Spring Data Redis repositories in DEFAULT mode.
2024-07-27 10:23:09,939 INFO [main] o.s.d.r.c.RepositoryConfigurationDelegate [RepositoryConfigurationDelegate.java:201] Finished Spring Data repository scanning in 7 ms. Found 0 Redis repository interfaces.
2024-07-27 10:23:10,263 INFO [main] o.s.b.w.e.t.TomcatWebServer [TomcatWebServer.java:108] Tomcat initialized with port(s): 8080 (http)
2024-07-27 10:23:10,268 INFO [main] o.a.c.h.Http11NioProtocol [DirectJDKLog.java:173] Initializing ProtocolHandler ["http-nio-8080"]
2024-07-27 10:23:10,268 INFO [main] o.a.c.c.StandardService [DirectJDKLog.java:173] Starting service [Tomcat]
2024-07-27 10:23:10,269 INFO [main] o.a.c.c.StandardEngine [DirectJDKLog.java:173] Starting Servlet engine: [Apache Tomcat/9.0.68]
2024-07-27 10:23:10,343 INFO [main] o.a.c.c.C.[.[.[/] [DirectJDKLog.java:173] Initializing Spring embedded WebApplicationContext
2024-07-27 10:23:10,343 INFO [main] o.s.b.w.s.c.ServletWebServerApplicationContext [ServletWebServerApplicationContext.java:290] Root WebApplicationContext: initialization completed in 820 ms
2024-07-27 10:23:11,860 INFO [main] o.s.s.w.DefaultSecurityFilterChain [DefaultSecurityFilterChain.java:55] Will secure any request with [org.springframework.security.web.context.request.async.WebAsyncManagerIntegrationFilter@1b0e9707, org.springframework.security.web.context.SecurityContextPersistenceFilter@6bedd4e4, org.springframework.security.web.header.HeaderWriterFilter@3610f277, org.springframework.web.filter.CorsFilter@9b5f3c7, org.springframework.security.web.authentication.logout.LogoutFilter@57a6a933, com.group.blogapi.filter.JwtAuthenticationTokenFilter@151db587, org.springframework.security.web.savedrequest.RequestCacheAwareFilter@72b6832e, org.springframework.security.web.servletapi.SecurityContextHolderAwareRequestFilter@4087c7fc, org.springframework.security.web.authentication.AnonymousAuthenticationFilter@74024f3, org.springframework.security.web.session.SessionManagementFilter@78d9f51b, org.springframework.security.web.access.ExceptionTranslationFilter@5c887052, org.springframework.security.web.access.intercept.FilterSecurityInterceptor@297c9a9b]
2024-07-27 10:23:11,885 INFO [main] o.a.c.h.Http11NioProtocol [DirectJDKLog.java:173] Starting ProtocolHandler ["http-nio-8080"]
2024-07-27 10:23:11,899 INFO [main] o.s.b.w.e.t.TomcatWebServer [TomcatWebServer.java:220] Tomcat started on port(s): 8080 (http) with context path ''
2024-07-27 10:23:11,906 INFO [main] c.g.b.BlogApiApplication [StartupInfoLogger.java:61] Started BlogApiApplication in 2.735 seconds (JVM running for 3.745)
2024-07-27 10:24:44,671 INFO [main] c.g.b.BlogApiApplication [StartupInfoLogger.java:55] Starting BlogApiApplication using Java 1.8.0_372 on Sakura with PID 2652 (G:\A.项目组项目\项目组博客\Blog\Blog-api\target\classes started by 吴晓 in G:\A.项目组项目\项目组博客\Blog\Blog-api)
2024-07-27 10:24:44,673 INFO [main] c.g.b.BlogApiApplication [SpringApplication.java:651] The following 1 profile is active: "local"
2024-07-27 10:24:45,062 INFO [main] o.s.d.r.c.RepositoryConfigurationDelegate [RepositoryConfigurationDelegate.java:262] Multiple Spring Data modules found, entering strict repository configuration mode
2024-07-27 10:24:45,064 INFO [main] o.s.d.r.c.RepositoryConfigurationDelegate [RepositoryConfigurationDelegate.java:132] Bootstrapping Spring Data Redis repositories in DEFAULT mode.
2024-07-27 10:24:45,078 INFO [main] o.s.d.r.c.RepositoryConfigurationDelegate [RepositoryConfigurationDelegate.java:201] Finished Spring Data repository scanning in 6 ms. Found 0 Redis repository interfaces.
2024-07-27 10:24:45,387 INFO [main] o.s.b.w.e.t.TomcatWebServer [TomcatWebServer.java:108] Tomcat initialized with port(s): 8080 (http)
2024-07-27 10:24:45,392 INFO [main] o.a.c.h.Http11NioProtocol [DirectJDKLog.java:173] Initializing ProtocolHandler ["http-nio-8080"]
2024-07-27 10:24:45,393 INFO [main] o.a.c.c.StandardService [DirectJDKLog.java:173] Starting service [Tomcat]
2024-07-27 10:24:45,393 INFO [main] o.a.c.c.StandardEngine [DirectJDKLog.java:173] Starting Servlet engine: [Apache Tomcat/9.0.68]
2024-07-27 10:24:45,466 INFO [main] o.a.c.c.C.[.[.[/] [DirectJDKLog.java:173] Initializing Spring embedded WebApplicationContext
2024-07-27 10:24:45,466 INFO [main] o.s.b.w.s.c.ServletWebServerApplicationContext [ServletWebServerApplicationContext.java:290] Root WebApplicationContext: initialization completed in 769 ms
2024-07-27 10:24:46,953 INFO [main] o.s.s.w.DefaultSecurityFilterChain [DefaultSecurityFilterChain.java:55] Will secure any request with [org.springframework.security.web.context.request.async.WebAsyncManagerIntegrationFilter@9b5f3c7, org.springframework.security.web.context.SecurityContextPersistenceFilter@4570d7b6, org.springframework.security.web.header.HeaderWriterFilter@c689973, org.springframework.web.filter.CorsFilter@74024f3, org.springframework.security.web.authentication.logout.LogoutFilter@5b5b59, com.group.blogapi.filter.JwtAuthenticationTokenFilter@151db587, org.springframework.security.web.savedrequest.RequestCacheAwareFilter@3850e90c, org.springframework.security.web.servletapi.SecurityContextHolderAwareRequestFilter@318c68d5, org.springframework.security.web.authentication.AnonymousAuthenticationFilter@61ae0d43, org.springframework.security.web.session.SessionManagementFilter@23ed382c, org.springframework.security.web.access.ExceptionTranslationFilter@55fdf7f9, org.springframework.security.web.access.intercept.FilterSecurityInterceptor@20999517]
2024-07-27 10:24:46,976 INFO [main] o.a.c.h.Http11NioProtocol [DirectJDKLog.java:173] Starting ProtocolHandler ["http-nio-8080"]
2024-07-27 10:24:46,988 INFO [main] o.s.b.w.e.t.TomcatWebServer [TomcatWebServer.java:220] Tomcat started on port(s): 8080 (http) with context path ''
2024-07-27 10:24:46,995 INFO [main] c.g.b.BlogApiApplication [StartupInfoLogger.java:61] Started BlogApiApplication in 2.635 seconds (JVM running for 3.574)
2024-07-27 10:26:00,663 INFO [http-nio-8080-exec-3] o.a.c.c.C.[.[.[/] [DirectJDKLog.java:173] Initializing Spring DispatcherServlet 'dispatcherServlet'
2024-07-27 10:26:00,663 INFO [http-nio-8080-exec-3] o.s.w.s.DispatcherServlet [FrameworkServlet.java:525] Initializing Servlet 'dispatcherServlet'
2024-07-27 10:26:00,664 INFO [http-nio-8080-exec-3] o.s.w.s.DispatcherServlet [FrameworkServlet.java:547] Completed initialization in 0 ms
2024-07-27 10:26:00,788 INFO [http-nio-8080-exec-3] c.z.h.HikariDataSource [HikariDataSource.java:110] HikariPool-1 - Starting...
2024-07-27 10:26:25,607 INFO [http-nio-8080-exec-1] c.z.h.HikariDataSource [HikariDataSource.java:110] HikariPool-1 - Starting...
2024-07-27 10:26:33,693 INFO [http-nio-8080-exec-2] c.z.h.HikariDataSource [HikariDataSource.java:110] HikariPool-1 - Starting...
2024-07-27 10:29:20,843 INFO [main] c.g.b.BlogApiApplication [StartupInfoLogger.java:55] Starting BlogApiApplication using Java 1.8.0_372 on Sakura with PID 1672 (G:\A.项目组项目\项目组博客\Blog\Blog-api\target\classes started by 吴晓 in G:\A.项目组项目\项目组博客\Blog\Blog-api)
2024-07-27 10:29:20,846 INFO [main] c.g.b.BlogApiApplication [SpringApplication.java:651] The following 1 profile is active: "local"
2024-07-27 10:29:21,312 INFO [main] o.s.d.r.c.RepositoryConfigurationDelegate [RepositoryConfigurationDelegate.java:262] Multiple Spring Data modules found, entering strict repository configuration mode
2024-07-27 10:29:21,314 INFO [main] o.s.d.r.c.RepositoryConfigurationDelegate [RepositoryConfigurationDelegate.java:132] Bootstrapping Spring Data Redis repositories in DEFAULT mode.
2024-07-27 10:29:21,332 INFO [main] o.s.d.r.c.RepositoryConfigurationDelegate [RepositoryConfigurationDelegate.java:201] Finished Spring Data repository scanning in 7 ms. Found 0 Redis repository interfaces.
2024-07-27 10:29:21,708 INFO [main] o.s.b.w.e.t.TomcatWebServer [TomcatWebServer.java:108] Tomcat initialized with port(s): 8080 (http)
2024-07-27 10:29:21,714 INFO [main] o.a.c.h.Http11NioProtocol [DirectJDKLog.java:173] Initializing ProtocolHandler ["http-nio-8080"]
2024-07-27 10:29:21,715 INFO [main] o.a.c.c.StandardService [DirectJDKLog.java:173] Starting service [Tomcat]
2024-07-27 10:29:21,715 INFO [main] o.a.c.c.StandardEngine [DirectJDKLog.java:173] Starting Servlet engine: [Apache Tomcat/9.0.68]
2024-07-27 10:29:21,807 INFO [main] o.a.c.c.C.[.[.[/] [DirectJDKLog.java:173] Initializing Spring embedded WebApplicationContext
2024-07-27 10:29:21,808 INFO [main] o.s.b.w.s.c.ServletWebServerApplicationContext [ServletWebServerApplicationContext.java:290] Root WebApplicationContext: initialization completed in 931 ms
2024-07-27 10:29:23,430 INFO [main] o.s.s.w.DefaultSecurityFilterChain [DefaultSecurityFilterChain.java:55] Will secure any request with [org.springframework.security.web.context.request.async.WebAsyncManagerIntegrationFilter@3b98b809, org.springframework.security.web.context.SecurityContextPersistenceFilter@74834afd, org.springframework.security.web.header.HeaderWriterFilter@270d43a7, org.springframework.web.filter.CorsFilter@bf75b5c, org.springframework.security.web.authentication.logout.LogoutFilter@66a53104, com.group.blogapi.filter.JwtAuthenticationTokenFilter@6b667cb3, org.springframework.security.web.savedrequest.RequestCacheAwareFilter@d499c13, org.springframework.security.web.servletapi.SecurityContextHolderAwareRequestFilter@4733f6f5, org.springframework.security.web.authentication.AnonymousAuthenticationFilter@16da476c, org.springframework.security.web.session.SessionManagementFilter@50ab56e2, org.springframework.security.web.access.ExceptionTranslationFilter@f1266c6, org.springframework.security.web.access.intercept.FilterSecurityInterceptor@51bddd98]
2024-07-27 10:29:23,458 INFO [main] o.a.c.h.Http11NioProtocol [DirectJDKLog.java:173] Starting ProtocolHandler ["http-nio-8080"]
2024-07-27 10:29:23,473 INFO [main] o.s.b.w.e.t.TomcatWebServer [TomcatWebServer.java:220] Tomcat started on port(s): 8080 (http) with context path ''
2024-07-27 10:29:23,480 INFO [main] c.g.b.BlogApiApplication [StartupInfoLogger.java:61] Started BlogApiApplication in 3.011 seconds (JVM running for 4.18)
2024-07-27 10:29:46,793 INFO [http-nio-8080-exec-1] o.a.c.c.C.[.[.[/] [DirectJDKLog.java:173] Initializing Spring DispatcherServlet 'dispatcherServlet'
2024-07-27 10:29:46,794 INFO [http-nio-8080-exec-1] o.s.w.s.DispatcherServlet [FrameworkServlet.java:525] Initializing Servlet 'dispatcherServlet'
2024-07-27 10:29:46,794 INFO [http-nio-8080-exec-1] o.s.w.s.DispatcherServlet [FrameworkServlet.java:547] Completed initialization in 0 ms
2024-07-27 10:29:56,970 INFO [http-nio-8080-exec-1] c.z.h.HikariDataSource [HikariDataSource.java:110] HikariPool-1 - Starting...
2024-07-27 10:30:17,689 INFO [main] c.g.b.BlogApiApplication [StartupInfoLogger.java:55] Starting BlogApiApplication using Java 1.8.0_372 on Sakura with PID 21184 (G:\A.项目组项目\项目组博客\Blog\Blog-api\target\classes started by 吴晓 in G:\A.项目组项目\项目组博客\Blog\Blog-api)
2024-07-27 10:30:17,691 INFO [main] c.g.b.BlogApiApplication [SpringApplication.java:651] The following 1 profile is active: "dev"
2024-07-27 10:30:18,154 INFO [main] o.s.d.r.c.RepositoryConfigurationDelegate [RepositoryConfigurationDelegate.java:262] Multiple Spring Data modules found, entering strict repository configuration mode
2024-07-27 10:30:18,155 INFO [main] o.s.d.r.c.RepositoryConfigurationDelegate [RepositoryConfigurationDelegate.java:132] Bootstrapping Spring Data Redis repositories in DEFAULT mode.
2024-07-27 10:30:18,172 INFO [main] o.s.d.r.c.RepositoryConfigurationDelegate [RepositoryConfigurationDelegate.java:201] Finished Spring Data repository scanning in 7 ms. Found 0 Redis repository interfaces.
2024-07-27 10:30:18,559 INFO [main] o.s.b.w.e.t.TomcatWebServer [TomcatWebServer.java:108] Tomcat initialized with port(s): 8080 (http)
2024-07-27 10:30:18,566 INFO [main] o.a.c.h.Http11NioProtocol [DirectJDKLog.java:173] Initializing ProtocolHandler ["http-nio-8080"]
2024-07-27 10:30:18,566 INFO [main] o.a.c.c.StandardService [DirectJDKLog.java:173] Starting service [Tomcat]
2024-07-27 10:30:18,567 INFO [main] o.a.c.c.StandardEngine [DirectJDKLog.java:173] Starting Servlet engine: [Apache Tomcat/9.0.68]
2024-07-27 10:30:18,657 INFO [main] o.a.c.c.C.[.[.[/] [DirectJDKLog.java:173] Initializing Spring embedded WebApplicationContext
2024-07-27 10:30:18,657 INFO [main] o.s.b.w.s.c.ServletWebServerApplicationContext [ServletWebServerApplicationContext.java:290] Root WebApplicationContext: initialization completed in 938 ms
2024-07-27 10:30:20,257 INFO [main] o.s.s.w.DefaultSecurityFilterChain [DefaultSecurityFilterChain.java:55] Will secure any request with [org.springframework.security.web.context.request.async.WebAsyncManagerIntegrationFilter@4816ee24, org.springframework.security.web.context.SecurityContextPersistenceFilter@58aa10f4, org.springframework.security.web.header.HeaderWriterFilter@2ceca2ef, org.springframework.web.filter.CorsFilter@20d33ea, org.springframework.security.web.authentication.logout.LogoutFilter@6ec63f8, com.group.blogapi.filter.JwtAuthenticationTokenFilter@12aa4996, org.springframework.security.web.savedrequest.RequestCacheAwareFilter@5e5beb8a, org.springframework.security.web.servletapi.SecurityContextHolderAwareRequestFilter@56cc9f29, org.springframework.security.web.authentication.AnonymousAuthenticationFilter@73613ae5, org.springframework.security.web.session.SessionManagementFilter@56c8e6f0, org.springframework.security.web.access.ExceptionTranslationFilter@7b5b5bfe, org.springframework.security.web.access.intercept.FilterSecurityInterceptor@86d6bf7]
2024-07-27 10:30:20,287 INFO [main] o.a.c.h.Http11NioProtocol [DirectJDKLog.java:173] Starting ProtocolHandler ["http-nio-8080"]
2024-07-27 10:30:20,300 INFO [main] o.s.b.w.e.t.TomcatWebServer [TomcatWebServer.java:220] Tomcat started on port(s): 8080 (http) with context path ''
2024-07-27 10:30:20,308 INFO [main] c.g.b.BlogApiApplication [StartupInfoLogger.java:61] Started BlogApiApplication in 2.994 seconds (JVM running for 4.06)
2024-07-27 10:30:31,338 INFO [http-nio-8080-exec-2] o.a.c.c.C.[.[.[/] [DirectJDKLog.java:173] Initializing Spring DispatcherServlet 'dispatcherServlet'
2024-07-27 10:30:31,339 INFO [http-nio-8080-exec-2] o.s.w.s.DispatcherServlet [FrameworkServlet.java:525] Initializing Servlet 'dispatcherServlet'
2024-07-27 10:30:31,339 INFO [http-nio-8080-exec-2] o.s.w.s.DispatcherServlet [FrameworkServlet.java:547] Completed initialization in 0 ms
2024-07-27 10:30:35,527 INFO [http-nio-8080-exec-2] c.z.h.HikariDataSource [HikariDataSource.java:110] HikariPool-1 - Starting...
2024-07-27 10:30:58,875 INFO [main] c.g.b.BlogApiApplication [StartupInfoLogger.java:55] Starting BlogApiApplication using Java 1.8.0_372 on Sakura with PID 18324 (G:\A.项目组项目\项目组博客\Blog\Blog-api\target\classes started by 吴晓 in G:\A.项目组项目\项目组博客\Blog\Blog-api)
2024-07-27 10:30:58,877 INFO [main] c.g.b.BlogApiApplication [SpringApplication.java:651] The following 1 profile is active: "dev"
2024-07-27 10:30:59,341 INFO [main] o.s.d.r.c.RepositoryConfigurationDelegate [RepositoryConfigurationDelegate.java:262] Multiple Spring Data modules found, entering strict repository configuration mode
2024-07-27 10:30:59,343 INFO [main] o.s.d.r.c.RepositoryConfigurationDelegate [RepositoryConfigurationDelegate.java:132] Bootstrapping Spring Data Redis repositories in DEFAULT mode.
2024-07-27 10:30:59,361 INFO [main] o.s.d.r.c.RepositoryConfigurationDelegate [RepositoryConfigurationDelegate.java:201] Finished Spring Data repository scanning in 7 ms. Found 0 Redis repository interfaces.
2024-07-27 10:30:59,730 INFO [main] o.s.b.w.e.t.TomcatWebServer [TomcatWebServer.java:108] Tomcat initialized with port(s): 8080 (http)
2024-07-27 10:30:59,737 INFO [main] o.a.c.h.Http11NioProtocol [DirectJDKLog.java:173] Initializing ProtocolHandler ["http-nio-8080"]
2024-07-27 10:30:59,738 INFO [main] o.a.c.c.StandardService [DirectJDKLog.java:173] Starting service [Tomcat]
2024-07-27 10:30:59,738 INFO [main] o.a.c.c.StandardEngine [DirectJDKLog.java:173] Starting Servlet engine: [Apache Tomcat/9.0.68]
2024-07-27 10:30:59,828 INFO [main] o.a.c.c.C.[.[.[/] [DirectJDKLog.java:173] Initializing Spring embedded WebApplicationContext
2024-07-27 10:30:59,828 INFO [main] o.s.b.w.s.c.ServletWebServerApplicationContext [ServletWebServerApplicationContext.java:290] Root WebApplicationContext: initialization completed in 922 ms
2024-07-27 10:31:01,430 INFO [main] o.s.s.w.DefaultSecurityFilterChain [DefaultSecurityFilterChain.java:55] Will secure any request with [org.springframework.security.web.context.request.async.WebAsyncManagerIntegrationFilter@60ed12e8, org.springframework.security.web.context.SecurityContextPersistenceFilter@3b42121d, org.springframework.security.web.header.HeaderWriterFilter@5f59ea8c, org.springframework.web.filter.CorsFilter@24c8d8be, org.springframework.security.web.authentication.logout.LogoutFilter@1b482cbf, com.group.blogapi.filter.JwtAuthenticationTokenFilter@4e31c3ec, org.springframework.security.web.savedrequest.RequestCacheAwareFilter@33188612, org.springframework.security.web.servletapi.SecurityContextHolderAwareRequestFilter@56c8e6f0, org.springframework.security.web.authentication.AnonymousAuthenticationFilter@3290b1a6, org.springframework.security.web.session.SessionManagementFilter@2ceca2ef, org.springframework.security.web.access.ExceptionTranslationFilter@1280682, org.springframework.security.web.access.intercept.FilterSecurityInterceptor@77c3c037]
2024-07-27 10:31:01,457 INFO [main] o.a.c.h.Http11NioProtocol [DirectJDKLog.java:173] Starting ProtocolHandler ["http-nio-8080"]
2024-07-27 10:31:01,471 INFO [main] o.s.b.w.e.t.TomcatWebServer [TomcatWebServer.java:220] Tomcat started on port(s): 8080 (http) with context path ''
2024-07-27 10:31:01,479 INFO [main] c.g.b.BlogApiApplication [StartupInfoLogger.java:61] Started BlogApiApplication in 2.989 seconds (JVM running for 3.991)
2024-07-27 10:31:39,129 INFO [http-nio-8080-exec-1] o.a.c.c.C.[.[.[/] [DirectJDKLog.java:173] Initializing Spring DispatcherServlet 'dispatcherServlet'
2024-07-27 10:31:39,130 INFO [http-nio-8080-exec-1] o.s.w.s.DispatcherServlet [FrameworkServlet.java:525] Initializing Servlet 'dispatcherServlet'
2024-07-27 10:31:39,131 INFO [http-nio-8080-exec-1] o.s.w.s.DispatcherServlet [FrameworkServlet.java:547] Completed initialization in 1 ms
2024-07-27 10:31:43,125 INFO [http-nio-8080-exec-1] c.z.h.HikariDataSource [HikariDataSource.java:110] HikariPool-1 - Starting...
2024-07-27 10:31:43,238 INFO [http-nio-8080-exec-1] c.z.h.HikariDataSource [HikariDataSource.java:123] HikariPool-1 - Start completed.
2024-07-27 10:32:55,929 INFO [SpringApplicationShutdownHook] c.z.h.HikariDataSource [HikariDataSource.java:350] HikariPool-1 - Shutdown initiated...
2024-07-27 10:32:55,934 INFO [SpringApplicationShutdownHook] c.z.h.HikariDataSource [HikariDataSource.java:352] HikariPool-1 - Shutdown completed.
2024-07-27 10:33:00,010 INFO [main] c.g.b.BlogApiApplication [StartupInfoLogger.java:55] Starting BlogApiApplication using Java 1.8.0_372 on Sakura with PID 5980 (G:\A.项目组项目\项目组博客\Blog\Blog-api\target\classes started by 吴晓 in G:\A.项目组项目\项目组博客\Blog\Blog-api)
2024-07-27 10:33:00,012 INFO [main] c.g.b.BlogApiApplication [SpringApplication.java:651] The following 1 profile is active: "dev"
2024-07-27 10:33:00,500 INFO [main] o.s.d.r.c.RepositoryConfigurationDelegate [RepositoryConfigurationDelegate.java:262] Multiple Spring Data modules found, entering strict repository configuration mode
2024-07-27 10:33:00,502 INFO [main] o.s.d.r.c.RepositoryConfigurationDelegate [RepositoryConfigurationDelegate.java:132] Bootstrapping Spring Data Redis repositories in DEFAULT mode.
2024-07-27 10:33:00,520 INFO [main] o.s.d.r.c.RepositoryConfigurationDelegate [RepositoryConfigurationDelegate.java:201] Finished Spring Data repository scanning in 8 ms. Found 0 Redis repository interfaces.
2024-07-27 10:33:00,900 INFO [main] o.s.b.w.e.t.TomcatWebServer [TomcatWebServer.java:108] Tomcat initialized with port(s): 8080 (http)
2024-07-27 10:33:00,907 INFO [main] o.a.c.h.Http11NioProtocol [DirectJDKLog.java:173] Initializing ProtocolHandler ["http-nio-8080"]
2024-07-27 10:33:00,908 INFO [main] o.a.c.c.StandardService [DirectJDKLog.java:173] Starting service [Tomcat]
2024-07-27 10:33:00,908 INFO [main] o.a.c.c.StandardEngine [DirectJDKLog.java:173] Starting Servlet engine: [Apache Tomcat/9.0.68]
2024-07-27 10:33:00,998 INFO [main] o.a.c.c.C.[.[.[/] [DirectJDKLog.java:173] Initializing Spring embedded WebApplicationContext
2024-07-27 10:33:00,998 INFO [main] o.s.b.w.s.c.ServletWebServerApplicationContext [ServletWebServerApplicationContext.java:290] Root WebApplicationContext: initialization completed in 953 ms
2024-07-27 10:33:02,598 INFO [main] o.s.s.w.DefaultSecurityFilterChain [DefaultSecurityFilterChain.java:55] Will secure any request with [org.springframework.security.web.context.request.async.WebAsyncManagerIntegrationFilter@3290b1a6, org.springframework.security.web.context.SecurityContextPersistenceFilter@33188612, org.springframework.security.web.header.HeaderWriterFilter@64f9f455, org.springframework.web.filter.CorsFilter@6fcd31c3, org.springframework.security.web.authentication.logout.LogoutFilter@7161457, com.group.blogapi.filter.JwtAuthenticationTokenFilter@3cec79d3, org.springframework.security.web.savedrequest.RequestCacheAwareFilter@6ccac6f4, org.springframework.security.web.servletapi.SecurityContextHolderAwareRequestFilter@58aa10f4, org.springframework.security.web.authentication.AnonymousAuthenticationFilter@67bf0480, org.springframework.security.web.session.SessionManagementFilter@3b42121d, org.springframework.security.web.access.ExceptionTranslationFilter@53d9826f, org.springframework.security.web.access.intercept.FilterSecurityInterceptor@10e5bf9c]
2024-07-27 10:33:02,626 INFO [main] o.a.c.h.Http11NioProtocol [DirectJDKLog.java:173] Starting ProtocolHandler ["http-nio-8080"]
2024-07-27 10:33:02,641 INFO [main] o.s.b.w.e.t.TomcatWebServer [TomcatWebServer.java:220] Tomcat started on port(s): 8080 (http) with context path ''
2024-07-27 10:33:02,650 INFO [main] c.g.b.BlogApiApplication [StartupInfoLogger.java:61] Started BlogApiApplication in 3.03 seconds (JVM running for 4.114)
2024-07-27 10:33:24,660 INFO [http-nio-8080-exec-1] o.a.c.c.C.[.[.[/] [DirectJDKLog.java:173] Initializing Spring DispatcherServlet 'dispatcherServlet'
2024-07-27 10:33:24,660 INFO [http-nio-8080-exec-1] o.s.w.s.DispatcherServlet [FrameworkServlet.java:525] Initializing Servlet 'dispatcherServlet'
2024-07-27 10:33:24,661 INFO [http-nio-8080-exec-1] o.s.w.s.DispatcherServlet [FrameworkServlet.java:547] Completed initialization in 1 ms
2024-07-27 10:33:33,382 INFO [http-nio-8080-exec-1] c.z.h.HikariDataSource [HikariDataSource.java:110] HikariPool-1 - Starting...
2024-07-27 10:33:36,442 INFO [http-nio-8080-exec-1] c.z.h.HikariDataSource [HikariDataSource.java:123] HikariPool-1 - Start completed.
2024-07-27 10:34:17,884 INFO [SpringApplicationShutdownHook] c.z.h.HikariDataSource [HikariDataSource.java:350] HikariPool-1 - Shutdown initiated...
2024-07-27 10:34:17,889 INFO [SpringApplicationShutdownHook] c.z.h.HikariDataSource [HikariDataSource.java:352] HikariPool-1 - Shutdown completed.
2024-07-27 10:34:59,782 INFO [main] c.g.b.BlogApiApplication [StartupInfoLogger.java:55] Starting BlogApiApplication using Java 1.8.0_372 on Sakura with PID 13476 (G:\A.项目组项目\项目组博客\Blog\Blog-api\target\classes started by 吴晓 in G:\A.项目组项目\项目组博客\Blog\Blog-api)
2024-07-27 10:34:59,784 INFO [main] c.g.b.BlogApiApplication [SpringApplication.java:651] The following 1 profile is active: "dev"
2024-07-27 10:35:00,180 INFO [main] o.s.d.r.c.RepositoryConfigurationDelegate [RepositoryConfigurationDelegate.java:262] Multiple Spring Data modules found, entering strict repository configuration mode
2024-07-27 10:35:00,181 INFO [main] o.s.d.r.c.RepositoryConfigurationDelegate [RepositoryConfigurationDelegate.java:132] Bootstrapping Spring Data Redis repositories in DEFAULT mode.
2024-07-27 10:35:00,196 INFO [main] o.s.d.r.c.RepositoryConfigurationDelegate [RepositoryConfigurationDelegate.java:201] Finished Spring Data repository scanning in 6 ms. Found 0 Redis repository interfaces.
2024-07-27 10:35:00,502 INFO [main] o.s.b.w.e.t.TomcatWebServer [TomcatWebServer.java:108] Tomcat initialized with port(s): 8080 (http)
2024-07-27 10:35:00,508 INFO [main] o.a.c.h.Http11NioProtocol [DirectJDKLog.java:173] Initializing ProtocolHandler ["http-nio-8080"]
2024-07-27 10:35:00,508 INFO [main] o.a.c.c.StandardService [DirectJDKLog.java:173] Starting service [Tomcat]
2024-07-27 10:35:00,509 INFO [main] o.a.c.c.StandardEngine [DirectJDKLog.java:173] Starting Servlet engine: [Apache Tomcat/9.0.68]
2024-07-27 10:35:00,580 INFO [main] o.a.c.c.C.[.[.[/] [DirectJDKLog.java:173] Initializing Spring embedded WebApplicationContext
2024-07-27 10:35:00,581 INFO [main] o.s.b.w.s.c.ServletWebServerApplicationContext [ServletWebServerApplicationContext.java:290] Root WebApplicationContext: initialization completed in 770 ms
2024-07-27 10:35:02,085 INFO [main] o.s.s.w.DefaultSecurityFilterChain [DefaultSecurityFilterChain.java:55] Will secure any request with [org.springframework.security.web.context.request.async.WebAsyncManagerIntegrationFilter@21c747a, org.springframework.security.web.context.SecurityContextPersistenceFilter@76bf1bb8, org.springframework.security.web.header.HeaderWriterFilter@4087c7fc, org.springframework.web.filter.CorsFilter@77d4ac52, org.springframework.security.web.authentication.logout.LogoutFilter@50ab56e2, com.group.blogapi.filter.JwtAuthenticationTokenFilter@25c53f74, org.springframework.security.web.savedrequest.RequestCacheAwareFilter@76536c53, org.springframework.security.web.servletapi.SecurityContextHolderAwareRequestFilter@5b5b59, org.springframework.security.web.authentication.AnonymousAuthenticationFilter@29f38091, org.springframework.security.web.session.SessionManagementFilter@399ca607, org.springframework.security.web.access.ExceptionTranslationFilter@3d9f5016, org.springframework.security.web.access.intercept.FilterSecurityInterceptor@5426cb36]
2024-07-27 10:35:02,108 INFO [main] o.a.c.h.Http11NioProtocol [DirectJDKLog.java:173] Starting ProtocolHandler ["http-nio-8080"]
2024-07-27 10:35:02,119 INFO [main] o.s.b.w.e.t.TomcatWebServer [TomcatWebServer.java:220] Tomcat started on port(s): 8080 (http) with context path ''
2024-07-27 10:35:02,125 INFO [main] c.g.b.BlogApiApplication [StartupInfoLogger.java:61] Started BlogApiApplication in 2.663 seconds (JVM running for 3.63)
2024-07-27 10:35:51,755 INFO [http-nio-8080-exec-1] o.a.c.c.C.[.[.[/] [DirectJDKLog.java:173] Initializing Spring DispatcherServlet 'dispatcherServlet'
2024-07-27 10:35:51,755 INFO [http-nio-8080-exec-1] o.s.w.s.DispatcherServlet [FrameworkServlet.java:525] Initializing Servlet 'dispatcherServlet'
2024-07-27 10:35:51,756 INFO [http-nio-8080-exec-1] o.s.w.s.DispatcherServlet [FrameworkServlet.java:547] Completed initialization in 1 ms
2024-07-27 10:35:51,866 INFO [http-nio-8080-exec-1] c.z.h.HikariDataSource [HikariDataSource.java:110] HikariPool-1 - Starting...
2024-07-27 10:35:51,961 INFO [http-nio-8080-exec-1] c.z.h.HikariDataSource [HikariDataSource.java:123] HikariPool-1 - Start completed.
2024-07-27 10:40:02,464 INFO [main] c.g.b.BlogApiApplication [StartupInfoLogger.java:55] Starting BlogApiApplication using Java 1.8.0_372 on Sakura with PID 6092 (G:\A.项目组项目\项目组博客\Blog\Blog-api\target\classes started by 吴晓 in G:\A.项目组项目\项目组博客\Blog\Blog-api)
2024-07-27 10:40:02,466 INFO [main] c.g.b.BlogApiApplication [SpringApplication.java:651] The following 1 profile is active: "dev"
2024-07-27 10:40:02,887 INFO [main] o.s.d.r.c.RepositoryConfigurationDelegate [RepositoryConfigurationDelegate.java:262] Multiple Spring Data modules found, entering strict repository configuration mode
2024-07-27 10:40:02,889 INFO [main] o.s.d.r.c.RepositoryConfigurationDelegate [RepositoryConfigurationDelegate.java:132] Bootstrapping Spring Data Redis repositories in DEFAULT mode.
2024-07-27 10:40:02,904 INFO [main] o.s.d.r.c.RepositoryConfigurationDelegate [RepositoryConfigurationDelegate.java:201] Finished Spring Data repository scanning in 7 ms. Found 0 Redis repository interfaces.
2024-07-27 10:40:03,211 INFO [main] o.s.b.w.e.t.TomcatWebServer [TomcatWebServer.java:108] Tomcat initialized with port(s): 8080 (http)
2024-07-27 10:40:03,216 INFO [main] o.a.c.h.Http11NioProtocol [DirectJDKLog.java:173] Initializing ProtocolHandler ["http-nio-8080"]
2024-07-27 10:40:03,216 INFO [main] o.a.c.c.StandardService [DirectJDKLog.java:173] Starting service [Tomcat]
2024-07-27 10:40:03,217 INFO [main] o.a.c.c.StandardEngine [DirectJDKLog.java:173] Starting Servlet engine: [Apache Tomcat/9.0.68]
2024-07-27 10:40:03,290 INFO [main] o.a.c.c.C.[.[.[/] [DirectJDKLog.java:173] Initializing Spring embedded WebApplicationContext
2024-07-27 10:40:03,290 INFO [main] o.s.b.w.s.c.ServletWebServerApplicationContext [ServletWebServerApplicationContext.java:290] Root WebApplicationContext: initialization completed in 799 ms
2024-07-27 10:40:04,816 INFO [main] o.s.s.w.DefaultSecurityFilterChain [DefaultSecurityFilterChain.java:55] Will secure any request with [org.springframework.security.web.context.request.async.WebAsyncManagerIntegrationFilter@49fb0bbd, org.springframework.security.web.context.SecurityContextPersistenceFilter@63f855b, org.springframework.security.web.header.HeaderWriterFilter@72b6832e, org.springframework.web.filter.CorsFilter@5489b1f7, org.springframework.security.web.authentication.logout.LogoutFilter@1e84f3c8, com.group.blogapi.filter.JwtAuthenticationTokenFilter@7a7d1b47, org.springframework.security.web.savedrequest.RequestCacheAwareFilter@4cffcc61, org.springframework.security.web.servletapi.SecurityContextHolderAwareRequestFilter@76536c53, org.springframework.security.web.authentication.AnonymousAuthenticationFilter@4faf104, org.springframework.security.web.session.SessionManagementFilter@4c5a2baf, org.springframework.security.web.access.ExceptionTranslationFilter@78d9f51b, org.springframework.security.web.access.intercept.FilterSecurityInterceptor@7a6ea47d]
2024-07-27 10:40:04,840 INFO [main] o.a.c.h.Http11NioProtocol [DirectJDKLog.java:173] Starting ProtocolHandler ["http-nio-8080"]
2024-07-27 10:40:04,851 INFO [main] o.s.b.w.e.t.TomcatWebServer [TomcatWebServer.java:220] Tomcat started on port(s): 8080 (http) with context path ''
2024-07-27 10:40:04,858 INFO [main] c.g.b.BlogApiApplication [StartupInfoLogger.java:61] Started BlogApiApplication in 2.719 seconds (JVM running for 3.64)
2024-07-27 10:42:56,279 INFO [main] c.g.b.BlogApiApplication [StartupInfoLogger.java:55] Starting BlogApiApplication using Java 1.8.0_372 on Sakura with PID 8312 (G:\A.项目组项目\项目组博客\Blog\Blog-api\target\classes started by 吴晓 in G:\A.项目组项目\项目组博客\Blog\Blog-api)
2024-07-27 10:42:56,281 INFO [main] c.g.b.BlogApiApplication [SpringApplication.java:651] The following 1 profile is active: "dev"
2024-07-27 10:42:56,670 INFO [main] o.s.d.r.c.RepositoryConfigurationDelegate [RepositoryConfigurationDelegate.java:262] Multiple Spring Data modules found, entering strict repository configuration mode
2024-07-27 10:42:56,671 INFO [main] o.s.d.r.c.RepositoryConfigurationDelegate [RepositoryConfigurationDelegate.java:132] Bootstrapping Spring Data Redis repositories in DEFAULT mode.
2024-07-27 10:42:56,686 INFO [main] o.s.d.r.c.RepositoryConfigurationDelegate [RepositoryConfigurationDelegate.java:201] Finished Spring Data repository scanning in 7 ms. Found 0 Redis repository interfaces.
2024-07-27 10:42:56,989 INFO [main] o.s.b.w.e.t.TomcatWebServer [TomcatWebServer.java:108] Tomcat initialized with port(s): 8080 (http)
2024-07-27 10:42:56,994 INFO [main] o.a.c.h.Http11NioProtocol [DirectJDKLog.java:173] Initializing ProtocolHandler ["http-nio-8080"]
2024-07-27 10:42:56,994 INFO [main] o.a.c.c.StandardService [DirectJDKLog.java:173] Starting service [Tomcat]
2024-07-27 10:42:56,995 INFO [main] o.a.c.c.StandardEngine [DirectJDKLog.java:173] Starting Servlet engine: [Apache Tomcat/9.0.68]
2024-07-27 10:42:57,067 INFO [main] o.a.c.c.C.[.[.[/] [DirectJDKLog.java:173] Initializing Spring embedded WebApplicationContext
2024-07-27 10:42:57,068 INFO [main] o.s.b.w.s.c.ServletWebServerApplicationContext [ServletWebServerApplicationContext.java:290] Root WebApplicationContext: initialization completed in 762 ms
2024-07-27 10:42:58,558 INFO [main] o.s.s.w.DefaultSecurityFilterChain [DefaultSecurityFilterChain.java:55] Will secure any request with [org.springframework.security.web.context.request.async.WebAsyncManagerIntegrationFilter@21c747a, org.springframework.security.web.context.SecurityContextPersistenceFilter@76bf1bb8, org.springframework.security.web.header.HeaderWriterFilter@4087c7fc, org.springframework.web.filter.CorsFilter@77d4ac52, org.springframework.security.web.authentication.logout.LogoutFilter@50ab56e2, com.group.blogapi.filter.JwtAuthenticationTokenFilter@25c53f74, org.springframework.security.web.savedrequest.RequestCacheAwareFilter@76536c53, org.springframework.security.web.servletapi.SecurityContextHolderAwareRequestFilter@5b5b59, org.springframework.security.web.authentication.AnonymousAuthenticationFilter@29f38091, org.springframework.security.web.session.SessionManagementFilter@399ca607, org.springframework.security.web.access.ExceptionTranslationFilter@3d9f5016, org.springframework.security.web.access.intercept.FilterSecurityInterceptor@5426cb36]
2024-07-27 10:42:58,589 INFO [main] o.a.c.h.Http11NioProtocol [DirectJDKLog.java:173] Starting ProtocolHandler ["http-nio-8080"]
2024-07-27 10:42:58,601 INFO [main] o.s.b.w.e.t.TomcatWebServer [TomcatWebServer.java:220] Tomcat started on port(s): 8080 (http) with context path ''
2024-07-27 10:42:58,607 INFO [main] c.g.b.BlogApiApplication [StartupInfoLogger.java:61] Started BlogApiApplication in 2.649 seconds (JVM running for 3.564)
2024-07-27 10:43:13,231 INFO [http-nio-8080-exec-1] o.a.c.c.C.[.[.[/] [DirectJDKLog.java:173] Initializing Spring DispatcherServlet 'dispatcherServlet'
2024-07-27 10:43:13,232 INFO [http-nio-8080-exec-1] o.s.w.s.DispatcherServlet [FrameworkServlet.java:525] Initializing Servlet 'dispatcherServlet'
2024-07-27 10:43:13,232 INFO [http-nio-8080-exec-1] o.s.w.s.DispatcherServlet [FrameworkServlet.java:547] Completed initialization in 0 ms
2024-07-27 10:43:13,347 INFO [http-nio-8080-exec-1] c.z.h.HikariDataSource [HikariDataSource.java:110] HikariPool-1 - Starting...
2024-07-27 10:43:13,433 INFO [http-nio-8080-exec-1] c.z.h.HikariDataSource [HikariDataSource.java:123] HikariPool-1 - Start completed.
2024-07-27 10:49:18,019 INFO [main] c.g.b.BlogApiApplication [StartupInfoLogger.java:55] Starting BlogApiApplication using Java 1.8.0_372 on Sakura with PID 13292 (G:\A.项目组项目\项目组博客\Blog\Blog-api\target\classes started by 吴晓 in G:\A.项目组项目\项目组博客\Blog\Blog-api)
2024-07-27 10:49:18,021 INFO [main] c.g.b.BlogApiApplication [SpringApplication.java:651] The following 1 profile is active: "dev"
2024-07-27 10:49:18,469 INFO [main] o.s.d.r.c.RepositoryConfigurationDelegate [RepositoryConfigurationDelegate.java:262] Multiple Spring Data modules found, entering strict repository configuration mode
2024-07-27 10:49:18,470 INFO [main] o.s.d.r.c.RepositoryConfigurationDelegate [RepositoryConfigurationDelegate.java:132] Bootstrapping Spring Data Redis repositories in DEFAULT mode.
2024-07-27 10:49:18,486 INFO [main] o.s.d.r.c.RepositoryConfigurationDelegate [RepositoryConfigurationDelegate.java:201] Finished Spring Data repository scanning in 7 ms. Found 0 Redis repository interfaces.
2024-07-27 10:49:18,829 INFO [main] o.s.b.w.e.t.TomcatWebServer [TomcatWebServer.java:108] Tomcat initialized with port(s): 8080 (http)
2024-07-27 10:49:18,835 INFO [main] o.a.c.h.Http11NioProtocol [DirectJDKLog.java:173] Initializing ProtocolHandler ["http-nio-8080"]
2024-07-27 10:49:18,835 INFO [main] o.a.c.c.StandardService [DirectJDKLog.java:173] Starting service [Tomcat]
2024-07-27 10:49:18,835 INFO [main] o.a.c.c.StandardEngine [DirectJDKLog.java:173] Starting Servlet engine: [Apache Tomcat/9.0.68]
2024-07-27 10:49:18,914 INFO [main] o.a.c.c.C.[.[.[/] [DirectJDKLog.java:173] Initializing Spring embedded WebApplicationContext
2024-07-27 10:49:18,915 INFO [main] o.s.b.w.s.c.ServletWebServerApplicationContext [ServletWebServerApplicationContext.java:290] Root WebApplicationContext: initialization completed in 864 ms
2024-07-27 10:49:20,462 INFO [main] o.s.s.w.DefaultSecurityFilterChain [DefaultSecurityFilterChain.java:55] Will secure any request with [org.springframework.security.web.context.request.async.WebAsyncManagerIntegrationFilter@49fb0bbd, org.springframework.security.web.context.SecurityContextPersistenceFilter@63f855b, org.springframework.security.web.header.HeaderWriterFilter@72b6832e, org.springframework.web.filter.CorsFilter@5489b1f7, org.springframework.security.web.authentication.logout.LogoutFilter@1e84f3c8, com.group.blogapi.filter.JwtAuthenticationTokenFilter@7a7d1b47, org.springframework.security.web.savedrequest.RequestCacheAwareFilter@4cffcc61, org.springframework.security.web.servletapi.SecurityContextHolderAwareRequestFilter@76536c53, org.springframework.security.web.authentication.AnonymousAuthenticationFilter@4faf104, org.springframework.security.web.session.SessionManagementFilter@4c5a2baf, org.springframework.security.web.access.ExceptionTranslationFilter@78d9f51b, org.springframework.security.web.access.intercept.FilterSecurityInterceptor@7a6ea47d]
2024-07-27 10:49:20,489 INFO [main] o.a.c.h.Http11NioProtocol [DirectJDKLog.java:173] Starting ProtocolHandler ["http-nio-8080"]
2024-07-27 10:49:20,501 INFO [main] o.s.b.w.e.t.TomcatWebServer [TomcatWebServer.java:220] Tomcat started on port(s): 8080 (http) with context path ''
2024-07-27 10:49:20,508 INFO [main] c.g.b.BlogApiApplication [StartupInfoLogger.java:61] Started BlogApiApplication in 2.844 seconds (JVM running for 3.799)
2024-07-27 10:50:07,087 INFO [http-nio-8080-exec-1] o.a.c.c.C.[.[.[/] [DirectJDKLog.java:173] Initializing Spring DispatcherServlet 'dispatcherServlet'
2024-07-27 10:50:07,087 INFO [http-nio-8080-exec-1] o.s.w.s.DispatcherServlet [FrameworkServlet.java:525] Initializing Servlet 'dispatcherServlet'
2024-07-27 10:50:07,088 INFO [http-nio-8080-exec-1] o.s.w.s.DispatcherServlet [FrameworkServlet.java:547] Completed initialization in 1 ms
2024-07-27 10:50:07,206 INFO [http-nio-8080-exec-1] c.z.h.HikariDataSource [HikariDataSource.java:110] HikariPool-1 - Starting...
2024-07-27 10:50:07,297 INFO [http-nio-8080-exec-1] c.z.h.HikariDataSource [HikariDataSource.java:123] HikariPool-1 - Start completed.
2024-07-27 10:50:41,698 INFO [main] c.g.b.BlogApiApplication [StartupInfoLogger.java:55] Starting BlogApiApplication using Java 1.8.0_372 on Sakura with PID 16912 (G:\A.项目组项目\项目组博客\Blog\Blog-api\target\classes started by 吴晓 in G:\A.项目组项目\项目组博客\Blog\Blog-api)
2024-07-27 10:50:41,700 INFO [main] c.g.b.BlogApiApplication [SpringApplication.java:651] The following 1 profile is active: "dev"
2024-07-27 10:50:42,097 INFO [main] o.s.d.r.c.RepositoryConfigurationDelegate [RepositoryConfigurationDelegate.java:262] Multiple Spring Data modules found, entering strict repository configuration mode
2024-07-27 10:50:42,098 INFO [main] o.s.d.r.c.RepositoryConfigurationDelegate [RepositoryConfigurationDelegate.java:132] Bootstrapping Spring Data Redis repositories in DEFAULT mode.
2024-07-27 10:50:42,114 INFO [main] o.s.d.r.c.RepositoryConfigurationDelegate [RepositoryConfigurationDelegate.java:201] Finished Spring Data repository scanning in 7 ms. Found 0 Redis repository interfaces.
2024-07-27 10:50:42,440 INFO [main] o.s.b.w.e.t.TomcatWebServer [TomcatWebServer.java:108] Tomcat initialized with port(s): 8080 (http)
2024-07-27 10:50:42,445 INFO [main] o.a.c.h.Http11NioProtocol [DirectJDKLog.java:173] Initializing ProtocolHandler ["http-nio-8080"]
2024-07-27 10:50:42,446 INFO [main] o.a.c.c.StandardService [DirectJDKLog.java:173] Starting service [Tomcat]
2024-07-27 10:50:42,446 INFO [main] o.a.c.c.StandardEngine [DirectJDKLog.java:173] Starting Servlet engine: [Apache Tomcat/9.0.68]
2024-07-27 10:50:42,524 INFO [main] o.a.c.c.C.[.[.[/] [DirectJDKLog.java:173] Initializing Spring embedded WebApplicationContext
2024-07-27 10:50:42,524 INFO [main] o.s.b.w.s.c.ServletWebServerApplicationContext [ServletWebServerApplicationContext.java:290] Root WebApplicationContext: initialization completed in 799 ms
2024-07-27 10:50:44,047 INFO [main] o.s.s.w.DefaultSecurityFilterChain [DefaultSecurityFilterChain.java:55] Will secure any request with [org.springframework.security.web.context.request.async.WebAsyncManagerIntegrationFilter@49fb0bbd, org.springframework.security.web.context.SecurityContextPersistenceFilter@63f855b, org.springframework.security.web.header.HeaderWriterFilter@72b6832e, org.springframework.web.filter.CorsFilter@5489b1f7, org.springframework.security.web.authentication.logout.LogoutFilter@1e84f3c8, com.group.blogapi.filter.JwtAuthenticationTokenFilter@7a7d1b47, org.springframework.security.web.savedrequest.RequestCacheAwareFilter@4cffcc61, org.springframework.security.web.servletapi.SecurityContextHolderAwareRequestFilter@76536c53, org.springframework.security.web.authentication.AnonymousAuthenticationFilter@4faf104, org.springframework.security.web.session.SessionManagementFilter@4c5a2baf, org.springframework.security.web.access.ExceptionTranslationFilter@78d9f51b, org.springframework.security.web.access.intercept.FilterSecurityInterceptor@7a6ea47d]
2024-07-27 10:50:44,078 INFO [main] o.a.c.h.Http11NioProtocol [DirectJDKLog.java:173] Starting ProtocolHandler ["http-nio-8080"]
2024-07-27 10:50:44,089 INFO [main] o.s.b.w.e.t.TomcatWebServer [TomcatWebServer.java:220] Tomcat started on port(s): 8080 (http) with context path ''
2024-07-27 10:50:44,096 INFO [main] c.g.b.BlogApiApplication [StartupInfoLogger.java:61] Started BlogApiApplication in 2.727 seconds (JVM running for 3.712)
2024-07-27 17:22:17,106 INFO [main] c.g.b.BlogApiApplication [StartupInfoLogger.java:55] Starting BlogApiApplication using Java 1.8.0_372 on Sakura with PID 24948 (G:\A.项目组项目\项目组博客\Blog\Blog-api\target\classes started by 吴晓 in G:\A.项目组项目\项目组博客\Blog\Blog-api)
2024-07-27 17:22:17,110 INFO [main] c.g.b.BlogApiApplication [SpringApplication.java:651] The following 1 profile is active: "dev"
2024-07-27 17:22:17,680 INFO [main] o.s.d.r.c.RepositoryConfigurationDelegate [RepositoryConfigurationDelegate.java:262] Multiple Spring Data modules found, entering strict repository configuration mode
2024-07-27 17:22:17,682 INFO [main] o.s.d.r.c.RepositoryConfigurationDelegate [RepositoryConfigurationDelegate.java:132] Bootstrapping Spring Data Redis repositories in DEFAULT mode.
2024-07-27 17:22:17,706 INFO [main] o.s.d.r.c.RepositoryConfigurationDelegate [RepositoryConfigurationDelegate.java:201] Finished Spring Data repository scanning in 9 ms. Found 0 Redis repository interfaces.
2024-07-27 17:22:18,087 INFO [main] o.s.b.w.e.t.TomcatWebServer [TomcatWebServer.java:108] Tomcat initialized with port(s): 8080 (http)
2024-07-27 17:22:18,095 INFO [main] o.a.c.h.Http11NioProtocol [DirectJDKLog.java:173] Initializing ProtocolHandler ["http-nio-8080"]
2024-07-27 17:22:18,095 INFO [main] o.a.c.c.StandardService [DirectJDKLog.java:173] Starting service [Tomcat]
2024-07-27 17:22:18,096 INFO [main] o.a.c.c.StandardEngine [DirectJDKLog.java:173] Starting Servlet engine: [Apache Tomcat/9.0.68]
2024-07-27 17:22:18,190 INFO [main] o.a.c.c.C.[.[.[/] [DirectJDKLog.java:173] Initializing Spring embedded WebApplicationContext
2024-07-27 17:22:18,190 INFO [main] o.s.b.w.s.c.ServletWebServerApplicationContext [ServletWebServerApplicationContext.java:290] Root WebApplicationContext: initialization completed in 1051 ms
2024-07-27 17:22:19,960 INFO [main] o.s.s.w.DefaultSecurityFilterChain [DefaultSecurityFilterChain.java:55] Will secure any request with [org.springframework.security.web.context.request.async.WebAsyncManagerIntegrationFilter@49fb0bbd, org.springframework.security.web.context.SecurityContextPersistenceFilter@63f855b, org.springframework.security.web.header.HeaderWriterFilter@72b6832e, org.springframework.web.filter.CorsFilter@5489b1f7, org.springframework.security.web.authentication.logout.LogoutFilter@1e84f3c8, com.group.blogapi.filter.JwtAuthenticationTokenFilter@7a7d1b47, org.springframework.security.web.savedrequest.RequestCacheAwareFilter@4cffcc61, org.springframework.security.web.servletapi.SecurityContextHolderAwareRequestFilter@76536c53, org.springframework.security.web.authentication.AnonymousAuthenticationFilter@4faf104, org.springframework.security.web.session.SessionManagementFilter@4c5a2baf, org.springframework.security.web.access.ExceptionTranslationFilter@78d9f51b, org.springframework.security.web.access.intercept.FilterSecurityInterceptor@7a6ea47d]
2024-07-27 17:22:19,990 INFO [main] o.a.c.h.Http11NioProtocol [DirectJDKLog.java:173] Starting ProtocolHandler ["http-nio-8080"]
2024-07-27 17:22:20,004 INFO [main] o.s.b.w.e.t.TomcatWebServer [TomcatWebServer.java:220] Tomcat started on port(s): 8080 (http) with context path ''
2024-07-27 17:22:20,012 INFO [main] c.g.b.BlogApiApplication [StartupInfoLogger.java:61] Started BlogApiApplication in 3.348 seconds (JVM running for 4.389)
2024-07-27 17:22:28,788 INFO [http-nio-8080-exec-2] o.a.c.c.C.[.[.[/] [DirectJDKLog.java:173] Initializing Spring DispatcherServlet 'dispatcherServlet'
2024-07-27 17:22:28,788 INFO [http-nio-8080-exec-2] o.s.w.s.DispatcherServlet [FrameworkServlet.java:525] Initializing Servlet 'dispatcherServlet'
2024-07-27 17:22:28,789 INFO [http-nio-8080-exec-2] o.s.w.s.DispatcherServlet [FrameworkServlet.java:547] Completed initialization in 1 ms
2024-07-27 17:23:19,867 INFO [main] c.g.b.BlogApiApplication [StartupInfoLogger.java:55] Starting BlogApiApplication using Java 1.8.0_372 on Sakura with PID 23628 (G:\A.项目组项目\项目组博客\Blog\Blog-api\target\classes started by 吴晓 in G:\A.项目组项目\项目组博客\Blog\Blog-api)
2024-07-27 17:23:19,869 INFO [main] c.g.b.BlogApiApplication [SpringApplication.java:651] The following 1 profile is active: "dev"
2024-07-27 17:23:20,313 INFO [main] o.s.d.r.c.RepositoryConfigurationDelegate [RepositoryConfigurationDelegate.java:262] Multiple Spring Data modules found, entering strict repository configuration mode
2024-07-27 17:23:20,314 INFO [main] o.s.d.r.c.RepositoryConfigurationDelegate [RepositoryConfigurationDelegate.java:132] Bootstrapping Spring Data Redis repositories in DEFAULT mode.
2024-07-27 17:23:20,331 INFO [main] o.s.d.r.c.RepositoryConfigurationDelegate [RepositoryConfigurationDelegate.java:201] Finished Spring Data repository scanning in 7 ms. Found 0 Redis repository interfaces.
2024-07-27 17:23:20,652 INFO [main] o.s.b.w.e.t.TomcatWebServer [TomcatWebServer.java:108] Tomcat initialized with port(s): 8080 (http)
2024-07-27 17:23:20,657 INFO [main] o.a.c.h.Http11NioProtocol [DirectJDKLog.java:173] Initializing ProtocolHandler ["http-nio-8080"]
2024-07-27 17:23:20,658 INFO [main] o.a.c.c.StandardService [DirectJDKLog.java:173] Starting service [Tomcat]
2024-07-27 17:23:20,658 INFO [main] o.a.c.c.StandardEngine [DirectJDKLog.java:173] Starting Servlet engine: [Apache Tomcat/9.0.68]
2024-07-27 17:23:20,732 INFO [main] o.a.c.c.C.[.[.[/] [DirectJDKLog.java:173] Initializing Spring embedded WebApplicationContext
2024-07-27 17:23:20,733 INFO [main] o.s.b.w.s.c.ServletWebServerApplicationContext [ServletWebServerApplicationContext.java:290] Root WebApplicationContext: initialization completed in 835 ms
2024-07-27 17:23:22,248 INFO [main] o.s.s.w.DefaultSecurityFilterChain [DefaultSecurityFilterChain.java:55] Will secure any request with [org.springframework.security.web.context.request.async.WebAsyncManagerIntegrationFilter@49fb0bbd, org.springframework.security.web.context.SecurityContextPersistenceFilter@63f855b, org.springframework.security.web.header.HeaderWriterFilter@72b6832e, org.springframework.web.filter.CorsFilter@5489b1f7, org.springframework.security.web.authentication.logout.LogoutFilter@1e84f3c8, com.group.blogapi.filter.JwtAuthenticationTokenFilter@7a7d1b47, org.springframework.security.web.savedrequest.RequestCacheAwareFilter@4cffcc61, org.springframework.security.web.servletapi.SecurityContextHolderAwareRequestFilter@76536c53, org.springframework.security.web.authentication.AnonymousAuthenticationFilter@4faf104, org.springframework.security.web.session.SessionManagementFilter@4c5a2baf, org.springframework.security.web.access.ExceptionTranslationFilter@78d9f51b, org.springframework.security.web.access.intercept.FilterSecurityInterceptor@7a6ea47d]
2024-07-27 17:23:22,271 INFO [main] o.a.c.h.Http11NioProtocol [DirectJDKLog.java:173] Starting ProtocolHandler ["http-nio-8080"]
2024-07-27 17:23:22,283 INFO [main] o.s.b.w.e.t.TomcatWebServer [TomcatWebServer.java:220] Tomcat started on port(s): 8080 (http) with context path ''
2024-07-27 17:23:22,289 INFO [main] c.g.b.BlogApiApplication [StartupInfoLogger.java:61] Started BlogApiApplication in 2.767 seconds (JVM running for 3.887)
2024-07-27 17:23:53,092 INFO [http-nio-8080-exec-1] o.a.c.c.C.[.[.[/] [DirectJDKLog.java:173] Initializing Spring DispatcherServlet 'dispatcherServlet'
2024-07-27 17:23:53,092 INFO [http-nio-8080-exec-1] o.s.w.s.DispatcherServlet [FrameworkServlet.java:525] Initializing Servlet 'dispatcherServlet'
2024-07-27 17:23:53,093 INFO [http-nio-8080-exec-1] o.s.w.s.DispatcherServlet [FrameworkServlet.java:547] Completed initialization in 1 ms
2024-07-27 17:25:10,826 INFO [http-nio-8080-exec-5] c.z.h.HikariDataSource [HikariDataSource.java:110] HikariPool-1 - Starting...
2024-07-27 17:25:53,636 INFO [main] c.g.b.BlogApiApplication [StartupInfoLogger.java:55] Starting BlogApiApplication using Java 1.8.0_372 on Sakura with PID 25464 (G:\A.项目组项目\项目组博客\Blog\Blog-api\target\classes started by 吴晓 in G:\A.项目组项目\项目组博客\Blog\Blog-api)
2024-07-27 17:25:53,638 INFO [main] c.g.b.BlogApiApplication [SpringApplication.java:651] The following 1 profile is active: "dev"
2024-07-27 17:25:54,081 INFO [main] o.s.d.r.c.RepositoryConfigurationDelegate [RepositoryConfigurationDelegate.java:262] Multiple Spring Data modules found, entering strict repository configuration mode
2024-07-27 17:25:54,083 INFO [main] o.s.d.r.c.RepositoryConfigurationDelegate [RepositoryConfigurationDelegate.java:132] Bootstrapping Spring Data Redis repositories in DEFAULT mode.
2024-07-27 17:25:54,100 INFO [main] o.s.d.r.c.RepositoryConfigurationDelegate [RepositoryConfigurationDelegate.java:201] Finished Spring Data repository scanning in 7 ms. Found 0 Redis repository interfaces.
2024-07-27 17:25:54,419 INFO [main] o.s.b.w.e.t.TomcatWebServer [TomcatWebServer.java:108] Tomcat initialized with port(s): 8080 (http)
2024-07-27 17:25:54,425 INFO [main] o.a.c.h.Http11NioProtocol [DirectJDKLog.java:173] Initializing ProtocolHandler ["http-nio-8080"]
2024-07-27 17:25:54,425 INFO [main] o.a.c.c.StandardService [DirectJDKLog.java:173] Starting service [Tomcat]
2024-07-27 17:25:54,426 INFO [main] o.a.c.c.StandardEngine [DirectJDKLog.java:173] Starting Servlet engine: [Apache Tomcat/9.0.68]
2024-07-27 17:25:54,499 INFO [main] o.a.c.c.C.[.[.[/] [DirectJDKLog.java:173] Initializing Spring embedded WebApplicationContext
2024-07-27 17:25:54,500 INFO [main] o.s.b.w.s.c.ServletWebServerApplicationContext [ServletWebServerApplicationContext.java:290] Root WebApplicationContext: initialization completed in 835 ms
2024-07-27 17:25:56,013 INFO [main] o.s.s.w.DefaultSecurityFilterChain [DefaultSecurityFilterChain.java:55] Will secure any request with [org.springframework.security.web.context.request.async.WebAsyncManagerIntegrationFilter@49fb0bbd, org.springframework.security.web.context.SecurityContextPersistenceFilter@63f855b, org.springframework.security.web.header.HeaderWriterFilter@72b6832e, org.springframework.web.filter.CorsFilter@5489b1f7, org.springframework.security.web.authentication.logout.LogoutFilter@1e84f3c8, com.group.blogapi.filter.JwtAuthenticationTokenFilter@7a7d1b47, org.springframework.security.web.savedrequest.RequestCacheAwareFilter@4cffcc61, org.springframework.security.web.servletapi.SecurityContextHolderAwareRequestFilter@76536c53, org.springframework.security.web.authentication.AnonymousAuthenticationFilter@4faf104, org.springframework.security.web.session.SessionManagementFilter@4c5a2baf, org.springframework.security.web.access.ExceptionTranslationFilter@78d9f51b, org.springframework.security.web.access.intercept.FilterSecurityInterceptor@7a6ea47d]
2024-07-27 17:25:56,044 INFO [main] o.a.c.h.Http11NioProtocol [DirectJDKLog.java:173] Starting ProtocolHandler ["http-nio-8080"]
2024-07-27 17:25:56,057 INFO [main] o.s.b.w.e.t.TomcatWebServer [TomcatWebServer.java:220] Tomcat started on port(s): 8080 (http) with context path ''
2024-07-27 17:25:56,063 INFO [main] c.g.b.BlogApiApplication [StartupInfoLogger.java:61] Started BlogApiApplication in 2.764 seconds (JVM running for 3.849)
2024-07-27 17:25:56,407 INFO [http-nio-8080-exec-2] o.a.c.c.C.[.[.[/] [DirectJDKLog.java:173] Initializing Spring DispatcherServlet 'dispatcherServlet'
2024-07-27 17:25:56,408 INFO [http-nio-8080-exec-2] o.s.w.s.DispatcherServlet [FrameworkServlet.java:525] Initializing Servlet 'dispatcherServlet'
2024-07-27 17:25:56,408 INFO [http-nio-8080-exec-2] o.s.w.s.DispatcherServlet [FrameworkServlet.java:547] Completed initialization in 0 ms
2024-07-27 17:25:56,522 INFO [http-nio-8080-exec-2] c.z.h.HikariDataSource [HikariDataSource.java:110] HikariPool-1 - Starting...
2024-07-27 17:25:56,629 INFO [http-nio-8080-exec-2] c.z.h.HikariDataSource [HikariDataSource.java:123] HikariPool-1 - Start completed.
2024-07-27 17:26:33,922 INFO [main] c.g.b.BlogApiApplication [StartupInfoLogger.java:55] Starting BlogApiApplication using Java 1.8.0_372 on Sakura with PID 24236 (G:\A.项目组项目\项目组博客\Blog\Blog-api\target\classes started by 吴晓 in G:\A.项目组项目\项目组博客\Blog\Blog-api)
2024-07-27 17:26:33,924 INFO [main] c.g.b.BlogApiApplication [SpringApplication.java:651] The following 1 profile is active: "dev"
2024-07-27 17:26:34,323 INFO [main] o.s.d.r.c.RepositoryConfigurationDelegate [RepositoryConfigurationDelegate.java:262] Multiple Spring Data modules found, entering strict repository configuration mode
2024-07-27 17:26:34,324 INFO [main] o.s.d.r.c.RepositoryConfigurationDelegate [RepositoryConfigurationDelegate.java:132] Bootstrapping Spring Data Redis repositories in DEFAULT mode.
2024-07-27 17:26:34,339 INFO [main] o.s.d.r.c.RepositoryConfigurationDelegate [RepositoryConfigurationDelegate.java:201] Finished Spring Data repository scanning in 7 ms. Found 0 Redis repository interfaces.
2024-07-27 17:26:34,658 INFO [main] o.s.b.w.e.t.TomcatWebServer [TomcatWebServer.java:108] Tomcat initialized with port(s): 8080 (http)
2024-07-27 17:26:34,663 INFO [main] o.a.c.h.Http11NioProtocol [DirectJDKLog.java:173] Initializing ProtocolHandler ["http-nio-8080"]
2024-07-27 17:26:34,663 INFO [main] o.a.c.c.StandardService [DirectJDKLog.java:173] Starting service [Tomcat]
2024-07-27 17:26:34,663 INFO [main] o.a.c.c.StandardEngine [DirectJDKLog.java:173] Starting Servlet engine: [Apache Tomcat/9.0.68]
2024-07-27 17:26:34,737 INFO [main] o.a.c.c.C.[.[.[/] [DirectJDKLog.java:173] Initializing Spring embedded WebApplicationContext
2024-07-27 17:26:34,737 INFO [main] o.s.b.w.s.c.ServletWebServerApplicationContext [ServletWebServerApplicationContext.java:290] Root WebApplicationContext: initialization completed in 786 ms
2024-07-27 17:26:36,273 INFO [main] o.s.s.w.DefaultSecurityFilterChain [DefaultSecurityFilterChain.java:55] Will secure any request with [org.springframework.security.web.context.request.async.WebAsyncManagerIntegrationFilter@9c93d16, org.springframework.security.web.context.SecurityContextPersistenceFilter@4087c7fc, org.springframework.security.web.header.HeaderWriterFilter@c889805, org.springframework.web.filter.CorsFilter@760487aa, org.springframework.security.web.authentication.logout.LogoutFilter@3e8799f, com.group.blogapi.filter.JwtAuthenticationTokenFilter@2125ad3, org.springframework.security.web.savedrequest.RequestCacheAwareFilter@4cfa83f9, org.springframework.security.web.servletapi.SecurityContextHolderAwareRequestFilter@4cffcc61, org.springframework.security.web.authentication.AnonymousAuthenticationFilter@1526f71, org.springframework.security.web.session.SessionManagementFilter@3878be7b, org.springframework.security.web.access.ExceptionTranslationFilter@71a3e05c, org.springframework.security.web.access.intercept.FilterSecurityInterceptor@40bb4f87]
2024-07-27 17:26:36,303 INFO [main] o.a.c.h.Http11NioProtocol [DirectJDKLog.java:173] Starting ProtocolHandler ["http-nio-8080"]
2024-07-27 17:26:36,315 INFO [main] o.s.b.w.e.t.TomcatWebServer [TomcatWebServer.java:220] Tomcat started on port(s): 8080 (http) with context path ''
2024-07-27 17:26:36,322 INFO [main] c.g.b.BlogApiApplication [StartupInfoLogger.java:61] Started BlogApiApplication in 2.723 seconds (JVM running for 3.868)
2024-07-27 17:26:40,084 INFO [http-nio-8080-exec-1] o.a.c.c.C.[.[.[/] [DirectJDKLog.java:173] Initializing Spring DispatcherServlet 'dispatcherServlet'
2024-07-27 17:26:40,084 INFO [http-nio-8080-exec-1] o.s.w.s.DispatcherServlet [FrameworkServlet.java:525] Initializing Servlet 'dispatcherServlet'
2024-07-27 17:26:40,085 INFO [http-nio-8080-exec-1] o.s.w.s.DispatcherServlet [FrameworkServlet.java:547] Completed initialization in 1 ms
2024-07-27 17:26:40,200 INFO [http-nio-8080-exec-1] c.z.h.HikariDataSource [HikariDataSource.java:110] HikariPool-1 - Starting...
2024-07-27 17:26:40,289 INFO [http-nio-8080-exec-1] c.z.h.HikariDataSource [HikariDataSource.java:123] HikariPool-1 - Start completed.
