2024-07-17 22:20:03,061 INFO [main] c.g.b.BlogApiApplication [StartupInfoLogger.java:55] Starting BlogApiApplication using Java 1.8.0_372 on Sakura with PID 30988 (G:\A.项目组项目\项目组博客\Blog\Blog-api\target\classes started by 吴晓 in G:\A.项目组项目\项目组博客\Blog\Blog-api)
2024-07-17 22:20:03,063 INFO [main] c.g.b.BlogApiApplication [SpringApplication.java:651] The following 1 profile is active: "local"
2024-07-17 22:20:03,560 INFO [main] o.s.d.r.c.RepositoryConfigurationDelegate [RepositoryConfigurationDelegate.java:262] Multiple Spring Data modules found, entering strict repository configuration mode
2024-07-17 22:20:03,562 INFO [main] o.s.d.r.c.RepositoryConfigurationDelegate [RepositoryConfigurationDelegate.java:132] Bootstrapping Spring Data Redis repositories in DEFAULT mode.
2024-07-17 22:20:03,581 INFO [main] o.s.d.r.c.RepositoryConfigurationDelegate [RepositoryConfigurationDelegate.java:201] Finished Spring Data repository scanning in 6 ms. Found 0 Redis repository interfaces.
2024-07-17 22:20:03,950 INFO [main] o.s.b.w.e.t.TomcatWebServer [TomcatWebServer.java:108] Tomcat initialized with port(s): 8080 (http)
2024-07-17 22:20:03,957 INFO [main] o.a.c.h.Http11NioProtocol [DirectJDKLog.java:173] Initializing ProtocolHandler ["http-nio-8080"]
2024-07-17 22:20:03,957 INFO [main] o.a.c.c.StandardService [DirectJDKLog.java:173] Starting service [Tomcat]
2024-07-17 22:20:03,958 INFO [main] o.a.c.c.StandardEngine [DirectJDKLog.java:173] Starting Servlet engine: [Apache Tomcat/9.0.68]
2024-07-17 22:20:04,040 INFO [main] o.a.c.c.C.[.[.[/] [DirectJDKLog.java:173] Initializing Spring embedded WebApplicationContext
2024-07-17 22:20:04,041 INFO [main] o.s.b.w.s.c.ServletWebServerApplicationContext [ServletWebServerApplicationContext.java:290] Root WebApplicationContext: initialization completed in 948 ms
2024-07-17 22:20:05,598 INFO [main] o.s.s.w.DefaultSecurityFilterChain [DefaultSecurityFilterChain.java:55] Will secure any request with [org.springframework.security.web.context.request.async.WebAsyncManagerIntegrationFilter@3b55dd15, org.springframework.security.web.context.SecurityContextPersistenceFilter@3238e2aa, org.springframework.security.web.header.HeaderWriterFilter@631cb129, org.springframework.web.filter.CorsFilter@f3560d4, org.springframework.security.web.authentication.logout.LogoutFilter@6807a356, org.springframework.security.web.savedrequest.RequestCacheAwareFilter@2577a95d, org.springframework.security.web.servletapi.SecurityContextHolderAwareRequestFilter@b67cc70, org.springframework.security.web.authentication.AnonymousAuthenticationFilter@3ba3d4b6, org.springframework.security.web.session.SessionManagementFilter@9301672, org.springframework.security.web.access.ExceptionTranslationFilter@1d4fb213, org.springframework.security.web.access.intercept.FilterSecurityInterceptor@40247d48]
2024-07-17 22:20:05,622 INFO [main] o.a.c.h.Http11NioProtocol [DirectJDKLog.java:173] Starting ProtocolHandler ["http-nio-8080"]
2024-07-17 22:20:05,635 INFO [main] o.s.b.w.e.t.TomcatWebServer [TomcatWebServer.java:220] Tomcat started on port(s): 8080 (http) with context path ''
2024-07-17 22:20:05,642 INFO [main] c.g.b.BlogApiApplication [StartupInfoLogger.java:61] Started BlogApiApplication in 2.991 seconds (JVM running for 3.967)
2024-07-17 22:20:16,228 INFO [main] c.g.b.BlogApiApplication [StartupInfoLogger.java:55] Starting BlogApiApplication using Java 1.8.0_372 on Sakura with PID 31764 (G:\A.项目组项目\项目组博客\Blog\Blog-api\target\classes started by 吴晓 in G:\A.项目组项目\项目组博客\Blog\Blog-api)
2024-07-17 22:20:16,230 INFO [main] c.g.b.BlogApiApplication [SpringApplication.java:651] The following 1 profile is active: "local"
2024-07-17 22:20:16,650 INFO [main] o.s.d.r.c.RepositoryConfigurationDelegate [RepositoryConfigurationDelegate.java:262] Multiple Spring Data modules found, entering strict repository configuration mode
2024-07-17 22:20:16,651 INFO [main] o.s.d.r.c.RepositoryConfigurationDelegate [RepositoryConfigurationDelegate.java:132] Bootstrapping Spring Data Redis repositories in DEFAULT mode.
2024-07-17 22:20:16,665 INFO [main] o.s.d.r.c.RepositoryConfigurationDelegate [RepositoryConfigurationDelegate.java:201] Finished Spring Data repository scanning in 5 ms. Found 0 Redis repository interfaces.
2024-07-17 22:20:16,968 INFO [main] o.s.b.w.e.t.TomcatWebServer [TomcatWebServer.java:108] Tomcat initialized with port(s): 8080 (http)
2024-07-17 22:20:16,974 INFO [main] o.a.c.h.Http11NioProtocol [DirectJDKLog.java:173] Initializing ProtocolHandler ["http-nio-8080"]
2024-07-17 22:20:16,974 INFO [main] o.a.c.c.StandardService [DirectJDKLog.java:173] Starting service [Tomcat]
2024-07-17 22:20:16,974 INFO [main] o.a.c.c.StandardEngine [DirectJDKLog.java:173] Starting Servlet engine: [Apache Tomcat/9.0.68]
2024-07-17 22:20:17,051 INFO [main] o.a.c.c.C.[.[.[/] [DirectJDKLog.java:173] Initializing Spring embedded WebApplicationContext
2024-07-17 22:20:17,051 INFO [main] o.s.b.w.s.c.ServletWebServerApplicationContext [ServletWebServerApplicationContext.java:290] Root WebApplicationContext: initialization completed in 793 ms
2024-07-17 22:20:18,446 INFO [main] o.s.s.w.DefaultSecurityFilterChain [DefaultSecurityFilterChain.java:55] Will secure any request with [org.springframework.security.web.context.request.async.WebAsyncManagerIntegrationFilter@45ab3bdd, org.springframework.security.web.context.SecurityContextPersistenceFilter@3a6045c6, org.springframework.security.web.header.HeaderWriterFilter@36b9cb99, org.springframework.web.filter.CorsFilter@2f10f633, org.springframework.security.web.authentication.logout.LogoutFilter@4d9754a8, org.springframework.security.web.savedrequest.RequestCacheAwareFilter@b67cc70, org.springframework.security.web.servletapi.SecurityContextHolderAwareRequestFilter@5a936e64, org.springframework.security.web.authentication.AnonymousAuthenticationFilter@1642eeae, org.springframework.security.web.session.SessionManagementFilter@63300c4b, org.springframework.security.web.access.ExceptionTranslationFilter@3252747e, org.springframework.security.web.access.intercept.FilterSecurityInterceptor@493da830]
2024-07-17 22:20:18,470 INFO [main] o.a.c.h.Http11NioProtocol [DirectJDKLog.java:173] Starting ProtocolHandler ["http-nio-8080"]
2024-07-17 22:20:18,482 INFO [main] o.s.b.w.e.t.TomcatWebServer [TomcatWebServer.java:220] Tomcat started on port(s): 8080 (http) with context path ''
2024-07-17 22:20:18,489 INFO [main] c.g.b.BlogApiApplication [StartupInfoLogger.java:61] Started BlogApiApplication in 2.594 seconds (JVM running for 3.515)
2024-07-17 22:22:32,647 INFO [main] c.g.b.BlogApiApplication [StartupInfoLogger.java:55] Starting BlogApiApplication using Java 1.8.0_372 on Sakura with PID 17144 (G:\A.项目组项目\项目组博客\Blog\Blog-api\target\classes started by 吴晓 in G:\A.项目组项目\项目组博客\Blog\Blog-api)
2024-07-17 22:22:32,649 INFO [main] c.g.b.BlogApiApplication [SpringApplication.java:651] The following 1 profile is active: "local"
2024-07-17 22:22:33,065 INFO [main] o.s.d.r.c.RepositoryConfigurationDelegate [RepositoryConfigurationDelegate.java:262] Multiple Spring Data modules found, entering strict repository configuration mode
2024-07-17 22:22:33,066 INFO [main] o.s.d.r.c.RepositoryConfigurationDelegate [RepositoryConfigurationDelegate.java:132] Bootstrapping Spring Data Redis repositories in DEFAULT mode.
2024-07-17 22:22:33,081 INFO [main] o.s.d.r.c.RepositoryConfigurationDelegate [RepositoryConfigurationDelegate.java:201] Finished Spring Data repository scanning in 6 ms. Found 0 Redis repository interfaces.
2024-07-17 22:22:33,389 INFO [main] o.s.b.w.e.t.TomcatWebServer [TomcatWebServer.java:108] Tomcat initialized with port(s): 8080 (http)
2024-07-17 22:22:33,395 INFO [main] o.a.c.h.Http11NioProtocol [DirectJDKLog.java:173] Initializing ProtocolHandler ["http-nio-8080"]
2024-07-17 22:22:33,395 INFO [main] o.a.c.c.StandardService [DirectJDKLog.java:173] Starting service [Tomcat]
2024-07-17 22:22:33,395 INFO [main] o.a.c.c.StandardEngine [DirectJDKLog.java:173] Starting Servlet engine: [Apache Tomcat/9.0.68]
2024-07-17 22:22:33,466 INFO [main] o.a.c.c.C.[.[.[/] [DirectJDKLog.java:173] Initializing Spring embedded WebApplicationContext
2024-07-17 22:22:33,466 INFO [main] o.s.b.w.s.c.ServletWebServerApplicationContext [ServletWebServerApplicationContext.java:290] Root WebApplicationContext: initialization completed in 791 ms
2024-07-17 22:22:34,865 INFO [main] o.s.s.w.DefaultSecurityFilterChain [DefaultSecurityFilterChain.java:55] Will secure any request with [org.springframework.security.web.context.request.async.WebAsyncManagerIntegrationFilter@58253c57, org.springframework.security.web.context.SecurityContextPersistenceFilter@3b95a6db, org.springframework.security.web.header.HeaderWriterFilter@5b5dce5c, org.springframework.web.filter.CorsFilter@b73433, org.springframework.security.web.authentication.logout.LogoutFilter@631cb129, org.springframework.security.web.savedrequest.RequestCacheAwareFilter@2c9a6717, org.springframework.security.web.servletapi.SecurityContextHolderAwareRequestFilter@3ba0ae41, org.springframework.security.web.authentication.AnonymousAuthenticationFilter@1bf14704, org.springframework.security.web.session.SessionManagementFilter@21b6c9c2, org.springframework.security.web.access.ExceptionTranslationFilter@7c37f145, org.springframework.security.web.access.intercept.FilterSecurityInterceptor@20eaeaf8]
2024-07-17 22:22:34,889 INFO [main] o.a.c.h.Http11NioProtocol [DirectJDKLog.java:173] Starting ProtocolHandler ["http-nio-8080"]
2024-07-17 22:22:34,901 INFO [main] o.s.b.w.e.t.TomcatWebServer [TomcatWebServer.java:220] Tomcat started on port(s): 8080 (http) with context path ''
2024-07-17 22:22:34,908 INFO [main] c.g.b.BlogApiApplication [StartupInfoLogger.java:61] Started BlogApiApplication in 2.573 seconds (JVM running for 3.525)
2024-07-17 22:24:31,597 INFO [main] c.g.b.BlogApiApplication [StartupInfoLogger.java:55] Starting BlogApiApplication using Java 1.8.0_372 on Sakura with PID 26708 (G:\A.项目组项目\项目组博客\Blog\Blog-api\target\classes started by 吴晓 in G:\A.项目组项目\项目组博客\Blog\Blog-api)
2024-07-17 22:24:31,599 INFO [main] c.g.b.BlogApiApplication [SpringApplication.java:651] The following 1 profile is active: "local"
2024-07-17 22:24:31,995 INFO [main] o.s.d.r.c.RepositoryConfigurationDelegate [RepositoryConfigurationDelegate.java:262] Multiple Spring Data modules found, entering strict repository configuration mode
2024-07-17 22:24:31,996 INFO [main] o.s.d.r.c.RepositoryConfigurationDelegate [RepositoryConfigurationDelegate.java:132] Bootstrapping Spring Data Redis repositories in DEFAULT mode.
2024-07-17 22:24:32,011 INFO [main] o.s.d.r.c.RepositoryConfigurationDelegate [RepositoryConfigurationDelegate.java:201] Finished Spring Data repository scanning in 6 ms. Found 0 Redis repository interfaces.
2024-07-17 22:24:32,312 INFO [main] o.s.b.w.e.t.TomcatWebServer [TomcatWebServer.java:108] Tomcat initialized with port(s): 8080 (http)
2024-07-17 22:24:32,317 INFO [main] o.a.c.h.Http11NioProtocol [DirectJDKLog.java:173] Initializing ProtocolHandler ["http-nio-8080"]
2024-07-17 22:24:32,317 INFO [main] o.a.c.c.StandardService [DirectJDKLog.java:173] Starting service [Tomcat]
2024-07-17 22:24:32,317 INFO [main] o.a.c.c.StandardEngine [DirectJDKLog.java:173] Starting Servlet engine: [Apache Tomcat/9.0.68]
2024-07-17 22:24:32,390 INFO [main] o.a.c.c.C.[.[.[/] [DirectJDKLog.java:173] Initializing Spring embedded WebApplicationContext
2024-07-17 22:24:32,390 INFO [main] o.s.b.w.s.c.ServletWebServerApplicationContext [ServletWebServerApplicationContext.java:290] Root WebApplicationContext: initialization completed in 767 ms
2024-07-17 22:24:33,767 INFO [main] o.s.s.w.DefaultSecurityFilterChain [DefaultSecurityFilterChain.java:55] Will secure any request with [org.springframework.security.web.context.request.async.WebAsyncManagerIntegrationFilter@58253c57, org.springframework.security.web.context.SecurityContextPersistenceFilter@3b95a6db, org.springframework.security.web.header.HeaderWriterFilter@5b5dce5c, org.springframework.web.filter.CorsFilter@b73433, org.springframework.security.web.authentication.logout.LogoutFilter@631cb129, org.springframework.security.web.savedrequest.RequestCacheAwareFilter@2c9a6717, org.springframework.security.web.servletapi.SecurityContextHolderAwareRequestFilter@3ba0ae41, org.springframework.security.web.authentication.AnonymousAuthenticationFilter@1bf14704, org.springframework.security.web.session.SessionManagementFilter@21b6c9c2, org.springframework.security.web.access.ExceptionTranslationFilter@7c37f145, org.springframework.security.web.access.intercept.FilterSecurityInterceptor@20eaeaf8]
2024-07-17 22:24:33,790 INFO [main] o.a.c.h.Http11NioProtocol [DirectJDKLog.java:173] Starting ProtocolHandler ["http-nio-8080"]
2024-07-17 22:24:33,803 INFO [main] o.s.b.w.e.t.TomcatWebServer [TomcatWebServer.java:220] Tomcat started on port(s): 8080 (http) with context path ''
2024-07-17 22:24:33,809 INFO [main] c.g.b.BlogApiApplication [StartupInfoLogger.java:61] Started BlogApiApplication in 2.545 seconds (JVM running for 3.494)
2024-07-17 22:28:04,964 INFO [main] c.g.b.BlogApiApplication [StartupInfoLogger.java:55] Starting BlogApiApplication using Java 1.8.0_372 on Sakura with PID 23420 (G:\A.项目组项目\项目组博客\Blog\Blog-api\target\classes started by 吴晓 in G:\A.项目组项目\项目组博客\Blog\Blog-api)
2024-07-17 22:28:04,967 INFO [main] c.g.b.BlogApiApplication [SpringApplication.java:651] The following 1 profile is active: "local"
2024-07-17 22:28:05,382 INFO [main] o.s.d.r.c.RepositoryConfigurationDelegate [RepositoryConfigurationDelegate.java:262] Multiple Spring Data modules found, entering strict repository configuration mode
2024-07-17 22:28:05,383 INFO [main] o.s.d.r.c.RepositoryConfigurationDelegate [RepositoryConfigurationDelegate.java:132] Bootstrapping Spring Data Redis repositories in DEFAULT mode.
2024-07-17 22:28:05,397 INFO [main] o.s.d.r.c.RepositoryConfigurationDelegate [RepositoryConfigurationDelegate.java:201] Finished Spring Data repository scanning in 6 ms. Found 0 Redis repository interfaces.
2024-07-17 22:28:05,700 INFO [main] o.s.b.w.e.t.TomcatWebServer [TomcatWebServer.java:108] Tomcat initialized with port(s): 8080 (http)
2024-07-17 22:28:05,705 INFO [main] o.a.c.h.Http11NioProtocol [DirectJDKLog.java:173] Initializing ProtocolHandler ["http-nio-8080"]
2024-07-17 22:28:05,706 INFO [main] o.a.c.c.StandardService [DirectJDKLog.java:173] Starting service [Tomcat]
2024-07-17 22:28:05,706 INFO [main] o.a.c.c.StandardEngine [DirectJDKLog.java:173] Starting Servlet engine: [Apache Tomcat/9.0.68]
2024-07-17 22:28:05,777 INFO [main] o.a.c.c.C.[.[.[/] [DirectJDKLog.java:173] Initializing Spring embedded WebApplicationContext
2024-07-17 22:28:05,777 INFO [main] o.s.b.w.s.c.ServletWebServerApplicationContext [ServletWebServerApplicationContext.java:290] Root WebApplicationContext: initialization completed in 782 ms
2024-07-17 22:28:07,164 INFO [main] o.s.s.w.DefaultSecurityFilterChain [DefaultSecurityFilterChain.java:55] Will secure any request with [org.springframework.security.web.context.request.async.WebAsyncManagerIntegrationFilter@45ab3bdd, org.springframework.security.web.context.SecurityContextPersistenceFilter@3a6045c6, org.springframework.security.web.header.HeaderWriterFilter@36b9cb99, org.springframework.web.filter.CorsFilter@2f10f633, org.springframework.security.web.authentication.logout.LogoutFilter@4d9754a8, org.springframework.security.web.savedrequest.RequestCacheAwareFilter@b67cc70, org.springframework.security.web.servletapi.SecurityContextHolderAwareRequestFilter@5a936e64, org.springframework.security.web.authentication.AnonymousAuthenticationFilter@1642eeae, org.springframework.security.web.session.SessionManagementFilter@63300c4b, org.springframework.security.web.access.ExceptionTranslationFilter@3252747e, org.springframework.security.web.access.intercept.FilterSecurityInterceptor@493da830]
2024-07-17 22:28:07,187 INFO [main] o.a.c.h.Http11NioProtocol [DirectJDKLog.java:173] Starting ProtocolHandler ["http-nio-8080"]
2024-07-17 22:28:07,199 INFO [main] o.s.b.w.e.t.TomcatWebServer [TomcatWebServer.java:220] Tomcat started on port(s): 8080 (http) with context path ''
2024-07-17 22:28:07,205 INFO [main] c.g.b.BlogApiApplication [StartupInfoLogger.java:61] Started BlogApiApplication in 2.585 seconds (JVM running for 3.57)
2024-07-17 22:28:32,554 INFO [main] c.g.b.BlogApiApplication [StartupInfoLogger.java:55] Starting BlogApiApplication using Java 1.8.0_372 on Sakura with PID 26796 (G:\A.项目组项目\项目组博客\Blog\Blog-api\target\classes started by 吴晓 in G:\A.项目组项目\项目组博客\Blog\Blog-api)
2024-07-17 22:28:32,556 INFO [main] c.g.b.BlogApiApplication [SpringApplication.java:651] The following 1 profile is active: "local"
2024-07-17 22:28:32,966 INFO [main] o.s.d.r.c.RepositoryConfigurationDelegate [RepositoryConfigurationDelegate.java:262] Multiple Spring Data modules found, entering strict repository configuration mode
2024-07-17 22:28:32,968 INFO [main] o.s.d.r.c.RepositoryConfigurationDelegate [RepositoryConfigurationDelegate.java:132] Bootstrapping Spring Data Redis repositories in DEFAULT mode.
2024-07-17 22:28:32,983 INFO [main] o.s.d.r.c.RepositoryConfigurationDelegate [RepositoryConfigurationDelegate.java:201] Finished Spring Data repository scanning in 6 ms. Found 0 Redis repository interfaces.
2024-07-17 22:28:33,281 INFO [main] o.s.b.w.e.t.TomcatWebServer [TomcatWebServer.java:108] Tomcat initialized with port(s): 8080 (http)
2024-07-17 22:28:33,286 INFO [main] o.a.c.h.Http11NioProtocol [DirectJDKLog.java:173] Initializing ProtocolHandler ["http-nio-8080"]
2024-07-17 22:28:33,287 INFO [main] o.a.c.c.StandardService [DirectJDKLog.java:173] Starting service [Tomcat]
2024-07-17 22:28:33,287 INFO [main] o.a.c.c.StandardEngine [DirectJDKLog.java:173] Starting Servlet engine: [Apache Tomcat/9.0.68]
2024-07-17 22:28:33,357 INFO [main] o.a.c.c.C.[.[.[/] [DirectJDKLog.java:173] Initializing Spring embedded WebApplicationContext
2024-07-17 22:28:33,358 INFO [main] o.s.b.w.s.c.ServletWebServerApplicationContext [ServletWebServerApplicationContext.java:290] Root WebApplicationContext: initialization completed in 776 ms
2024-07-17 22:28:34,793 INFO [main] o.s.s.w.DefaultSecurityFilterChain [DefaultSecurityFilterChain.java:55] Will secure any request with [org.springframework.security.web.context.request.async.WebAsyncManagerIntegrationFilter@4bdf, org.springframework.security.web.context.SecurityContextPersistenceFilter@58fbd02e, org.springframework.security.web.header.HeaderWriterFilter@73aeef7d, org.springframework.web.filter.CorsFilter@4cad79bc, org.springframework.security.web.authentication.logout.LogoutFilter@2db33feb, org.springframework.security.web.savedrequest.RequestCacheAwareFilter@11d045b4, org.springframework.security.web.servletapi.SecurityContextHolderAwareRequestFilter@7ec95456, org.springframework.security.web.authentication.AnonymousAuthenticationFilter@2c63762b, org.springframework.security.web.session.SessionManagementFilter@67022ea, org.springframework.security.web.access.ExceptionTranslationFilter@1c3259fa, org.springframework.security.web.access.intercept.FilterSecurityInterceptor@28a9494b]
2024-07-17 22:28:34,815 INFO [main] o.a.c.h.Http11NioProtocol [DirectJDKLog.java:173] Starting ProtocolHandler ["http-nio-8080"]
2024-07-17 22:28:34,829 INFO [main] o.s.b.w.e.t.TomcatWebServer [TomcatWebServer.java:220] Tomcat started on port(s): 8080 (http) with context path ''
2024-07-17 22:28:34,835 INFO [main] c.g.b.BlogApiApplication [StartupInfoLogger.java:61] Started BlogApiApplication in 2.598 seconds (JVM running for 3.521)
