2024-07-25 22:24:32,989 INFO [main] c.g.b.BlogApiApplication [StartupInfoLogger.java:55] Starting BlogApiApplication using Java 1.8.0_372 on Sakura with PID 24144 (G:\A.项目组项目\项目组博客\Blog\Blog-api\target\classes started by 吴晓 in G:\A.项目组项目\项目组博客\Blog\Blog-api)
2024-07-25 22:24:32,994 INFO [main] c.g.b.BlogApiApplication [SpringApplication.java:651] The following 1 profile is active: "local"
2024-07-25 22:24:33,483 INFO [main] o.s.d.r.c.RepositoryConfigurationDelegate [RepositoryConfigurationDelegate.java:262] Multiple Spring Data modules found, entering strict repository configuration mode
2024-07-25 22:24:33,485 INFO [main] o.s.d.r.c.RepositoryConfigurationDelegate [RepositoryConfigurationDelegate.java:132] Bootstrapping Spring Data Redis repositories in DEFAULT mode.
2024-07-25 22:24:33,504 INFO [main] o.s.d.r.c.RepositoryConfigurationDelegate [RepositoryConfigurationDelegate.java:201] Finished Spring Data repository scanning in 6 ms. Found 0 Redis repository interfaces.
2024-07-25 22:24:33,903 INFO [main] o.s.b.w.e.t.TomcatWebServer [TomcatWebServer.java:108] Tomcat initialized with port(s): 8080 (http)
2024-07-25 22:24:33,910 INFO [main] o.a.c.h.Http11NioProtocol [DirectJDKLog.java:173] Initializing ProtocolHandler ["http-nio-8080"]
2024-07-25 22:24:33,911 INFO [main] o.a.c.c.StandardService [DirectJDKLog.java:173] Starting service [Tomcat]
2024-07-25 22:24:33,911 INFO [main] o.a.c.c.StandardEngine [DirectJDKLog.java:173] Starting Servlet engine: [Apache Tomcat/9.0.68]
2024-07-25 22:24:33,997 INFO [main] o.a.c.c.C.[.[.[/] [DirectJDKLog.java:173] Initializing Spring embedded WebApplicationContext
2024-07-25 22:24:33,997 INFO [main] o.s.b.w.s.c.ServletWebServerApplicationContext [ServletWebServerApplicationContext.java:290] Root WebApplicationContext: initialization completed in 976 ms
2024-07-25 22:24:35,424 INFO [main] o.s.s.w.DefaultSecurityFilterChain [DefaultSecurityFilterChain.java:55] Will secure any request with [org.springframework.security.web.context.request.async.WebAsyncManagerIntegrationFilter@322ba549, org.springframework.security.web.context.SecurityContextPersistenceFilter@66cd621b, org.springframework.security.web.header.HeaderWriterFilter@3a6045c6, org.springframework.web.filter.CorsFilter@502a4156, org.springframework.security.web.authentication.logout.LogoutFilter@1943c1f2, org.springframework.security.web.savedrequest.RequestCacheAwareFilter@3eb292cd, org.springframework.security.web.servletapi.SecurityContextHolderAwareRequestFilter@217bf99e, org.springframework.security.web.authentication.AnonymousAuthenticationFilter@5416f8db, org.springframework.security.web.session.SessionManagementFilter@65bad087, org.springframework.security.web.access.ExceptionTranslationFilter@2577a95d, org.springframework.security.web.access.intercept.FilterSecurityInterceptor@17b37e9a]
2024-07-25 22:24:35,453 INFO [main] o.a.c.h.Http11NioProtocol [DirectJDKLog.java:173] Starting ProtocolHandler ["http-nio-8080"]
2024-07-25 22:24:35,467 INFO [main] o.s.b.w.e.t.TomcatWebServer [TomcatWebServer.java:220] Tomcat started on port(s): 8080 (http) with context path ''
2024-07-25 22:24:35,474 INFO [main] c.g.b.BlogApiApplication [StartupInfoLogger.java:61] Started BlogApiApplication in 2.871 seconds (JVM running for 3.792)
2024-07-25 22:24:49,121 INFO [main] c.g.b.BlogApiApplication [StartupInfoLogger.java:55] Starting BlogApiApplication using Java 1.8.0_372 on Sakura with PID 24512 (G:\A.项目组项目\项目组博客\Blog\Blog-api\target\classes started by 吴晓 in G:\A.项目组项目\项目组博客\Blog\Blog-api)
2024-07-25 22:24:49,124 INFO [main] c.g.b.BlogApiApplication [SpringApplication.java:651] The following 1 profile is active: "local"
2024-07-25 22:24:49,531 INFO [main] o.s.d.r.c.RepositoryConfigurationDelegate [RepositoryConfigurationDelegate.java:262] Multiple Spring Data modules found, entering strict repository configuration mode
2024-07-25 22:24:49,532 INFO [main] o.s.d.r.c.RepositoryConfigurationDelegate [RepositoryConfigurationDelegate.java:132] Bootstrapping Spring Data Redis repositories in DEFAULT mode.
2024-07-25 22:24:49,547 INFO [main] o.s.d.r.c.RepositoryConfigurationDelegate [RepositoryConfigurationDelegate.java:201] Finished Spring Data repository scanning in 6 ms. Found 0 Redis repository interfaces.
2024-07-25 22:24:49,855 INFO [main] o.s.b.w.e.t.TomcatWebServer [TomcatWebServer.java:108] Tomcat initialized with port(s): 8080 (http)
2024-07-25 22:24:49,860 INFO [main] o.a.c.h.Http11NioProtocol [DirectJDKLog.java:173] Initializing ProtocolHandler ["http-nio-8080"]
2024-07-25 22:24:49,861 INFO [main] o.a.c.c.StandardService [DirectJDKLog.java:173] Starting service [Tomcat]
2024-07-25 22:24:49,861 INFO [main] o.a.c.c.StandardEngine [DirectJDKLog.java:173] Starting Servlet engine: [Apache Tomcat/9.0.68]
2024-07-25 22:24:49,946 INFO [main] o.a.c.c.C.[.[.[/] [DirectJDKLog.java:173] Initializing Spring embedded WebApplicationContext
2024-07-25 22:24:49,947 INFO [main] o.s.b.w.s.c.ServletWebServerApplicationContext [ServletWebServerApplicationContext.java:290] Root WebApplicationContext: initialization completed in 795 ms
2024-07-25 22:24:51,220 INFO [main] o.s.s.w.DefaultSecurityFilterChain [DefaultSecurityFilterChain.java:55] Will secure any request with [org.springframework.security.web.context.request.async.WebAsyncManagerIntegrationFilter@28a9494b, org.springframework.security.web.context.SecurityContextPersistenceFilter@3b4a1a75, org.springframework.security.web.header.HeaderWriterFilter@1668919e, org.springframework.web.filter.CorsFilter@a09303, org.springframework.security.web.authentication.logout.LogoutFilter@163042ea, org.springframework.security.web.savedrequest.RequestCacheAwareFilter@276cc8dc, org.springframework.security.web.servletapi.SecurityContextHolderAwareRequestFilter@5e99b9c, org.springframework.security.web.authentication.AnonymousAuthenticationFilter@1163a27, org.springframework.security.web.session.SessionManagementFilter@7d97e06c, org.springframework.security.web.access.ExceptionTranslationFilter@4ceff87d, org.springframework.security.web.access.intercept.FilterSecurityInterceptor@67536ae0]
2024-07-25 22:24:51,247 INFO [main] o.a.c.h.Http11NioProtocol [DirectJDKLog.java:173] Starting ProtocolHandler ["http-nio-8080"]
2024-07-25 22:24:51,260 INFO [main] o.s.b.w.e.t.TomcatWebServer [TomcatWebServer.java:220] Tomcat started on port(s): 8080 (http) with context path ''
2024-07-25 22:24:51,266 INFO [main] c.g.b.BlogApiApplication [StartupInfoLogger.java:61] Started BlogApiApplication in 2.526 seconds (JVM running for 3.405)
2024-07-25 22:30:14,403 INFO [http-nio-8080-exec-1] o.a.c.c.C.[.[.[/] [DirectJDKLog.java:173] Initializing Spring DispatcherServlet 'dispatcherServlet'
2024-07-25 22:30:14,403 INFO [http-nio-8080-exec-1] o.s.w.s.DispatcherServlet [FrameworkServlet.java:525] Initializing Servlet 'dispatcherServlet'
2024-07-25 22:30:14,404 INFO [http-nio-8080-exec-1] o.s.w.s.DispatcherServlet [FrameworkServlet.java:547] Completed initialization in 1 ms
2024-07-25 22:33:01,161 INFO [main] c.g.b.BlogApiApplication [StartupInfoLogger.java:55] Starting BlogApiApplication using Java 1.8.0_372 on Sakura with PID 21856 (G:\A.项目组项目\项目组博客\Blog\Blog-api\target\classes started by 吴晓 in G:\A.项目组项目\项目组博客\Blog\Blog-api)
2024-07-25 22:33:01,163 INFO [main] c.g.b.BlogApiApplication [SpringApplication.java:651] The following 1 profile is active: "local"
2024-07-25 22:33:01,581 INFO [main] o.s.d.r.c.RepositoryConfigurationDelegate [RepositoryConfigurationDelegate.java:262] Multiple Spring Data modules found, entering strict repository configuration mode
2024-07-25 22:33:01,582 INFO [main] o.s.d.r.c.RepositoryConfigurationDelegate [RepositoryConfigurationDelegate.java:132] Bootstrapping Spring Data Redis repositories in DEFAULT mode.
2024-07-25 22:33:01,597 INFO [main] o.s.d.r.c.RepositoryConfigurationDelegate [RepositoryConfigurationDelegate.java:201] Finished Spring Data repository scanning in 6 ms. Found 0 Redis repository interfaces.
2024-07-25 22:33:01,904 INFO [main] o.s.b.w.e.t.TomcatWebServer [TomcatWebServer.java:108] Tomcat initialized with port(s): 8080 (http)
2024-07-25 22:33:01,910 INFO [main] o.a.c.h.Http11NioProtocol [DirectJDKLog.java:173] Initializing ProtocolHandler ["http-nio-8080"]
2024-07-25 22:33:01,911 INFO [main] o.a.c.c.StandardService [DirectJDKLog.java:173] Starting service [Tomcat]
2024-07-25 22:33:01,911 INFO [main] o.a.c.c.StandardEngine [DirectJDKLog.java:173] Starting Servlet engine: [Apache Tomcat/9.0.68]
2024-07-25 22:33:01,981 INFO [main] o.a.c.c.C.[.[.[/] [DirectJDKLog.java:173] Initializing Spring embedded WebApplicationContext
2024-07-25 22:33:01,982 INFO [main] o.s.b.w.s.c.ServletWebServerApplicationContext [ServletWebServerApplicationContext.java:290] Root WebApplicationContext: initialization completed in 792 ms
2024-07-25 22:33:03,344 INFO [main] o.s.s.w.DefaultSecurityFilterChain [DefaultSecurityFilterChain.java:55] Will secure any request with [org.springframework.security.web.context.request.async.WebAsyncManagerIntegrationFilter@45ab3bdd, org.springframework.security.web.context.SecurityContextPersistenceFilter@6680f714, org.springframework.security.web.header.HeaderWriterFilter@4ceff87d, org.springframework.web.filter.CorsFilter@2f10f633, org.springframework.security.web.authentication.logout.LogoutFilter@7327a447, org.springframework.security.web.savedrequest.RequestCacheAwareFilter@7d97e06c, org.springframework.security.web.servletapi.SecurityContextHolderAwareRequestFilter@d3f4505, org.springframework.security.web.authentication.AnonymousAuthenticationFilter@1642eeae, org.springframework.security.web.session.SessionManagementFilter@45c9b3, org.springframework.security.web.access.ExceptionTranslationFilter@4130955c, org.springframework.security.web.access.intercept.FilterSecurityInterceptor@493da830]
2024-07-25 22:33:03,369 INFO [main] o.a.c.h.Http11NioProtocol [DirectJDKLog.java:173] Starting ProtocolHandler ["http-nio-8080"]
2024-07-25 22:33:03,381 INFO [main] o.s.b.w.e.t.TomcatWebServer [TomcatWebServer.java:220] Tomcat started on port(s): 8080 (http) with context path ''
2024-07-25 22:33:03,388 INFO [main] c.g.b.BlogApiApplication [StartupInfoLogger.java:61] Started BlogApiApplication in 2.57 seconds (JVM running for 3.449)
2024-07-25 22:33:14,161 INFO [http-nio-8080-exec-1] o.a.c.c.C.[.[.[/] [DirectJDKLog.java:173] Initializing Spring DispatcherServlet 'dispatcherServlet'
2024-07-25 22:33:14,161 INFO [http-nio-8080-exec-1] o.s.w.s.DispatcherServlet [FrameworkServlet.java:525] Initializing Servlet 'dispatcherServlet'
2024-07-25 22:33:14,162 INFO [http-nio-8080-exec-1] o.s.w.s.DispatcherServlet [FrameworkServlet.java:547] Completed initialization in 0 ms
2024-07-25 22:38:07,405 INFO [main] c.g.b.BlogApiApplication [StartupInfoLogger.java:55] Starting BlogApiApplication using Java 1.8.0_372 on Sakura with PID 5888 (G:\A.项目组项目\项目组博客\Blog\Blog-api\target\classes started by 吴晓 in G:\A.项目组项目\项目组博客\Blog\Blog-api)
2024-07-25 22:38:07,408 INFO [main] c.g.b.BlogApiApplication [SpringApplication.java:651] The following 1 profile is active: "local"
2024-07-25 22:38:07,840 INFO [main] o.s.d.r.c.RepositoryConfigurationDelegate [RepositoryConfigurationDelegate.java:262] Multiple Spring Data modules found, entering strict repository configuration mode
2024-07-25 22:38:07,841 INFO [main] o.s.d.r.c.RepositoryConfigurationDelegate [RepositoryConfigurationDelegate.java:132] Bootstrapping Spring Data Redis repositories in DEFAULT mode.
2024-07-25 22:38:07,858 INFO [main] o.s.d.r.c.RepositoryConfigurationDelegate [RepositoryConfigurationDelegate.java:201] Finished Spring Data repository scanning in 7 ms. Found 0 Redis repository interfaces.
2024-07-25 22:38:08,199 INFO [main] o.s.b.w.e.t.TomcatWebServer [TomcatWebServer.java:108] Tomcat initialized with port(s): 8080 (http)
2024-07-25 22:38:08,206 INFO [main] o.a.c.h.Http11NioProtocol [DirectJDKLog.java:173] Initializing ProtocolHandler ["http-nio-8080"]
2024-07-25 22:38:08,206 INFO [main] o.a.c.c.StandardService [DirectJDKLog.java:173] Starting service [Tomcat]
2024-07-25 22:38:08,206 INFO [main] o.a.c.c.StandardEngine [DirectJDKLog.java:173] Starting Servlet engine: [Apache Tomcat/9.0.68]
2024-07-25 22:38:08,285 INFO [main] o.a.c.c.C.[.[.[/] [DirectJDKLog.java:173] Initializing Spring embedded WebApplicationContext
2024-07-25 22:38:08,285 INFO [main] o.s.b.w.s.c.ServletWebServerApplicationContext [ServletWebServerApplicationContext.java:290] Root WebApplicationContext: initialization completed in 849 ms
2024-07-25 22:38:09,607 INFO [main] o.s.s.w.DefaultSecurityFilterChain [DefaultSecurityFilterChain.java:55] Will secure any request with [org.springframework.security.web.context.request.async.WebAsyncManagerIntegrationFilter@1642eeae, org.springframework.security.web.context.SecurityContextPersistenceFilter@7d97e06c, org.springframework.security.web.header.HeaderWriterFilter@2c7db926, org.springframework.web.filter.CorsFilter@3440e9cd, org.springframework.security.web.authentication.logout.LogoutFilter@2954f6ab, org.springframework.security.web.savedrequest.RequestCacheAwareFilter@3b4a1a75, org.springframework.security.web.servletapi.SecurityContextHolderAwareRequestFilter@7fd987ef, org.springframework.security.web.authentication.AnonymousAuthenticationFilter@28a9494b, org.springframework.security.web.session.SessionManagementFilter@6680f714, org.springframework.security.web.access.ExceptionTranslationFilter@71adfedd, org.springframework.security.web.access.intercept.FilterSecurityInterceptor@45658133]
2024-07-25 22:38:09,634 INFO [main] o.a.c.h.Http11NioProtocol [DirectJDKLog.java:173] Starting ProtocolHandler ["http-nio-8080"]
2024-07-25 22:38:09,647 INFO [main] o.s.b.w.e.t.TomcatWebServer [TomcatWebServer.java:220] Tomcat started on port(s): 8080 (http) with context path ''
2024-07-25 22:38:09,654 INFO [main] c.g.b.BlogApiApplication [StartupInfoLogger.java:61] Started BlogApiApplication in 2.594 seconds (JVM running for 3.478)
2024-07-25 22:38:14,698 INFO [http-nio-8080-exec-1] o.a.c.c.C.[.[.[/] [DirectJDKLog.java:173] Initializing Spring DispatcherServlet 'dispatcherServlet'
2024-07-25 22:38:14,698 INFO [http-nio-8080-exec-1] o.s.w.s.DispatcherServlet [FrameworkServlet.java:525] Initializing Servlet 'dispatcherServlet'
2024-07-25 22:38:14,699 INFO [http-nio-8080-exec-1] o.s.w.s.DispatcherServlet [FrameworkServlet.java:547] Completed initialization in 1 ms
2024-07-25 22:39:52,908 INFO [main] c.g.b.BlogApiApplication [StartupInfoLogger.java:55] Starting BlogApiApplication using Java 1.8.0_372 on Sakura with PID 7928 (G:\A.项目组项目\项目组博客\Blog\Blog-api\target\classes started by 吴晓 in G:\A.项目组项目\项目组博客\Blog\Blog-api)
2024-07-25 22:39:52,911 INFO [main] c.g.b.BlogApiApplication [SpringApplication.java:651] The following 1 profile is active: "local"
2024-07-25 22:39:53,308 INFO [main] o.s.d.r.c.RepositoryConfigurationDelegate [RepositoryConfigurationDelegate.java:262] Multiple Spring Data modules found, entering strict repository configuration mode
2024-07-25 22:39:53,310 INFO [main] o.s.d.r.c.RepositoryConfigurationDelegate [RepositoryConfigurationDelegate.java:132] Bootstrapping Spring Data Redis repositories in DEFAULT mode.
2024-07-25 22:39:53,329 INFO [main] o.s.d.r.c.RepositoryConfigurationDelegate [RepositoryConfigurationDelegate.java:201] Finished Spring Data repository scanning in 7 ms. Found 0 Redis repository interfaces.
2024-07-25 22:39:53,677 INFO [main] o.s.b.w.e.t.TomcatWebServer [TomcatWebServer.java:108] Tomcat initialized with port(s): 8080 (http)
2024-07-25 22:39:53,683 INFO [main] o.a.c.h.Http11NioProtocol [DirectJDKLog.java:173] Initializing ProtocolHandler ["http-nio-8080"]
2024-07-25 22:39:53,684 INFO [main] o.a.c.c.StandardService [DirectJDKLog.java:173] Starting service [Tomcat]
2024-07-25 22:39:53,684 INFO [main] o.a.c.c.StandardEngine [DirectJDKLog.java:173] Starting Servlet engine: [Apache Tomcat/9.0.68]
2024-07-25 22:39:53,765 INFO [main] o.a.c.c.C.[.[.[/] [DirectJDKLog.java:173] Initializing Spring embedded WebApplicationContext
2024-07-25 22:39:53,765 INFO [main] o.s.b.w.s.c.ServletWebServerApplicationContext [ServletWebServerApplicationContext.java:290] Root WebApplicationContext: initialization completed in 828 ms
2024-07-25 22:39:55,086 INFO [main] o.s.s.w.DefaultSecurityFilterChain [DefaultSecurityFilterChain.java:55] Will secure any request with [org.springframework.security.web.context.request.async.WebAsyncManagerIntegrationFilter@3b55dd15, org.springframework.security.web.context.SecurityContextPersistenceFilter@22c53d82, org.springframework.security.web.header.HeaderWriterFilter@17e9bc9e, org.springframework.web.filter.CorsFilter@f3560d4, org.springframework.security.web.authentication.logout.LogoutFilter@49469ffa, org.springframework.security.web.savedrequest.RequestCacheAwareFilter@68d6d775, org.springframework.security.web.servletapi.SecurityContextHolderAwareRequestFilter@7d97e06c, org.springframework.security.web.authentication.AnonymousAuthenticationFilter@3ba3d4b6, org.springframework.security.web.session.SessionManagementFilter@1668919e, org.springframework.security.web.access.ExceptionTranslationFilter@3d20e575, org.springframework.security.web.access.intercept.FilterSecurityInterceptor@40247d48]
2024-07-25 22:39:55,111 INFO [main] o.a.c.h.Http11NioProtocol [DirectJDKLog.java:173] Starting ProtocolHandler ["http-nio-8080"]
2024-07-25 22:39:55,124 INFO [main] o.s.b.w.e.t.TomcatWebServer [TomcatWebServer.java:220] Tomcat started on port(s): 8080 (http) with context path ''
2024-07-25 22:39:55,131 INFO [main] c.g.b.BlogApiApplication [StartupInfoLogger.java:61] Started BlogApiApplication in 2.572 seconds (JVM running for 3.403)
2024-07-25 22:40:06,004 INFO [http-nio-8080-exec-1] o.a.c.c.C.[.[.[/] [DirectJDKLog.java:173] Initializing Spring DispatcherServlet 'dispatcherServlet'
2024-07-25 22:40:06,005 INFO [http-nio-8080-exec-1] o.s.w.s.DispatcherServlet [FrameworkServlet.java:525] Initializing Servlet 'dispatcherServlet'
2024-07-25 22:40:06,005 INFO [http-nio-8080-exec-1] o.s.w.s.DispatcherServlet [FrameworkServlet.java:547] Completed initialization in 0 ms
2024-07-25 22:40:21,524 INFO [main] c.g.b.BlogApiApplication [StartupInfoLogger.java:55] Starting BlogApiApplication using Java 1.8.0_372 on Sakura with PID 25928 (G:\A.项目组项目\项目组博客\Blog\Blog-api\target\classes started by 吴晓 in G:\A.项目组项目\项目组博客\Blog\Blog-api)
2024-07-25 22:40:21,526 INFO [main] c.g.b.BlogApiApplication [SpringApplication.java:651] The following 1 profile is active: "local"
2024-07-25 22:40:21,927 INFO [main] o.s.d.r.c.RepositoryConfigurationDelegate [RepositoryConfigurationDelegate.java:262] Multiple Spring Data modules found, entering strict repository configuration mode
2024-07-25 22:40:21,928 INFO [main] o.s.d.r.c.RepositoryConfigurationDelegate [RepositoryConfigurationDelegate.java:132] Bootstrapping Spring Data Redis repositories in DEFAULT mode.
2024-07-25 22:40:21,943 INFO [main] o.s.d.r.c.RepositoryConfigurationDelegate [RepositoryConfigurationDelegate.java:201] Finished Spring Data repository scanning in 6 ms. Found 0 Redis repository interfaces.
2024-07-25 22:40:22,256 INFO [main] o.s.b.w.e.t.TomcatWebServer [TomcatWebServer.java:108] Tomcat initialized with port(s): 8080 (http)
2024-07-25 22:40:22,263 INFO [main] o.a.c.h.Http11NioProtocol [DirectJDKLog.java:173] Initializing ProtocolHandler ["http-nio-8080"]
2024-07-25 22:40:22,263 INFO [main] o.a.c.c.StandardService [DirectJDKLog.java:173] Starting service [Tomcat]
2024-07-25 22:40:22,263 INFO [main] o.a.c.c.StandardEngine [DirectJDKLog.java:173] Starting Servlet engine: [Apache Tomcat/9.0.68]
2024-07-25 22:40:22,336 INFO [main] o.a.c.c.C.[.[.[/] [DirectJDKLog.java:173] Initializing Spring embedded WebApplicationContext
2024-07-25 22:40:22,337 INFO [main] o.s.b.w.s.c.ServletWebServerApplicationContext [ServletWebServerApplicationContext.java:290] Root WebApplicationContext: initialization completed in 785 ms
2024-07-25 22:40:23,615 INFO [main] o.s.s.w.DefaultSecurityFilterChain [DefaultSecurityFilterChain.java:55] Will secure any request with [org.springframework.security.web.context.request.async.WebAsyncManagerIntegrationFilter@1163a27, org.springframework.security.web.context.SecurityContextPersistenceFilter@276cc8dc, org.springframework.security.web.header.HeaderWriterFilter@22c53d82, org.springframework.web.filter.CorsFilter@322ba549, org.springframework.security.web.authentication.logout.LogoutFilter@1fbf088b, org.springframework.security.web.savedrequest.RequestCacheAwareFilter@d3f4505, org.springframework.security.web.servletapi.SecurityContextHolderAwareRequestFilter@1c3259fa, org.springframework.security.web.authentication.AnonymousAuthenticationFilter@502a4156, org.springframework.security.web.session.SessionManagementFilter@3b4a1a75, org.springframework.security.web.access.ExceptionTranslationFilter@2c7db926, org.springframework.security.web.access.intercept.FilterSecurityInterceptor@d16be4f]
2024-07-25 22:40:23,637 INFO [main] o.a.c.h.Http11NioProtocol [DirectJDKLog.java:173] Starting ProtocolHandler ["http-nio-8080"]
2024-07-25 22:40:23,649 INFO [main] o.s.b.w.e.t.TomcatWebServer [TomcatWebServer.java:220] Tomcat started on port(s): 8080 (http) with context path ''
2024-07-25 22:40:23,656 INFO [main] c.g.b.BlogApiApplication [StartupInfoLogger.java:61] Started BlogApiApplication in 2.446 seconds (JVM running for 3.301)
2024-07-25 22:40:44,913 INFO [http-nio-8080-exec-1] o.a.c.c.C.[.[.[/] [DirectJDKLog.java:173] Initializing Spring DispatcherServlet 'dispatcherServlet'
2024-07-25 22:40:44,913 INFO [http-nio-8080-exec-1] o.s.w.s.DispatcherServlet [FrameworkServlet.java:525] Initializing Servlet 'dispatcherServlet'
2024-07-25 22:40:44,914 INFO [http-nio-8080-exec-1] o.s.w.s.DispatcherServlet [FrameworkServlet.java:547] Completed initialization in 0 ms
2024-07-25 22:41:28,411 INFO [main] c.g.b.BlogApiApplication [StartupInfoLogger.java:55] Starting BlogApiApplication using Java 1.8.0_372 on Sakura with PID 25236 (G:\A.项目组项目\项目组博客\Blog\Blog-api\target\classes started by 吴晓 in G:\A.项目组项目\项目组博客\Blog\Blog-api)
2024-07-25 22:41:28,413 INFO [main] c.g.b.BlogApiApplication [SpringApplication.java:651] The following 1 profile is active: "local"
2024-07-25 22:41:28,822 INFO [main] o.s.d.r.c.RepositoryConfigurationDelegate [RepositoryConfigurationDelegate.java:262] Multiple Spring Data modules found, entering strict repository configuration mode
2024-07-25 22:41:28,823 INFO [main] o.s.d.r.c.RepositoryConfigurationDelegate [RepositoryConfigurationDelegate.java:132] Bootstrapping Spring Data Redis repositories in DEFAULT mode.
2024-07-25 22:41:28,839 INFO [main] o.s.d.r.c.RepositoryConfigurationDelegate [RepositoryConfigurationDelegate.java:201] Finished Spring Data repository scanning in 7 ms. Found 0 Redis repository interfaces.
2024-07-25 22:41:29,154 INFO [main] o.s.b.w.e.t.TomcatWebServer [TomcatWebServer.java:108] Tomcat initialized with port(s): 8080 (http)
2024-07-25 22:41:29,159 INFO [main] o.a.c.h.Http11NioProtocol [DirectJDKLog.java:173] Initializing ProtocolHandler ["http-nio-8080"]
2024-07-25 22:41:29,160 INFO [main] o.a.c.c.StandardService [DirectJDKLog.java:173] Starting service [Tomcat]
2024-07-25 22:41:29,160 INFO [main] o.a.c.c.StandardEngine [DirectJDKLog.java:173] Starting Servlet engine: [Apache Tomcat/9.0.68]
2024-07-25 22:41:29,234 INFO [main] o.a.c.c.C.[.[.[/] [DirectJDKLog.java:173] Initializing Spring embedded WebApplicationContext
2024-07-25 22:41:29,234 INFO [main] o.s.b.w.s.c.ServletWebServerApplicationContext [ServletWebServerApplicationContext.java:290] Root WebApplicationContext: initialization completed in 797 ms
2024-07-25 22:41:30,516 INFO [main] o.s.s.w.DefaultSecurityFilterChain [DefaultSecurityFilterChain.java:55] Will secure any request with [org.springframework.security.web.context.request.async.WebAsyncManagerIntegrationFilter@1163a27, org.springframework.security.web.context.SecurityContextPersistenceFilter@276cc8dc, org.springframework.security.web.header.HeaderWriterFilter@22c53d82, org.springframework.web.filter.CorsFilter@322ba549, org.springframework.security.web.authentication.logout.LogoutFilter@1fbf088b, org.springframework.security.web.savedrequest.RequestCacheAwareFilter@d3f4505, org.springframework.security.web.servletapi.SecurityContextHolderAwareRequestFilter@1c3259fa, org.springframework.security.web.authentication.AnonymousAuthenticationFilter@502a4156, org.springframework.security.web.session.SessionManagementFilter@3b4a1a75, org.springframework.security.web.access.ExceptionTranslationFilter@2c7db926, org.springframework.security.web.access.intercept.FilterSecurityInterceptor@d16be4f]
2024-07-25 22:41:30,539 INFO [main] o.a.c.h.Http11NioProtocol [DirectJDKLog.java:173] Starting ProtocolHandler ["http-nio-8080"]
2024-07-25 22:41:30,551 INFO [main] o.s.b.w.e.t.TomcatWebServer [TomcatWebServer.java:220] Tomcat started on port(s): 8080 (http) with context path ''
2024-07-25 22:41:30,557 INFO [main] c.g.b.BlogApiApplication [StartupInfoLogger.java:61] Started BlogApiApplication in 2.455 seconds (JVM running for 3.324)
2024-07-25 22:41:36,509 INFO [http-nio-8080-exec-2] o.a.c.c.C.[.[.[/] [DirectJDKLog.java:173] Initializing Spring DispatcherServlet 'dispatcherServlet'
2024-07-25 22:41:36,509 INFO [http-nio-8080-exec-2] o.s.w.s.DispatcherServlet [FrameworkServlet.java:525] Initializing Servlet 'dispatcherServlet'
2024-07-25 22:41:36,510 INFO [http-nio-8080-exec-2] o.s.w.s.DispatcherServlet [FrameworkServlet.java:547] Completed initialization in 1 ms
2024-07-25 23:14:08,040 INFO [main] c.g.b.BlogApiApplication [StartupInfoLogger.java:55] Starting BlogApiApplication using Java 1.8.0_372 on Sakura with PID 3600 (G:\A.项目组项目\项目组博客\Blog\Blog-api\target\classes started by 吴晓 in G:\A.项目组项目\项目组博客\Blog\Blog-api)
2024-07-25 23:14:08,043 INFO [main] c.g.b.BlogApiApplication [SpringApplication.java:651] The following 1 profile is active: "local"
2024-07-25 23:14:08,476 INFO [main] o.s.d.r.c.RepositoryConfigurationDelegate [RepositoryConfigurationDelegate.java:262] Multiple Spring Data modules found, entering strict repository configuration mode
2024-07-25 23:14:08,478 INFO [main] o.s.d.r.c.RepositoryConfigurationDelegate [RepositoryConfigurationDelegate.java:132] Bootstrapping Spring Data Redis repositories in DEFAULT mode.
2024-07-25 23:14:08,493 INFO [main] o.s.d.r.c.RepositoryConfigurationDelegate [RepositoryConfigurationDelegate.java:201] Finished Spring Data repository scanning in 6 ms. Found 0 Redis repository interfaces.
2024-07-25 23:14:08,805 INFO [main] o.s.b.w.e.t.TomcatWebServer [TomcatWebServer.java:108] Tomcat initialized with port(s): 8080 (http)
2024-07-25 23:14:08,811 INFO [main] o.a.c.h.Http11NioProtocol [DirectJDKLog.java:173] Initializing ProtocolHandler ["http-nio-8080"]
2024-07-25 23:14:08,812 INFO [main] o.a.c.c.StandardService [DirectJDKLog.java:173] Starting service [Tomcat]
2024-07-25 23:14:08,812 INFO [main] o.a.c.c.StandardEngine [DirectJDKLog.java:173] Starting Servlet engine: [Apache Tomcat/9.0.68]
2024-07-25 23:14:08,884 INFO [main] o.a.c.c.C.[.[.[/] [DirectJDKLog.java:173] Initializing Spring embedded WebApplicationContext
2024-07-25 23:14:08,885 INFO [main] o.s.b.w.s.c.ServletWebServerApplicationContext [ServletWebServerApplicationContext.java:290] Root WebApplicationContext: initialization completed in 814 ms
2024-07-25 23:14:10,169 INFO [main] o.s.s.w.DefaultSecurityFilterChain [DefaultSecurityFilterChain.java:55] Will secure any request with [org.springframework.security.web.context.request.async.WebAsyncManagerIntegrationFilter@441fbe89, org.springframework.security.web.context.SecurityContextPersistenceFilter@45c9b3, org.springframework.security.web.header.HeaderWriterFilter@71adfedd, org.springframework.web.filter.CorsFilter@6088451e, org.springframework.security.web.authentication.logout.LogoutFilter@25f15f50, org.springframework.security.web.savedrequest.RequestCacheAwareFilter@6680f714, org.springframework.security.web.servletapi.SecurityContextHolderAwareRequestFilter@276cc8dc, org.springframework.security.web.authentication.AnonymousAuthenticationFilter@45ab3bdd, org.springframework.security.web.session.SessionManagementFilter@68d6d775, org.springframework.security.web.access.ExceptionTranslationFilter@17e9bc9e, org.springframework.security.web.access.intercept.FilterSecurityInterceptor@18b74ea]
2024-07-25 23:14:10,203 INFO [main] o.a.c.h.Http11NioProtocol [DirectJDKLog.java:173] Starting ProtocolHandler ["http-nio-8080"]
2024-07-25 23:14:10,217 INFO [main] o.s.b.w.e.t.TomcatWebServer [TomcatWebServer.java:220] Tomcat started on port(s): 8080 (http) with context path ''
2024-07-25 23:14:10,224 INFO [main] c.g.b.BlogApiApplication [StartupInfoLogger.java:61] Started BlogApiApplication in 2.582 seconds (JVM running for 3.448)
2024-07-25 23:14:32,621 INFO [http-nio-8080-exec-1] o.a.c.c.C.[.[.[/] [DirectJDKLog.java:173] Initializing Spring DispatcherServlet 'dispatcherServlet'
2024-07-25 23:14:32,621 INFO [http-nio-8080-exec-1] o.s.w.s.DispatcherServlet [FrameworkServlet.java:525] Initializing Servlet 'dispatcherServlet'
2024-07-25 23:14:32,623 INFO [http-nio-8080-exec-1] o.s.w.s.DispatcherServlet [FrameworkServlet.java:547] Completed initialization in 1 ms
2024-07-25 23:15:07,306 INFO [main] c.g.b.BlogApiApplication [StartupInfoLogger.java:55] Starting BlogApiApplication using Java 1.8.0_372 on Sakura with PID 28352 (G:\A.项目组项目\项目组博客\Blog\Blog-api\target\classes started by 吴晓 in G:\A.项目组项目\项目组博客\Blog\Blog-api)
2024-07-25 23:15:07,308 INFO [main] c.g.b.BlogApiApplication [SpringApplication.java:651] The following 1 profile is active: "local"
2024-07-25 23:15:07,719 INFO [main] o.s.d.r.c.RepositoryConfigurationDelegate [RepositoryConfigurationDelegate.java:262] Multiple Spring Data modules found, entering strict repository configuration mode
2024-07-25 23:15:07,721 INFO [main] o.s.d.r.c.RepositoryConfigurationDelegate [RepositoryConfigurationDelegate.java:132] Bootstrapping Spring Data Redis repositories in DEFAULT mode.
2024-07-25 23:15:07,736 INFO [main] o.s.d.r.c.RepositoryConfigurationDelegate [RepositoryConfigurationDelegate.java:201] Finished Spring Data repository scanning in 6 ms. Found 0 Redis repository interfaces.
2024-07-25 23:15:08,040 INFO [main] o.s.b.w.e.t.TomcatWebServer [TomcatWebServer.java:108] Tomcat initialized with port(s): 8080 (http)
2024-07-25 23:15:08,045 INFO [main] o.a.c.h.Http11NioProtocol [DirectJDKLog.java:173] Initializing ProtocolHandler ["http-nio-8080"]
2024-07-25 23:15:08,046 INFO [main] o.a.c.c.StandardService [DirectJDKLog.java:173] Starting service [Tomcat]
2024-07-25 23:15:08,046 INFO [main] o.a.c.c.StandardEngine [DirectJDKLog.java:173] Starting Servlet engine: [Apache Tomcat/9.0.68]
2024-07-25 23:15:08,118 INFO [main] o.a.c.c.C.[.[.[/] [DirectJDKLog.java:173] Initializing Spring embedded WebApplicationContext
2024-07-25 23:15:08,118 INFO [main] o.s.b.w.s.c.ServletWebServerApplicationContext [ServletWebServerApplicationContext.java:290] Root WebApplicationContext: initialization completed in 784 ms
2024-07-25 23:15:09,486 INFO [main] o.s.s.w.DefaultSecurityFilterChain [DefaultSecurityFilterChain.java:55] Will secure any request with [org.springframework.security.web.context.request.async.WebAsyncManagerIntegrationFilter@a09303, org.springframework.security.web.context.SecurityContextPersistenceFilter@65bad087, org.springframework.security.web.header.HeaderWriterFilter@63300c4b, org.springframework.web.filter.CorsFilter@1163a27, org.springframework.security.web.authentication.logout.LogoutFilter@11d045b4, org.springframework.security.web.savedrequest.RequestCacheAwareFilter@66cd621b, org.springframework.security.web.servletapi.SecurityContextHolderAwareRequestFilter@2fe74516, org.springframework.security.web.authentication.AnonymousAuthenticationFilter@322ba549, org.springframework.security.web.session.SessionManagementFilter@5a936e64, org.springframework.security.web.access.ExceptionTranslationFilter@3238e2aa, org.springframework.security.web.access.intercept.FilterSecurityInterceptor@6413d7e7]
2024-07-25 23:15:09,522 INFO [main] o.a.c.h.Http11NioProtocol [DirectJDKLog.java:173] Starting ProtocolHandler ["http-nio-8080"]
2024-07-25 23:15:09,539 INFO [main] o.s.b.w.e.t.TomcatWebServer [TomcatWebServer.java:220] Tomcat started on port(s): 8080 (http) with context path ''
2024-07-25 23:15:09,546 INFO [main] c.g.b.BlogApiApplication [StartupInfoLogger.java:61] Started BlogApiApplication in 2.563 seconds (JVM running for 3.442)
2024-07-25 23:15:11,971 INFO [http-nio-8080-exec-1] o.a.c.c.C.[.[.[/] [DirectJDKLog.java:173] Initializing Spring DispatcherServlet 'dispatcherServlet'
2024-07-25 23:15:11,971 INFO [http-nio-8080-exec-1] o.s.w.s.DispatcherServlet [FrameworkServlet.java:525] Initializing Servlet 'dispatcherServlet'
2024-07-25 23:15:11,972 INFO [http-nio-8080-exec-1] o.s.w.s.DispatcherServlet [FrameworkServlet.java:547] Completed initialization in 1 ms
