2024-07-28 18:26:27,028 INFO [main] c.g.b.BlogApiApplication [StartupInfoLogger.java:55] Starting BlogApiApplication using Java 1.8.0_372 on Sakura with PID 26400 (G:\A.项目组项目\项目组博客\Blog\Blog-api\target\classes started by 吴晓 in G:\A.项目组项目\项目组博客\Blog\Blog-api)
2024-07-28 18:26:27,034 INFO [main] c.g.b.BlogApiApplication [SpringApplication.java:651] The following 1 profile is active: "dev"
2024-07-28 18:26:27,568 INFO [main] o.s.d.r.c.RepositoryConfigurationDelegate [RepositoryConfigurationDelegate.java:262] Multiple Spring Data modules found, entering strict repository configuration mode
2024-07-28 18:26:27,570 INFO [main] o.s.d.r.c.RepositoryConfigurationDelegate [RepositoryConfigurationDelegate.java:132] Bootstrapping Spring Data Redis repositories in DEFAULT mode.
2024-07-28 18:26:27,592 INFO [main] o.s.d.r.c.RepositoryConfigurationDelegate [RepositoryConfigurationDelegate.java:201] Finished Spring Data repository scanning in 9 ms. Found 0 Redis repository interfaces.
2024-07-28 18:26:28,001 INFO [main] o.s.b.w.e.t.TomcatWebServer [TomcatWebServer.java:108] Tomcat initialized with port(s): 8080 (http)
2024-07-28 18:26:28,008 INFO [main] o.a.c.h.Http11NioProtocol [DirectJDKLog.java:173] Initializing ProtocolHandler ["http-nio-8080"]
2024-07-28 18:26:28,009 INFO [main] o.a.c.c.StandardService [DirectJDKLog.java:173] Starting service [Tomcat]
2024-07-28 18:26:28,009 INFO [main] o.a.c.c.StandardEngine [DirectJDKLog.java:173] Starting Servlet engine: [Apache Tomcat/9.0.68]
2024-07-28 18:26:28,109 INFO [main] o.a.c.c.C.[.[.[/] [DirectJDKLog.java:173] Initializing Spring embedded WebApplicationContext
2024-07-28 18:26:28,110 INFO [main] o.s.b.w.s.c.ServletWebServerApplicationContext [ServletWebServerApplicationContext.java:290] Root WebApplicationContext: initialization completed in 1047 ms
2024-07-28 18:26:30,388 INFO [main] o.s.s.w.DefaultSecurityFilterChain [DefaultSecurityFilterChain.java:55] Will secure any request with [org.springframework.security.web.context.request.async.WebAsyncManagerIntegrationFilter@29f38091, org.springframework.security.web.context.SecurityContextPersistenceFilter@76536c53, org.springframework.security.web.header.HeaderWriterFilter@4cfa83f9, org.springframework.web.filter.CorsFilter@161dd92a, org.springframework.security.web.authentication.logout.LogoutFilter@74834afd, com.group.blogapi.filter.JwtAuthenticationTokenFilter@1bd0b0e5, org.springframework.security.web.savedrequest.RequestCacheAwareFilter@363c32cc, org.springframework.security.web.servletapi.SecurityContextHolderAwareRequestFilter@b27b210, org.springframework.security.web.authentication.AnonymousAuthenticationFilter@77c3c037, org.springframework.security.web.session.SessionManagementFilter@76bf1bb8, org.springframework.security.web.access.ExceptionTranslationFilter@3878be7b, org.springframework.security.web.access.intercept.FilterSecurityInterceptor@4b1ec694]
2024-07-28 18:26:30,412 INFO [main] o.a.c.h.Http11NioProtocol [DirectJDKLog.java:173] Starting ProtocolHandler ["http-nio-8080"]
2024-07-28 18:26:30,424 INFO [main] o.s.b.w.e.t.TomcatWebServer [TomcatWebServer.java:220] Tomcat started on port(s): 8080 (http) with context path ''
2024-07-28 18:26:30,431 INFO [main] c.g.b.BlogApiApplication [StartupInfoLogger.java:61] Started BlogApiApplication in 3.838 seconds (JVM running for 5.052)
2024-07-28 18:26:37,804 INFO [main] c.g.b.BlogApiApplication [StartupInfoLogger.java:55] Starting BlogApiApplication using Java 1.8.0_372 on Sakura with PID 15348 (G:\A.项目组项目\项目组博客\Blog\Blog-api\target\classes started by 吴晓 in G:\A.项目组项目\项目组博客\Blog\Blog-api)
2024-07-28 18:26:37,806 INFO [main] c.g.b.BlogApiApplication [SpringApplication.java:651] The following 1 profile is active: "dev"
2024-07-28 18:26:38,234 INFO [main] o.s.d.r.c.RepositoryConfigurationDelegate [RepositoryConfigurationDelegate.java:262] Multiple Spring Data modules found, entering strict repository configuration mode
2024-07-28 18:26:38,236 INFO [main] o.s.d.r.c.RepositoryConfigurationDelegate [RepositoryConfigurationDelegate.java:132] Bootstrapping Spring Data Redis repositories in DEFAULT mode.
2024-07-28 18:26:38,253 INFO [main] o.s.d.r.c.RepositoryConfigurationDelegate [RepositoryConfigurationDelegate.java:201] Finished Spring Data repository scanning in 7 ms. Found 0 Redis repository interfaces.
2024-07-28 18:26:38,572 INFO [main] o.s.b.w.e.t.TomcatWebServer [TomcatWebServer.java:108] Tomcat initialized with port(s): 8080 (http)
2024-07-28 18:26:38,578 INFO [main] o.a.c.h.Http11NioProtocol [DirectJDKLog.java:173] Initializing ProtocolHandler ["http-nio-8080"]
2024-07-28 18:26:38,579 INFO [main] o.a.c.c.StandardService [DirectJDKLog.java:173] Starting service [Tomcat]
2024-07-28 18:26:38,579 INFO [main] o.a.c.c.StandardEngine [DirectJDKLog.java:173] Starting Servlet engine: [Apache Tomcat/9.0.68]
2024-07-28 18:26:38,656 INFO [main] o.a.c.c.C.[.[.[/] [DirectJDKLog.java:173] Initializing Spring embedded WebApplicationContext
2024-07-28 18:26:38,657 INFO [main] o.s.b.w.s.c.ServletWebServerApplicationContext [ServletWebServerApplicationContext.java:290] Root WebApplicationContext: initialization completed in 825 ms
2024-07-28 18:26:40,412 INFO [main] o.s.s.w.DefaultSecurityFilterChain [DefaultSecurityFilterChain.java:55] Will secure any request with [org.springframework.security.web.context.request.async.WebAsyncManagerIntegrationFilter@49fb0bbd, org.springframework.security.web.context.SecurityContextPersistenceFilter@63f855b, org.springframework.security.web.header.HeaderWriterFilter@72b6832e, org.springframework.web.filter.CorsFilter@5489b1f7, org.springframework.security.web.authentication.logout.LogoutFilter@1e84f3c8, com.group.blogapi.filter.JwtAuthenticationTokenFilter@7a7d1b47, org.springframework.security.web.savedrequest.RequestCacheAwareFilter@4cffcc61, org.springframework.security.web.servletapi.SecurityContextHolderAwareRequestFilter@76536c53, org.springframework.security.web.authentication.AnonymousAuthenticationFilter@4faf104, org.springframework.security.web.session.SessionManagementFilter@4c5a2baf, org.springframework.security.web.access.ExceptionTranslationFilter@78d9f51b, org.springframework.security.web.access.intercept.FilterSecurityInterceptor@7a6ea47d]
2024-07-28 18:26:40,436 INFO [main] o.a.c.h.Http11NioProtocol [DirectJDKLog.java:173] Starting ProtocolHandler ["http-nio-8080"]
2024-07-28 18:26:40,447 INFO [main] o.s.b.w.e.t.TomcatWebServer [TomcatWebServer.java:220] Tomcat started on port(s): 8080 (http) with context path ''
2024-07-28 18:26:40,454 INFO [main] c.g.b.BlogApiApplication [StartupInfoLogger.java:61] Started BlogApiApplication in 3.001 seconds (JVM running for 4.0)
2024-07-28 18:26:46,876 INFO [http-nio-8080-exec-1] o.a.c.c.C.[.[.[/] [DirectJDKLog.java:173] Initializing Spring DispatcherServlet 'dispatcherServlet'
2024-07-28 18:26:46,876 INFO [http-nio-8080-exec-1] o.s.w.s.DispatcherServlet [FrameworkServlet.java:525] Initializing Servlet 'dispatcherServlet'
2024-07-28 18:26:46,877 INFO [http-nio-8080-exec-1] o.s.w.s.DispatcherServlet [FrameworkServlet.java:547] Completed initialization in 1 ms
2024-07-28 18:26:47,002 INFO [http-nio-8080-exec-1] c.z.h.HikariDataSource [HikariDataSource.java:110] HikariPool-1 - Starting...
2024-07-28 18:27:06,724 INFO [http-nio-8080-exec-2] c.z.h.HikariDataSource [HikariDataSource.java:110] HikariPool-1 - Starting...
2024-07-28 18:27:06,788 INFO [http-nio-8080-exec-2] c.z.h.HikariDataSource [HikariDataSource.java:123] HikariPool-1 - Start completed.
