<<<<<<< HEAD
2024-08-01 13:27:08,335 INFO [main] c.g.b.BlogApiApplicationTests [StartupInfoLogger.java:55] Starting BlogApiApplicationTests using Java 1.8.0_422 on karzy with PID 31956 (started by refuse in D:\develop\code\Blog5\Blog-api)
2024-08-01 13:27:08,336 INFO [main] c.g.b.BlogApiApplicationTests [SpringApplication.java:651] The following 1 profile is active: "dev"
2024-08-01 13:27:08,824 INFO [main] o.s.d.r.c.RepositoryConfigurationDelegate [RepositoryConfigurationDelegate.java:262] Multiple Spring Data modules found, entering strict repository configuration mode
2024-08-01 13:27:08,826 INFO [main] o.s.d.r.c.RepositoryConfigurationDelegate [RepositoryConfigurationDelegate.java:132] Bootstrapping Spring Data Redis repositories in DEFAULT mode.
2024-08-01 13:27:08,845 INFO [main] o.s.d.r.c.RepositoryConfigurationDelegate [RepositoryConfigurationDelegate.java:201] Finished Spring Data repository scanning in 8 ms. Found 0 Redis repository interfaces.
2024-08-01 13:27:10,446 INFO [main] c.g.b.c.RedisConfiguration [RedisConfiguration.java:16] 开始创建redis模板对象...
2024-08-01 13:27:11,885 INFO [main] o.s.s.w.DefaultSecurityFilterChain [DefaultSecurityFilterChain.java:55] Will secure any request with [org.springframework.security.web.context.request.async.WebAsyncManagerIntegrationFilter@51b87df7, org.springframework.security.web.context.SecurityContextPersistenceFilter@374ccb9, org.springframework.security.web.header.HeaderWriterFilter@25a5c8e, org.springframework.web.filter.CorsFilter@2315052d, org.springframework.security.web.authentication.logout.LogoutFilter@35563e4c, com.group.blogapi.filter.JwtAuthenticationTokenFilter@634e1b39, org.springframework.security.web.savedrequest.RequestCacheAwareFilter@2ab09943, org.springframework.security.web.servletapi.SecurityContextHolderAwareRequestFilter@191ec193, org.springframework.security.web.authentication.AnonymousAuthenticationFilter@67d8faec, org.springframework.security.web.session.SessionManagementFilter@77324a58, org.springframework.security.web.access.ExceptionTranslationFilter@34f7b44f, org.springframework.security.web.access.intercept.FilterSecurityInterceptor@4703c998]
2024-08-01 13:27:11,944 INFO [main] c.g.b.BlogApiApplicationTests [StartupInfoLogger.java:61] Started BlogApiApplicationTests in 3.92 seconds (JVM running for 5.125)
2024-08-01 13:29:05,492 INFO [main] c.g.b.BlogApiApplicationTests [StartupInfoLogger.java:55] Starting BlogApiApplicationTests using Java 1.8.0_422 on karzy with PID 15520 (started by refuse in D:\develop\code\Blog5\Blog-api)
2024-08-01 13:29:05,494 INFO [main] c.g.b.BlogApiApplicationTests [SpringApplication.java:651] The following 1 profile is active: "dev"
2024-08-01 13:29:06,003 INFO [main] o.s.d.r.c.RepositoryConfigurationDelegate [RepositoryConfigurationDelegate.java:262] Multiple Spring Data modules found, entering strict repository configuration mode
2024-08-01 13:29:06,006 INFO [main] o.s.d.r.c.RepositoryConfigurationDelegate [RepositoryConfigurationDelegate.java:132] Bootstrapping Spring Data Redis repositories in DEFAULT mode.
2024-08-01 13:29:06,035 INFO [main] o.s.d.r.c.RepositoryConfigurationDelegate [RepositoryConfigurationDelegate.java:201] Finished Spring Data repository scanning in 12 ms. Found 0 Redis repository interfaces.
2024-08-01 13:29:07,833 INFO [main] c.g.b.c.RedisConfiguration [RedisConfiguration.java:16] 开始创建redis模板对象...
2024-08-01 13:29:09,133 INFO [main] o.s.s.w.DefaultSecurityFilterChain [DefaultSecurityFilterChain.java:55] Will secure any request with [org.springframework.security.web.context.request.async.WebAsyncManagerIntegrationFilter@6dae70f9, org.springframework.security.web.context.SecurityContextPersistenceFilter@191ec193, org.springframework.security.web.header.HeaderWriterFilter@5329f6b3, org.springframework.web.filter.CorsFilter@4d81e83a, org.springframework.security.web.authentication.logout.LogoutFilter@ad3f70a, com.group.blogapi.filter.JwtAuthenticationTokenFilter@53a301f3, org.springframework.security.web.savedrequest.RequestCacheAwareFilter@1c7f9861, org.springframework.security.web.servletapi.SecurityContextHolderAwareRequestFilter@1b7554d4, org.springframework.security.web.authentication.AnonymousAuthenticationFilter@7cf8f45a, org.springframework.security.web.session.SessionManagementFilter@7d50f2a8, org.springframework.security.web.access.ExceptionTranslationFilter@7911cc15, org.springframework.security.web.access.intercept.FilterSecurityInterceptor@6c07ad6b]
2024-08-01 13:29:09,196 INFO [main] c.g.b.BlogApiApplicationTests [StartupInfoLogger.java:61] Started BlogApiApplicationTests in 4.105 seconds (JVM running for 4.952)
2024-08-01 13:35:00,410 INFO [main] c.g.b.BlogApiApplicationTests [StartupInfoLogger.java:55] Starting BlogApiApplicationTests using Java 1.8.0_422 on karzy with PID 34292 (started by refuse in D:\develop\code\Blog5\Blog-api)
2024-08-01 13:35:00,411 INFO [main] c.g.b.BlogApiApplicationTests [SpringApplication.java:651] The following 1 profile is active: "dev"
2024-08-01 13:35:00,863 INFO [main] o.s.d.r.c.RepositoryConfigurationDelegate [RepositoryConfigurationDelegate.java:262] Multiple Spring Data modules found, entering strict repository configuration mode
2024-08-01 13:35:00,865 INFO [main] o.s.d.r.c.RepositoryConfigurationDelegate [RepositoryConfigurationDelegate.java:132] Bootstrapping Spring Data Redis repositories in DEFAULT mode.
2024-08-01 13:35:00,883 INFO [main] o.s.d.r.c.RepositoryConfigurationDelegate [RepositoryConfigurationDelegate.java:201] Finished Spring Data repository scanning in 8 ms. Found 0 Redis repository interfaces.
2024-08-01 13:35:02,544 INFO [main] c.g.b.c.RedisConfiguration [RedisConfiguration.java:16] 开始创建redis模板对象...
2024-08-01 13:35:03,997 INFO [main] o.s.s.w.DefaultSecurityFilterChain [DefaultSecurityFilterChain.java:55] Will secure any request with [org.springframework.security.web.context.request.async.WebAsyncManagerIntegrationFilter@751d7425, org.springframework.security.web.context.SecurityContextPersistenceFilter@5864e8bf, org.springframework.security.web.header.HeaderWriterFilter@14e750c5, org.springframework.web.filter.CorsFilter@7eaa2bc6, org.springframework.security.web.authentication.logout.LogoutFilter@1693ff90, com.group.blogapi.filter.JwtAuthenticationTokenFilter@6dae70f9, org.springframework.security.web.savedrequest.RequestCacheAwareFilter@191ec193, org.springframework.security.web.servletapi.SecurityContextHolderAwareRequestFilter@154b8cb6, org.springframework.security.web.authentication.AnonymousAuthenticationFilter@4d81e83a, org.springframework.security.web.session.SessionManagementFilter@66713605, org.springframework.security.web.access.ExceptionTranslationFilter@25a5c8e, org.springframework.security.web.access.intercept.FilterSecurityInterceptor@79add732]
2024-08-01 13:35:04,089 INFO [main] c.g.b.BlogApiApplicationTests [StartupInfoLogger.java:61] Started BlogApiApplicationTests in 3.979 seconds (JVM running for 4.751)
2024-08-01 13:48:38,453 INFO [main] c.g.b.BlogApiApplicationTests [StartupInfoLogger.java:55] Starting BlogApiApplicationTests using Java 1.8.0_422 on karzy with PID 23772 (started by refuse in D:\develop\code\Blog5\Blog-api)
2024-08-01 13:48:38,454 INFO [main] c.g.b.BlogApiApplicationTests [SpringApplication.java:651] The following 1 profile is active: "dev"
2024-08-01 13:48:38,963 INFO [main] o.s.d.r.c.RepositoryConfigurationDelegate [RepositoryConfigurationDelegate.java:262] Multiple Spring Data modules found, entering strict repository configuration mode
2024-08-01 13:48:38,966 INFO [main] o.s.d.r.c.RepositoryConfigurationDelegate [RepositoryConfigurationDelegate.java:132] Bootstrapping Spring Data Redis repositories in DEFAULT mode.
2024-08-01 13:48:38,995 INFO [main] o.s.d.r.c.RepositoryConfigurationDelegate [RepositoryConfigurationDelegate.java:201] Finished Spring Data repository scanning in 12 ms. Found 0 Redis repository interfaces.
2024-08-01 13:48:40,641 INFO [main] c.g.b.c.RedisConfiguration [RedisConfiguration.java:16] 开始创建redis模板对象...
2024-08-01 13:48:41,930 INFO [main] o.s.s.w.DefaultSecurityFilterChain [DefaultSecurityFilterChain.java:55] Will secure any request with [org.springframework.security.web.context.request.async.WebAsyncManagerIntegrationFilter@5bec3e0, org.springframework.security.web.context.SecurityContextPersistenceFilter@2e0ad709, org.springframework.security.web.header.HeaderWriterFilter@5864e8bf, org.springframework.web.filter.CorsFilter@3b57dba4, org.springframework.security.web.authentication.logout.LogoutFilter@48f2054d, com.group.blogapi.filter.JwtAuthenticationTokenFilter@35f7969d, org.springframework.security.web.savedrequest.RequestCacheAwareFilter@39449465, org.springframework.security.web.servletapi.SecurityContextHolderAwareRequestFilter@53125718, org.springframework.security.web.authentication.AnonymousAuthenticationFilter@3404e5c4, org.springframework.security.web.session.SessionManagementFilter@1b7554d4, org.springframework.security.web.access.ExceptionTranslationFilter@374ccb9, org.springframework.security.web.access.intercept.FilterSecurityInterceptor@45bbc52f]
2024-08-01 13:48:41,991 INFO [main] c.g.b.BlogApiApplicationTests [StartupInfoLogger.java:61] Started BlogApiApplicationTests in 3.928 seconds (JVM running for 4.778)
2024-08-01 13:49:58,248 INFO [main] c.g.b.BlogApiApplicationTests [StartupInfoLogger.java:55] Starting BlogApiApplicationTests using Java 1.8.0_422 on karzy with PID 6996 (started by refuse in D:\develop\code\Blog5\Blog-api)
2024-08-01 13:49:58,249 INFO [main] c.g.b.BlogApiApplicationTests [SpringApplication.java:651] The following 1 profile is active: "dev"
2024-08-01 13:49:58,698 INFO [main] o.s.d.r.c.RepositoryConfigurationDelegate [RepositoryConfigurationDelegate.java:262] Multiple Spring Data modules found, entering strict repository configuration mode
2024-08-01 13:49:58,700 INFO [main] o.s.d.r.c.RepositoryConfigurationDelegate [RepositoryConfigurationDelegate.java:132] Bootstrapping Spring Data Redis repositories in DEFAULT mode.
2024-08-01 13:49:58,718 INFO [main] o.s.d.r.c.RepositoryConfigurationDelegate [RepositoryConfigurationDelegate.java:201] Finished Spring Data repository scanning in 8 ms. Found 0 Redis repository interfaces.
2024-08-01 13:50:00,312 INFO [main] c.g.b.c.RedisConfiguration [RedisConfiguration.java:16] 开始创建redis模板对象...
2024-08-01 13:50:01,615 INFO [main] o.s.s.w.DefaultSecurityFilterChain [DefaultSecurityFilterChain.java:55] Will secure any request with [org.springframework.security.web.context.request.async.WebAsyncManagerIntegrationFilter@634e1b39, org.springframework.security.web.context.SecurityContextPersistenceFilter@2ab09943, org.springframework.security.web.header.HeaderWriterFilter@7911cc15, org.springframework.web.filter.CorsFilter@67d8faec, org.springframework.security.web.authentication.logout.LogoutFilter@ef86c72, com.group.blogapi.filter.JwtAuthenticationTokenFilter@751d7425, org.springframework.security.web.savedrequest.RequestCacheAwareFilter@5864e8bf, org.springframework.security.web.servletapi.SecurityContextHolderAwareRequestFilter@1c7f9861, org.springframework.security.web.authentication.AnonymousAuthenticationFilter@7eaa2bc6, org.springframework.security.web.session.SessionManagementFilter@307cf964, org.springframework.security.web.access.ExceptionTranslationFilter@5175d9ad, org.springframework.security.web.access.intercept.FilterSecurityInterceptor@6d874695]
2024-08-01 13:50:01,688 INFO [main] c.g.b.BlogApiApplicationTests [StartupInfoLogger.java:61] Started BlogApiApplicationTests in 3.735 seconds (JVM running for 4.532)
2024-08-01 13:54:22,258 INFO [main] c.g.b.BlogApiApplicationTests [StartupInfoLogger.java:55] Starting BlogApiApplicationTests using Java 1.8.0_422 on karzy with PID 23456 (started by refuse in D:\develop\code\Blog5\Blog-api)
2024-08-01 13:54:22,259 INFO [main] c.g.b.BlogApiApplicationTests [SpringApplication.java:651] The following 1 profile is active: "dev"
2024-08-01 13:54:22,706 INFO [main] o.s.d.r.c.RepositoryConfigurationDelegate [RepositoryConfigurationDelegate.java:262] Multiple Spring Data modules found, entering strict repository configuration mode
2024-08-01 13:54:22,708 INFO [main] o.s.d.r.c.RepositoryConfigurationDelegate [RepositoryConfigurationDelegate.java:132] Bootstrapping Spring Data Redis repositories in DEFAULT mode.
2024-08-01 13:54:22,726 INFO [main] o.s.d.r.c.RepositoryConfigurationDelegate [RepositoryConfigurationDelegate.java:201] Finished Spring Data repository scanning in 8 ms. Found 0 Redis repository interfaces.
2024-08-01 13:54:24,343 INFO [main] c.g.b.c.RedisConfiguration [RedisConfiguration.java:16] 开始创建redis模板对象...
2024-08-01 13:54:25,740 INFO [main] o.s.s.w.DefaultSecurityFilterChain [DefaultSecurityFilterChain.java:55] Will secure any request with [org.springframework.security.web.context.request.async.WebAsyncManagerIntegrationFilter@2315052d, org.springframework.security.web.context.SecurityContextPersistenceFilter@66713605, org.springframework.security.web.header.HeaderWriterFilter@656c5c3, org.springframework.web.filter.CorsFilter@634e1b39, org.springframework.security.web.authentication.logout.LogoutFilter@6dd79214, com.group.blogapi.filter.JwtAuthenticationTokenFilter@67d8faec, org.springframework.security.web.savedrequest.RequestCacheAwareFilter@7d50f2a8, org.springframework.security.web.servletapi.SecurityContextHolderAwareRequestFilter@6321a5aa, org.springframework.security.web.authentication.AnonymousAuthenticationFilter@751d7425, org.springframework.security.web.session.SessionManagementFilter@2c7c0e36, org.springframework.security.web.access.ExceptionTranslationFilter@5403907, org.springframework.security.web.access.intercept.FilterSecurityInterceptor@71166348]
2024-08-01 13:54:25,811 INFO [main] c.g.b.BlogApiApplicationTests [StartupInfoLogger.java:61] Started BlogApiApplicationTests in 3.889 seconds (JVM running for 4.719)
2024-08-01 14:09:13,466 INFO [main] c.g.b.BlogApiApplicationTests [StartupInfoLogger.java:55] Starting BlogApiApplicationTests using Java 1.8.0_422 on karzy with PID 6636 (started by refuse in D:\develop\code\Blog5\Blog-api)
2024-08-01 14:09:13,467 INFO [main] c.g.b.BlogApiApplicationTests [SpringApplication.java:651] The following 1 profile is active: "dev"
2024-08-01 14:09:13,908 INFO [main] o.s.d.r.c.RepositoryConfigurationDelegate [RepositoryConfigurationDelegate.java:262] Multiple Spring Data modules found, entering strict repository configuration mode
2024-08-01 14:09:13,910 INFO [main] o.s.d.r.c.RepositoryConfigurationDelegate [RepositoryConfigurationDelegate.java:132] Bootstrapping Spring Data Redis repositories in DEFAULT mode.
2024-08-01 14:09:13,929 INFO [main] o.s.d.r.c.RepositoryConfigurationDelegate [RepositoryConfigurationDelegate.java:201] Finished Spring Data repository scanning in 9 ms. Found 0 Redis repository interfaces.
2024-08-01 14:09:15,522 INFO [main] c.g.b.c.RedisConfiguration [RedisConfiguration.java:16] 开始创建redis模板对象...
2024-08-01 14:09:16,840 INFO [main] o.s.s.w.DefaultSecurityFilterChain [DefaultSecurityFilterChain.java:55] Will secure any request with [org.springframework.security.web.context.request.async.WebAsyncManagerIntegrationFilter@62cf6a84, org.springframework.security.web.context.SecurityContextPersistenceFilter@154b8cb6, org.springframework.security.web.header.HeaderWriterFilter@307cf964, org.springframework.web.filter.CorsFilter@204d9edf, org.springframework.security.web.authentication.logout.LogoutFilter@7761e342, com.group.blogapi.filter.JwtAuthenticationTokenFilter@6b2aafbc, org.springframework.security.web.savedrequest.RequestCacheAwareFilter@1b7554d4, org.springframework.security.web.servletapi.SecurityContextHolderAwareRequestFilter@1fe8f5e8, org.springframework.security.web.authentication.AnonymousAuthenticationFilter@50cbcca7, org.springframework.security.web.session.SessionManagementFilter@6321a5aa, org.springframework.security.web.access.ExceptionTranslationFilter@5329f6b3, org.springframework.security.web.access.intercept.FilterSecurityInterceptor@72af90e8]
2024-08-01 14:09:16,903 INFO [main] c.g.b.BlogApiApplicationTests [StartupInfoLogger.java:61] Started BlogApiApplicationTests in 3.739 seconds (JVM running for 4.514)
=======
2024-07-29 14:34:24,914 INFO [main] c.g.b.BlogApiApplication [StartupInfoLogger.java:55] Starting BlogApiApplication using Java 1.8.0_372 on Sakura with PID 10816 (G:\A.项目组项目\项目组博客\Blog\Blog-api\target\classes started by 吴晓 in G:\A.项目组项目\项目组博客\Blog\Blog-api)
2024-07-29 14:34:24,919 INFO [main] c.g.b.BlogApiApplication [SpringApplication.java:651] The following 1 profile is active: "dev"
2024-07-29 14:34:25,455 INFO [main] o.s.d.r.c.RepositoryConfigurationDelegate [RepositoryConfigurationDelegate.java:262] Multiple Spring Data modules found, entering strict repository configuration mode
2024-07-29 14:34:25,457 INFO [main] o.s.d.r.c.RepositoryConfigurationDelegate [RepositoryConfigurationDelegate.java:132] Bootstrapping Spring Data Redis repositories in DEFAULT mode.
2024-07-29 14:34:25,480 INFO [main] o.s.d.r.c.RepositoryConfigurationDelegate [RepositoryConfigurationDelegate.java:201] Finished Spring Data repository scanning in 9 ms. Found 0 Redis repository interfaces.
2024-07-29 14:34:25,893 INFO [main] o.s.b.w.e.t.TomcatWebServer [TomcatWebServer.java:108] Tomcat initialized with port(s): 8080 (http)
2024-07-29 14:34:25,901 INFO [main] o.a.c.h.Http11NioProtocol [DirectJDKLog.java:173] Initializing ProtocolHandler ["http-nio-8080"]
2024-07-29 14:34:25,901 INFO [main] o.a.c.c.StandardService [DirectJDKLog.java:173] Starting service [Tomcat]
2024-07-29 14:34:25,901 INFO [main] o.a.c.c.StandardEngine [DirectJDKLog.java:173] Starting Servlet engine: [Apache Tomcat/9.0.68]
2024-07-29 14:34:25,995 INFO [main] o.a.c.c.C.[.[.[/] [DirectJDKLog.java:173] Initializing Spring embedded WebApplicationContext
2024-07-29 14:34:25,995 INFO [main] o.s.b.w.s.c.ServletWebServerApplicationContext [ServletWebServerApplicationContext.java:290] Root WebApplicationContext: initialization completed in 1049 ms
2024-07-29 14:34:27,787 INFO [main] o.s.s.w.DefaultSecurityFilterChain [DefaultSecurityFilterChain.java:55] Will secure any request with [org.springframework.security.web.context.request.async.WebAsyncManagerIntegrationFilter@29f38091, org.springframework.security.web.context.SecurityContextPersistenceFilter@76536c53, org.springframework.security.web.header.HeaderWriterFilter@4cfa83f9, org.springframework.web.filter.CorsFilter@161dd92a, org.springframework.security.web.authentication.logout.LogoutFilter@74834afd, com.group.blogapi.filter.JwtAuthenticationTokenFilter@1bd0b0e5, org.springframework.security.web.savedrequest.RequestCacheAwareFilter@363c32cc, org.springframework.security.web.servletapi.SecurityContextHolderAwareRequestFilter@b27b210, org.springframework.security.web.authentication.AnonymousAuthenticationFilter@77c3c037, org.springframework.security.web.session.SessionManagementFilter@76bf1bb8, org.springframework.security.web.access.ExceptionTranslationFilter@3878be7b, org.springframework.security.web.access.intercept.FilterSecurityInterceptor@4b1ec694]
2024-07-29 14:34:27,812 INFO [main] o.a.c.h.Http11NioProtocol [DirectJDKLog.java:173] Starting ProtocolHandler ["http-nio-8080"]
2024-07-29 14:34:27,824 INFO [main] o.s.b.w.e.t.TomcatWebServer [TomcatWebServer.java:220] Tomcat started on port(s): 8080 (http) with context path ''
2024-07-29 14:34:27,831 INFO [main] c.g.b.BlogApiApplication [StartupInfoLogger.java:61] Started BlogApiApplication in 3.337 seconds (JVM running for 4.44)
2024-07-29 14:35:23,108 INFO [http-nio-8080-exec-1] o.a.c.c.C.[.[.[/] [DirectJDKLog.java:173] Initializing Spring DispatcherServlet 'dispatcherServlet'
2024-07-29 14:35:23,108 INFO [http-nio-8080-exec-1] o.s.w.s.DispatcherServlet [FrameworkServlet.java:525] Initializing Servlet 'dispatcherServlet'
2024-07-29 14:35:23,109 INFO [http-nio-8080-exec-1] o.s.w.s.DispatcherServlet [FrameworkServlet.java:547] Completed initialization in 1 ms
2024-07-29 14:35:23,233 INFO [http-nio-8080-exec-1] c.z.h.HikariDataSource [HikariDataSource.java:110] HikariPool-1 - Starting...
2024-07-29 14:36:22,896 INFO [http-nio-8080-exec-3] c.z.h.HikariDataSource [HikariDataSource.java:110] HikariPool-1 - Starting...
2024-07-29 14:36:22,965 INFO [http-nio-8080-exec-3] c.z.h.HikariDataSource [HikariDataSource.java:123] HikariPool-1 - Start completed.
2024-07-29 14:36:30,320 INFO [main] c.g.b.BlogApiApplication [StartupInfoLogger.java:55] Starting BlogApiApplication using Java 1.8.0_372 on Sakura with PID 12328 (G:\A.项目组项目\项目组博客\Blog\Blog-api\target\classes started by 吴晓 in G:\A.项目组项目\项目组博客\Blog\Blog-api)
2024-07-29 14:36:30,323 INFO [main] c.g.b.BlogApiApplication [SpringApplication.java:651] The following 1 profile is active: "dev"
2024-07-29 14:36:30,728 INFO [main] o.s.d.r.c.RepositoryConfigurationDelegate [RepositoryConfigurationDelegate.java:262] Multiple Spring Data modules found, entering strict repository configuration mode
2024-07-29 14:36:30,729 INFO [main] o.s.d.r.c.RepositoryConfigurationDelegate [RepositoryConfigurationDelegate.java:132] Bootstrapping Spring Data Redis repositories in DEFAULT mode.
2024-07-29 14:36:30,744 INFO [main] o.s.d.r.c.RepositoryConfigurationDelegate [RepositoryConfigurationDelegate.java:201] Finished Spring Data repository scanning in 6 ms. Found 0 Redis repository interfaces.
2024-07-29 14:36:31,053 INFO [main] o.s.b.w.e.t.TomcatWebServer [TomcatWebServer.java:108] Tomcat initialized with port(s): 8080 (http)
2024-07-29 14:36:31,058 INFO [main] o.a.c.h.Http11NioProtocol [DirectJDKLog.java:173] Initializing ProtocolHandler ["http-nio-8080"]
2024-07-29 14:36:31,058 INFO [main] o.a.c.c.StandardService [DirectJDKLog.java:173] Starting service [Tomcat]
2024-07-29 14:36:31,059 INFO [main] o.a.c.c.StandardEngine [DirectJDKLog.java:173] Starting Servlet engine: [Apache Tomcat/9.0.68]
2024-07-29 14:36:31,130 INFO [main] o.a.c.c.C.[.[.[/] [DirectJDKLog.java:173] Initializing Spring embedded WebApplicationContext
2024-07-29 14:36:31,130 INFO [main] o.s.b.w.s.c.ServletWebServerApplicationContext [ServletWebServerApplicationContext.java:290] Root WebApplicationContext: initialization completed in 781 ms
2024-07-29 14:36:32,788 INFO [main] o.s.s.w.DefaultSecurityFilterChain [DefaultSecurityFilterChain.java:55] Will secure any request with [org.springframework.security.web.context.request.async.WebAsyncManagerIntegrationFilter@49fb0bbd, org.springframework.security.web.context.SecurityContextPersistenceFilter@63f855b, org.springframework.security.web.header.HeaderWriterFilter@72b6832e, org.springframework.web.filter.CorsFilter@5489b1f7, org.springframework.security.web.authentication.logout.LogoutFilter@1e84f3c8, com.group.blogapi.filter.JwtAuthenticationTokenFilter@7a7d1b47, org.springframework.security.web.savedrequest.RequestCacheAwareFilter@4cffcc61, org.springframework.security.web.servletapi.SecurityContextHolderAwareRequestFilter@76536c53, org.springframework.security.web.authentication.AnonymousAuthenticationFilter@4faf104, org.springframework.security.web.session.SessionManagementFilter@4c5a2baf, org.springframework.security.web.access.ExceptionTranslationFilter@78d9f51b, org.springframework.security.web.access.intercept.FilterSecurityInterceptor@7a6ea47d]
2024-07-29 14:36:32,811 INFO [main] o.a.c.h.Http11NioProtocol [DirectJDKLog.java:173] Starting ProtocolHandler ["http-nio-8080"]
2024-07-29 14:36:32,822 INFO [main] o.s.b.w.e.t.TomcatWebServer [TomcatWebServer.java:220] Tomcat started on port(s): 8080 (http) with context path ''
2024-07-29 14:36:32,830 INFO [main] c.g.b.BlogApiApplication [StartupInfoLogger.java:61] Started BlogApiApplication in 2.844 seconds (JVM running for 3.842)
2024-07-29 14:36:38,715 INFO [http-nio-8080-exec-2] o.a.c.c.C.[.[.[/] [DirectJDKLog.java:173] Initializing Spring DispatcherServlet 'dispatcherServlet'
2024-07-29 14:36:38,716 INFO [http-nio-8080-exec-2] o.s.w.s.DispatcherServlet [FrameworkServlet.java:525] Initializing Servlet 'dispatcherServlet'
2024-07-29 14:36:38,716 INFO [http-nio-8080-exec-2] o.s.w.s.DispatcherServlet [FrameworkServlet.java:547] Completed initialization in 0 ms
2024-07-29 16:22:20,541 INFO [main] c.g.b.BlogApiApplication [StartupInfoLogger.java:55] Starting BlogApiApplication using Java 1.8.0_372 on Sakura with PID 22476 (G:\A.项目组项目\项目组博客\Blog\Blog-api\target\classes started by 吴晓 in G:\A.项目组项目\项目组博客\Blog\Blog-api)
2024-07-29 16:22:20,543 INFO [main] c.g.b.BlogApiApplication [SpringApplication.java:651] The following 1 profile is active: "dev"
2024-07-29 16:22:20,973 INFO [main] o.s.d.r.c.RepositoryConfigurationDelegate [RepositoryConfigurationDelegate.java:262] Multiple Spring Data modules found, entering strict repository configuration mode
2024-07-29 16:22:20,975 INFO [main] o.s.d.r.c.RepositoryConfigurationDelegate [RepositoryConfigurationDelegate.java:132] Bootstrapping Spring Data Redis repositories in DEFAULT mode.
2024-07-29 16:22:20,992 INFO [main] o.s.d.r.c.RepositoryConfigurationDelegate [RepositoryConfigurationDelegate.java:201] Finished Spring Data repository scanning in 7 ms. Found 0 Redis repository interfaces.
2024-07-29 16:22:21,331 INFO [main] o.s.b.w.e.t.TomcatWebServer [TomcatWebServer.java:108] Tomcat initialized with port(s): 8080 (http)
2024-07-29 16:22:21,338 INFO [main] o.a.c.h.Http11NioProtocol [DirectJDKLog.java:173] Initializing ProtocolHandler ["http-nio-8080"]
2024-07-29 16:22:21,338 INFO [main] o.a.c.c.StandardService [DirectJDKLog.java:173] Starting service [Tomcat]
2024-07-29 16:22:21,338 INFO [main] o.a.c.c.StandardEngine [DirectJDKLog.java:173] Starting Servlet engine: [Apache Tomcat/9.0.68]
2024-07-29 16:22:21,423 INFO [main] o.a.c.c.C.[.[.[/] [DirectJDKLog.java:173] Initializing Spring embedded WebApplicationContext
2024-07-29 16:22:21,423 INFO [main] o.s.b.w.s.c.ServletWebServerApplicationContext [ServletWebServerApplicationContext.java:290] Root WebApplicationContext: initialization completed in 853 ms
2024-07-29 16:22:23,101 INFO [main] o.s.s.w.DefaultSecurityFilterChain [DefaultSecurityFilterChain.java:55] Will secure any request with [org.springframework.security.web.context.request.async.WebAsyncManagerIntegrationFilter@49fb0bbd, org.springframework.security.web.context.SecurityContextPersistenceFilter@63f855b, org.springframework.security.web.header.HeaderWriterFilter@72b6832e, org.springframework.web.filter.CorsFilter@5489b1f7, org.springframework.security.web.authentication.logout.LogoutFilter@1e84f3c8, com.group.blogapi.filter.JwtAuthenticationTokenFilter@7a7d1b47, org.springframework.security.web.savedrequest.RequestCacheAwareFilter@4cffcc61, org.springframework.security.web.servletapi.SecurityContextHolderAwareRequestFilter@76536c53, org.springframework.security.web.authentication.AnonymousAuthenticationFilter@4faf104, org.springframework.security.web.session.SessionManagementFilter@4c5a2baf, org.springframework.security.web.access.ExceptionTranslationFilter@78d9f51b, org.springframework.security.web.access.intercept.FilterSecurityInterceptor@7a6ea47d]
2024-07-29 16:22:23,135 INFO [main] o.a.c.h.Http11NioProtocol [DirectJDKLog.java:173] Starting ProtocolHandler ["http-nio-8080"]
2024-07-29 16:22:23,149 INFO [main] o.s.b.w.e.t.TomcatWebServer [TomcatWebServer.java:220] Tomcat started on port(s): 8080 (http) with context path ''
2024-07-29 16:22:23,156 INFO [main] c.g.b.BlogApiApplication [StartupInfoLogger.java:61] Started BlogApiApplication in 2.946 seconds (JVM running for 3.972)
2024-07-29 16:22:55,470 INFO [http-nio-8080-exec-1] o.a.c.c.C.[.[.[/] [DirectJDKLog.java:173] Initializing Spring DispatcherServlet 'dispatcherServlet'
2024-07-29 16:22:55,470 INFO [http-nio-8080-exec-1] o.s.w.s.DispatcherServlet [FrameworkServlet.java:525] Initializing Servlet 'dispatcherServlet'
2024-07-29 16:22:55,470 INFO [http-nio-8080-exec-1] o.s.w.s.DispatcherServlet [FrameworkServlet.java:547] Completed initialization in 0 ms
2024-07-29 16:35:14,439 INFO [main] c.g.b.BlogApiApplication [StartupInfoLogger.java:55] Starting BlogApiApplication using Java 1.8.0_372 on Sakura with PID 24892 (G:\A.项目组项目\项目组博客\Blog\Blog-api\target\classes started by 吴晓 in G:\A.项目组项目\项目组博客\Blog\Blog-api)
2024-07-29 16:35:14,441 INFO [main] c.g.b.BlogApiApplication [SpringApplication.java:651] The following 1 profile is active: "dev"
2024-07-29 16:35:14,878 INFO [main] o.s.d.r.c.RepositoryConfigurationDelegate [RepositoryConfigurationDelegate.java:262] Multiple Spring Data modules found, entering strict repository configuration mode
2024-07-29 16:35:14,879 INFO [main] o.s.d.r.c.RepositoryConfigurationDelegate [RepositoryConfigurationDelegate.java:132] Bootstrapping Spring Data Redis repositories in DEFAULT mode.
2024-07-29 16:35:14,895 INFO [main] o.s.d.r.c.RepositoryConfigurationDelegate [RepositoryConfigurationDelegate.java:201] Finished Spring Data repository scanning in 7 ms. Found 0 Redis repository interfaces.
2024-07-29 16:35:15,223 INFO [main] o.s.b.w.e.t.TomcatWebServer [TomcatWebServer.java:108] Tomcat initialized with port(s): 8080 (http)
2024-07-29 16:35:15,228 INFO [main] o.a.c.h.Http11NioProtocol [DirectJDKLog.java:173] Initializing ProtocolHandler ["http-nio-8080"]
2024-07-29 16:35:15,229 INFO [main] o.a.c.c.StandardService [DirectJDKLog.java:173] Starting service [Tomcat]
2024-07-29 16:35:15,229 INFO [main] o.a.c.c.StandardEngine [DirectJDKLog.java:173] Starting Servlet engine: [Apache Tomcat/9.0.68]
2024-07-29 16:35:15,302 INFO [main] o.a.c.c.C.[.[.[/] [DirectJDKLog.java:173] Initializing Spring embedded WebApplicationContext
2024-07-29 16:35:15,303 INFO [main] o.s.b.w.s.c.ServletWebServerApplicationContext [ServletWebServerApplicationContext.java:290] Root WebApplicationContext: initialization completed in 834 ms
2024-07-29 16:35:17,074 INFO [main] o.s.s.w.DefaultSecurityFilterChain [DefaultSecurityFilterChain.java:55] Will secure any request with [org.springframework.security.web.context.request.async.WebAsyncManagerIntegrationFilter@21c747a, org.springframework.security.web.context.SecurityContextPersistenceFilter@76bf1bb8, org.springframework.security.web.header.HeaderWriterFilter@4087c7fc, org.springframework.web.filter.CorsFilter@77d4ac52, org.springframework.security.web.authentication.logout.LogoutFilter@50ab56e2, com.group.blogapi.filter.JwtAuthenticationTokenFilter@25c53f74, org.springframework.security.web.savedrequest.RequestCacheAwareFilter@76536c53, org.springframework.security.web.servletapi.SecurityContextHolderAwareRequestFilter@5b5b59, org.springframework.security.web.authentication.AnonymousAuthenticationFilter@29f38091, org.springframework.security.web.session.SessionManagementFilter@399ca607, org.springframework.security.web.access.ExceptionTranslationFilter@3d9f5016, org.springframework.security.web.access.intercept.FilterSecurityInterceptor@5426cb36]
2024-07-29 16:35:17,108 INFO [main] o.a.c.h.Http11NioProtocol [DirectJDKLog.java:173] Starting ProtocolHandler ["http-nio-8080"]
2024-07-29 16:35:17,121 INFO [main] o.s.b.w.e.t.TomcatWebServer [TomcatWebServer.java:220] Tomcat started on port(s): 8080 (http) with context path ''
2024-07-29 16:35:17,128 INFO [main] c.g.b.BlogApiApplication [StartupInfoLogger.java:61] Started BlogApiApplication in 3.046 seconds (JVM running for 4.16)
2024-07-29 16:38:37,835 INFO [http-nio-8080-exec-1] o.a.c.c.C.[.[.[/] [DirectJDKLog.java:173] Initializing Spring DispatcherServlet 'dispatcherServlet'
2024-07-29 16:38:37,835 INFO [http-nio-8080-exec-1] o.s.w.s.DispatcherServlet [FrameworkServlet.java:525] Initializing Servlet 'dispatcherServlet'
2024-07-29 16:38:37,837 INFO [http-nio-8080-exec-1] o.s.w.s.DispatcherServlet [FrameworkServlet.java:547] Completed initialization in 2 ms
2024-07-29 17:07:37,559 INFO [main] c.g.b.BlogApiApplication [StartupInfoLogger.java:55] Starting BlogApiApplication using Java 1.8.0_372 on Sakura with PID 17460 (G:\A.项目组项目\项目组博客\Blog\Blog-api\target\classes started by 吴晓 in G:\A.项目组项目\项目组博客\Blog\Blog-api)
2024-07-29 17:07:37,561 INFO [main] c.g.b.BlogApiApplication [SpringApplication.java:651] The following 1 profile is active: "dev"
2024-07-29 17:07:37,990 INFO [main] o.s.d.r.c.RepositoryConfigurationDelegate [RepositoryConfigurationDelegate.java:262] Multiple Spring Data modules found, entering strict repository configuration mode
2024-07-29 17:07:37,992 INFO [main] o.s.d.r.c.RepositoryConfigurationDelegate [RepositoryConfigurationDelegate.java:132] Bootstrapping Spring Data Redis repositories in DEFAULT mode.
2024-07-29 17:07:38,009 INFO [main] o.s.d.r.c.RepositoryConfigurationDelegate [RepositoryConfigurationDelegate.java:201] Finished Spring Data repository scanning in 7 ms. Found 0 Redis repository interfaces.
2024-07-29 17:07:38,347 INFO [main] o.s.b.w.e.t.TomcatWebServer [TomcatWebServer.java:108] Tomcat initialized with port(s): 8080 (http)
2024-07-29 17:07:38,354 INFO [main] o.a.c.h.Http11NioProtocol [DirectJDKLog.java:173] Initializing ProtocolHandler ["http-nio-8080"]
2024-07-29 17:07:38,354 INFO [main] o.a.c.c.StandardService [DirectJDKLog.java:173] Starting service [Tomcat]
2024-07-29 17:07:38,355 INFO [main] o.a.c.c.StandardEngine [DirectJDKLog.java:173] Starting Servlet engine: [Apache Tomcat/9.0.68]
2024-07-29 17:07:38,435 INFO [main] o.a.c.c.C.[.[.[/] [DirectJDKLog.java:173] Initializing Spring embedded WebApplicationContext
2024-07-29 17:07:38,436 INFO [main] o.s.b.w.s.c.ServletWebServerApplicationContext [ServletWebServerApplicationContext.java:290] Root WebApplicationContext: initialization completed in 846 ms
2024-07-29 17:07:40,188 INFO [main] o.s.s.w.DefaultSecurityFilterChain [DefaultSecurityFilterChain.java:55] Will secure any request with [org.springframework.security.web.context.request.async.WebAsyncManagerIntegrationFilter@49fb0bbd, org.springframework.security.web.context.SecurityContextPersistenceFilter@63f855b, org.springframework.security.web.header.HeaderWriterFilter@72b6832e, org.springframework.web.filter.CorsFilter@5489b1f7, org.springframework.security.web.authentication.logout.LogoutFilter@1e84f3c8, com.group.blogapi.filter.JwtAuthenticationTokenFilter@7a7d1b47, org.springframework.security.web.savedrequest.RequestCacheAwareFilter@4cffcc61, org.springframework.security.web.servletapi.SecurityContextHolderAwareRequestFilter@76536c53, org.springframework.security.web.authentication.AnonymousAuthenticationFilter@4faf104, org.springframework.security.web.session.SessionManagementFilter@4c5a2baf, org.springframework.security.web.access.ExceptionTranslationFilter@78d9f51b, org.springframework.security.web.access.intercept.FilterSecurityInterceptor@7a6ea47d]
2024-07-29 17:07:40,213 INFO [main] o.a.c.h.Http11NioProtocol [DirectJDKLog.java:173] Starting ProtocolHandler ["http-nio-8080"]
2024-07-29 17:07:40,226 INFO [main] o.s.b.w.e.t.TomcatWebServer [TomcatWebServer.java:220] Tomcat started on port(s): 8080 (http) with context path ''
2024-07-29 17:07:40,233 INFO [main] c.g.b.BlogApiApplication [StartupInfoLogger.java:61] Started BlogApiApplication in 3.022 seconds (JVM running for 4.067)
2024-07-29 17:07:56,099 INFO [http-nio-8080-exec-1] o.a.c.c.C.[.[.[/] [DirectJDKLog.java:173] Initializing Spring DispatcherServlet 'dispatcherServlet'
2024-07-29 17:07:56,099 INFO [http-nio-8080-exec-1] o.s.w.s.DispatcherServlet [FrameworkServlet.java:525] Initializing Servlet 'dispatcherServlet'
2024-07-29 17:07:56,099 INFO [http-nio-8080-exec-1] o.s.w.s.DispatcherServlet [FrameworkServlet.java:547] Completed initialization in 0 ms
2024-07-29 17:08:37,602 INFO [main] c.g.b.BlogApiApplication [StartupInfoLogger.java:55] Starting BlogApiApplication using Java 1.8.0_372 on Sakura with PID 20496 (G:\A.项目组项目\项目组博客\Blog\Blog-api\target\classes started by 吴晓 in G:\A.项目组项目\项目组博客\Blog\Blog-api)
2024-07-29 17:08:37,604 INFO [main] c.g.b.BlogApiApplication [SpringApplication.java:651] The following 1 profile is active: "dev"
2024-07-29 17:08:38,050 INFO [main] o.s.d.r.c.RepositoryConfigurationDelegate [RepositoryConfigurationDelegate.java:262] Multiple Spring Data modules found, entering strict repository configuration mode
2024-07-29 17:08:38,052 INFO [main] o.s.d.r.c.RepositoryConfigurationDelegate [RepositoryConfigurationDelegate.java:132] Bootstrapping Spring Data Redis repositories in DEFAULT mode.
2024-07-29 17:08:38,072 INFO [main] o.s.d.r.c.RepositoryConfigurationDelegate [RepositoryConfigurationDelegate.java:201] Finished Spring Data repository scanning in 9 ms. Found 0 Redis repository interfaces.
2024-07-29 17:08:38,406 INFO [main] o.s.b.w.e.t.TomcatWebServer [TomcatWebServer.java:108] Tomcat initialized with port(s): 8080 (http)
2024-07-29 17:08:38,412 INFO [main] o.a.c.h.Http11NioProtocol [DirectJDKLog.java:173] Initializing ProtocolHandler ["http-nio-8080"]
2024-07-29 17:08:38,413 INFO [main] o.a.c.c.StandardService [DirectJDKLog.java:173] Starting service [Tomcat]
2024-07-29 17:08:38,413 INFO [main] o.a.c.c.StandardEngine [DirectJDKLog.java:173] Starting Servlet engine: [Apache Tomcat/9.0.68]
2024-07-29 17:08:38,493 INFO [main] o.a.c.c.C.[.[.[/] [DirectJDKLog.java:173] Initializing Spring embedded WebApplicationContext
2024-07-29 17:08:38,494 INFO [main] o.s.b.w.s.c.ServletWebServerApplicationContext [ServletWebServerApplicationContext.java:290] Root WebApplicationContext: initialization completed in 864 ms
2024-07-29 17:08:40,179 INFO [main] o.s.s.w.DefaultSecurityFilterChain [DefaultSecurityFilterChain.java:55] Will secure any request with [org.springframework.security.web.context.request.async.WebAsyncManagerIntegrationFilter@4faf104, org.springframework.security.web.context.SecurityContextPersistenceFilter@4cffcc61, org.springframework.security.web.header.HeaderWriterFilter@3d9f5016, org.springframework.web.filter.CorsFilter@5995851e, org.springframework.security.web.authentication.logout.LogoutFilter@7b2ccba5, com.group.blogapi.filter.JwtAuthenticationTokenFilter@7a7d1b47, org.springframework.security.web.savedrequest.RequestCacheAwareFilter@399ca607, org.springframework.security.web.servletapi.SecurityContextHolderAwareRequestFilter@363c32cc, org.springframework.security.web.authentication.AnonymousAuthenticationFilter@48a2db72, org.springframework.security.web.session.SessionManagementFilter@63f855b, org.springframework.security.web.access.ExceptionTranslationFilter@6bedd4e4, org.springframework.security.web.access.intercept.FilterSecurityInterceptor@daf22f0]
2024-07-29 17:08:40,205 INFO [main] o.a.c.h.Http11NioProtocol [DirectJDKLog.java:173] Starting ProtocolHandler ["http-nio-8080"]
2024-07-29 17:08:40,218 INFO [main] o.s.b.w.e.t.TomcatWebServer [TomcatWebServer.java:220] Tomcat started on port(s): 8080 (http) with context path ''
2024-07-29 17:08:40,224 INFO [main] c.g.b.BlogApiApplication [StartupInfoLogger.java:61] Started BlogApiApplication in 3.003 seconds (JVM running for 4.127)
2024-07-29 17:08:53,443 INFO [http-nio-8080-exec-1] o.a.c.c.C.[.[.[/] [DirectJDKLog.java:173] Initializing Spring DispatcherServlet 'dispatcherServlet'
2024-07-29 17:08:53,444 INFO [http-nio-8080-exec-1] o.s.w.s.DispatcherServlet [FrameworkServlet.java:525] Initializing Servlet 'dispatcherServlet'
2024-07-29 17:08:53,444 INFO [http-nio-8080-exec-1] o.s.w.s.DispatcherServlet [FrameworkServlet.java:547] Completed initialization in 0 ms
>>>>>>> origin/main
