2024-07-13 19:28:06,078 INFO [main] c.g.b.BlogApiApplication [StartupInfoLogger.java:55] Starting BlogApiApplication using Java 1.8.0_372 on Sakura with PID 14668 (G:\A.项目组项目\项目组博客\Blog\Blog-api\target\classes started by 吴晓 in G:\A.项目组项目\项目组博客\Blog\Blog-api)
2024-07-13 19:28:06,080 INFO [main] c.g.b.BlogApiApplication [SpringApplication.java:651] The following 1 profile is active: "local"
2024-07-13 19:28:06,570 INFO [main] o.s.d.r.c.RepositoryConfigurationDelegate [RepositoryConfigurationDelegate.java:262] Multiple Spring Data modules found, entering strict repository configuration mode
2024-07-13 19:28:06,571 INFO [main] o.s.d.r.c.RepositoryConfigurationDelegate [RepositoryConfigurationDelegate.java:132] Bootstrapping Spring Data Redis repositories in DEFAULT mode.
2024-07-13 19:28:06,590 INFO [main] o.s.d.r.c.RepositoryConfigurationDelegate [RepositoryConfigurationDelegate.java:201] Finished Spring Data repository scanning in 6 ms. Found 0 Redis repository interfaces.
2024-07-13 19:28:06,996 INFO [main] o.s.b.w.e.t.TomcatWebServer [TomcatWebServer.java:108] Tomcat initialized with port(s): 8080 (http)
2024-07-13 19:28:07,004 INFO [main] o.a.c.h.Http11NioProtocol [DirectJDKLog.java:173] Initializing ProtocolHandler ["http-nio-8080"]
2024-07-13 19:28:07,004 INFO [main] o.a.c.c.StandardService [DirectJDKLog.java:173] Starting service [Tomcat]
2024-07-13 19:28:07,004 INFO [main] o.a.c.c.StandardEngine [DirectJDKLog.java:173] Starting Servlet engine: [Apache Tomcat/9.0.68]
2024-07-13 19:28:07,088 INFO [main] o.a.c.c.C.[.[.[/] [DirectJDKLog.java:173] Initializing Spring embedded WebApplicationContext
2024-07-13 19:28:07,088 INFO [main] o.s.b.w.s.c.ServletWebServerApplicationContext [ServletWebServerApplicationContext.java:290] Root WebApplicationContext: initialization completed in 979 ms
2024-07-13 19:28:08,483 INFO [main] o.s.s.w.DefaultSecurityFilterChain [DefaultSecurityFilterChain.java:55] Will secure any request with [org.springframework.security.web.context.request.async.WebAsyncManagerIntegrationFilter@250a9031, org.springframework.security.web.context.SecurityContextPersistenceFilter@6d0be7ab, org.springframework.security.web.header.HeaderWriterFilter@4da39ca9, org.springframework.security.web.csrf.CsrfFilter@309cedb6, org.springframework.security.web.authentication.logout.LogoutFilter@22c53d82, org.springframework.security.web.authentication.UsernamePasswordAuthenticationFilter@493da830, org.springframework.security.web.authentication.ui.DefaultLoginPageGeneratingFilter@17e9bc9e, org.springframework.security.web.authentication.ui.DefaultLogoutPageGeneratingFilter@1665fa54, org.springframework.security.web.authentication.www.BasicAuthenticationFilter@111d5c97, org.springframework.security.web.savedrequest.RequestCacheAwareFilter@6ef60295, org.springframework.security.web.servletapi.SecurityContextHolderAwareRequestFilter@3234474, org.springframework.security.web.authentication.AnonymousAuthenticationFilter@6d67f5eb, org.springframework.security.web.session.SessionManagementFilter@5584d9c6, org.springframework.security.web.access.ExceptionTranslationFilter@35c4e864, org.springframework.security.web.access.intercept.FilterSecurityInterceptor@315105f]
2024-07-13 19:28:08,519 INFO [main] o.a.c.h.Http11NioProtocol [DirectJDKLog.java:173] Starting ProtocolHandler ["http-nio-8080"]
2024-07-13 19:28:08,533 INFO [main] o.s.b.w.e.t.TomcatWebServer [TomcatWebServer.java:220] Tomcat started on port(s): 8080 (http) with context path ''
2024-07-13 19:28:08,540 INFO [main] c.g.b.BlogApiApplication [StartupInfoLogger.java:61] Started BlogApiApplication in 2.86 seconds (JVM running for 3.867)
2024-07-13 19:28:22,826 INFO [http-nio-8080-exec-1] o.a.c.c.C.[.[.[/] [DirectJDKLog.java:173] Initializing Spring DispatcherServlet 'dispatcherServlet'
2024-07-13 19:28:22,826 INFO [http-nio-8080-exec-1] o.s.w.s.DispatcherServlet [FrameworkServlet.java:525] Initializing Servlet 'dispatcherServlet'
2024-07-13 19:28:22,827 INFO [http-nio-8080-exec-1] o.s.w.s.DispatcherServlet [FrameworkServlet.java:547] Completed initialization in 1 ms
2024-07-13 19:30:15,597 INFO [main] c.g.b.BlogApiApplication [StartupInfoLogger.java:55] Starting BlogApiApplication using Java 1.8.0_372 on Sakura with PID 5316 (G:\A.项目组项目\项目组博客\Blog\Blog-api\target\classes started by 吴晓 in G:\A.项目组项目\项目组博客\Blog\Blog-api)
2024-07-13 19:30:15,599 INFO [main] c.g.b.BlogApiApplication [SpringApplication.java:651] The following 1 profile is active: "local"
2024-07-13 19:30:16,012 INFO [main] o.s.d.r.c.RepositoryConfigurationDelegate [RepositoryConfigurationDelegate.java:262] Multiple Spring Data modules found, entering strict repository configuration mode
2024-07-13 19:30:16,013 INFO [main] o.s.d.r.c.RepositoryConfigurationDelegate [RepositoryConfigurationDelegate.java:132] Bootstrapping Spring Data Redis repositories in DEFAULT mode.
2024-07-13 19:30:16,028 INFO [main] o.s.d.r.c.RepositoryConfigurationDelegate [RepositoryConfigurationDelegate.java:201] Finished Spring Data repository scanning in 6 ms. Found 0 Redis repository interfaces.
2024-07-13 19:30:16,356 INFO [main] o.s.b.w.e.t.TomcatWebServer [TomcatWebServer.java:108] Tomcat initialized with port(s): 8080 (http)
2024-07-13 19:30:16,361 INFO [main] o.a.c.h.Http11NioProtocol [DirectJDKLog.java:173] Initializing ProtocolHandler ["http-nio-8080"]
2024-07-13 19:30:16,362 INFO [main] o.a.c.c.StandardService [DirectJDKLog.java:173] Starting service [Tomcat]
2024-07-13 19:30:16,362 INFO [main] o.a.c.c.StandardEngine [DirectJDKLog.java:173] Starting Servlet engine: [Apache Tomcat/9.0.68]
2024-07-13 19:30:16,438 INFO [main] o.a.c.c.C.[.[.[/] [DirectJDKLog.java:173] Initializing Spring embedded WebApplicationContext
2024-07-13 19:30:16,438 INFO [main] o.s.b.w.s.c.ServletWebServerApplicationContext [ServletWebServerApplicationContext.java:290] Root WebApplicationContext: initialization completed in 813 ms
2024-07-13 19:30:17,771 INFO [main] o.s.s.w.DefaultSecurityFilterChain [DefaultSecurityFilterChain.java:55] Will secure any request with [org.springframework.security.web.context.request.async.WebAsyncManagerIntegrationFilter@558b4942, org.springframework.security.web.context.SecurityContextPersistenceFilter@3d20e575, org.springframework.security.web.header.HeaderWriterFilter@6ef60295, org.springframework.security.web.csrf.CsrfFilter@7c663eaf, org.springframework.security.web.authentication.logout.LogoutFilter@6680f714, org.springframework.security.web.authentication.UsernamePasswordAuthenticationFilter@d16be4f, org.springframework.security.web.authentication.ui.DefaultLoginPageGeneratingFilter@4ceff87d, org.springframework.security.web.authentication.ui.DefaultLogoutPageGeneratingFilter@30ec7d21, org.springframework.security.web.authentication.www.BasicAuthenticationFilter@3e1fd62b, org.springframework.security.web.savedrequest.RequestCacheAwareFilter@2b4b96a4, org.springframework.security.web.servletapi.SecurityContextHolderAwareRequestFilter@17e9bc9e, org.springframework.security.web.authentication.AnonymousAuthenticationFilter@70025b99, org.springframework.security.web.session.SessionManagementFilter@3234474, org.springframework.security.web.access.ExceptionTranslationFilter@5584d9c6, org.springframework.security.web.access.intercept.FilterSecurityInterceptor@18b74ea]
2024-07-13 19:30:17,811 INFO [main] o.a.c.h.Http11NioProtocol [DirectJDKLog.java:173] Starting ProtocolHandler ["http-nio-8080"]
2024-07-13 19:30:17,824 INFO [main] o.s.b.w.e.t.TomcatWebServer [TomcatWebServer.java:220] Tomcat started on port(s): 8080 (http) with context path ''
2024-07-13 19:30:17,832 INFO [main] c.g.b.BlogApiApplication [StartupInfoLogger.java:61] Started BlogApiApplication in 2.571 seconds (JVM running for 3.561)
2024-07-13 19:30:31,783 INFO [http-nio-8080-exec-1] o.a.c.c.C.[.[.[/] [DirectJDKLog.java:173] Initializing Spring DispatcherServlet 'dispatcherServlet'
2024-07-13 19:30:31,783 INFO [http-nio-8080-exec-1] o.s.w.s.DispatcherServlet [FrameworkServlet.java:525] Initializing Servlet 'dispatcherServlet'
2024-07-13 19:30:31,784 INFO [http-nio-8080-exec-1] o.s.w.s.DispatcherServlet [FrameworkServlet.java:547] Completed initialization in 1 ms
2024-07-13 19:30:58,356 INFO [http-nio-8080-exec-6] c.g.b.c.TestController [TestController.java:14] hello world
2024-07-13 19:31:47,342 INFO [main] c.g.b.BlogApiApplication [StartupInfoLogger.java:55] Starting BlogApiApplication using Java 1.8.0_372 on Sakura with PID 31056 (G:\A.项目组项目\项目组博客\Blog\Blog-api\target\classes started by 吴晓 in G:\A.项目组项目\项目组博客\Blog\Blog-api)
2024-07-13 19:31:47,345 INFO [main] c.g.b.BlogApiApplication [SpringApplication.java:651] The following 1 profile is active: "local"
2024-07-13 19:31:47,767 INFO [main] o.s.d.r.c.RepositoryConfigurationDelegate [RepositoryConfigurationDelegate.java:262] Multiple Spring Data modules found, entering strict repository configuration mode
2024-07-13 19:31:47,768 INFO [main] o.s.d.r.c.RepositoryConfigurationDelegate [RepositoryConfigurationDelegate.java:132] Bootstrapping Spring Data Redis repositories in DEFAULT mode.
2024-07-13 19:31:47,784 INFO [main] o.s.d.r.c.RepositoryConfigurationDelegate [RepositoryConfigurationDelegate.java:201] Finished Spring Data repository scanning in 6 ms. Found 0 Redis repository interfaces.
2024-07-13 19:31:48,101 INFO [main] o.s.b.w.e.t.TomcatWebServer [TomcatWebServer.java:108] Tomcat initialized with port(s): 8080 (http)
2024-07-13 19:31:48,107 INFO [main] o.a.c.h.Http11NioProtocol [DirectJDKLog.java:173] Initializing ProtocolHandler ["http-nio-8080"]
2024-07-13 19:31:48,108 INFO [main] o.a.c.c.StandardService [DirectJDKLog.java:173] Starting service [Tomcat]
2024-07-13 19:31:48,108 INFO [main] o.a.c.c.StandardEngine [DirectJDKLog.java:173] Starting Servlet engine: [Apache Tomcat/9.0.68]
2024-07-13 19:31:48,184 INFO [main] o.a.c.c.C.[.[.[/] [DirectJDKLog.java:173] Initializing Spring embedded WebApplicationContext
2024-07-13 19:31:48,184 INFO [main] o.s.b.w.s.c.ServletWebServerApplicationContext [ServletWebServerApplicationContext.java:290] Root WebApplicationContext: initialization completed in 811 ms
2024-07-13 19:31:49,513 INFO [main] o.s.s.w.DefaultSecurityFilterChain [DefaultSecurityFilterChain.java:55] Will secure any request with [org.springframework.security.web.context.request.async.WebAsyncManagerIntegrationFilter@3ba3d4b6, org.springframework.security.web.context.SecurityContextPersistenceFilter@2577a95d, org.springframework.security.web.header.HeaderWriterFilter@3252747e, org.springframework.web.filter.CorsFilter@51b77cdf, org.springframework.security.web.authentication.logout.LogoutFilter@73aeef7d, org.springframework.security.web.savedrequest.RequestCacheAwareFilter@63300c4b, org.springframework.security.web.servletapi.SecurityContextHolderAwareRequestFilter@38b3f208, org.springframework.security.web.authentication.AnonymousAuthenticationFilter@441fbe89, org.springframework.security.web.session.SessionManagementFilter@3238e2aa, org.springframework.security.web.access.ExceptionTranslationFilter@3127cb44, org.springframework.security.web.access.intercept.FilterSecurityInterceptor@14c93774]
2024-07-13 19:31:49,540 INFO [main] o.a.c.h.Http11NioProtocol [DirectJDKLog.java:173] Starting ProtocolHandler ["http-nio-8080"]
2024-07-13 19:31:49,552 INFO [main] o.s.b.w.e.t.TomcatWebServer [TomcatWebServer.java:220] Tomcat started on port(s): 8080 (http) with context path ''
2024-07-13 19:31:49,558 INFO [main] c.g.b.BlogApiApplication [StartupInfoLogger.java:61] Started BlogApiApplication in 2.552 seconds (JVM running for 3.409)
2024-07-13 19:32:53,283 INFO [http-nio-8080-exec-1] o.a.c.c.C.[.[.[/] [DirectJDKLog.java:173] Initializing Spring DispatcherServlet 'dispatcherServlet'
2024-07-13 19:32:53,283 INFO [http-nio-8080-exec-1] o.s.w.s.DispatcherServlet [FrameworkServlet.java:525] Initializing Servlet 'dispatcherServlet'
2024-07-13 19:32:53,284 INFO [http-nio-8080-exec-1] o.s.w.s.DispatcherServlet [FrameworkServlet.java:547] Completed initialization in 1 ms
2024-07-13 19:33:37,938 INFO [main] c.g.b.BlogApiApplication [StartupInfoLogger.java:55] Starting BlogApiApplication using Java 1.8.0_372 on Sakura with PID 5348 (G:\A.项目组项目\项目组博客\Blog\Blog-api\target\classes started by 吴晓 in G:\A.项目组项目\项目组博客\Blog\Blog-api)
2024-07-13 19:33:37,941 INFO [main] c.g.b.BlogApiApplication [SpringApplication.java:651] The following 1 profile is active: "local"
2024-07-13 19:33:38,366 INFO [main] o.s.d.r.c.RepositoryConfigurationDelegate [RepositoryConfigurationDelegate.java:262] Multiple Spring Data modules found, entering strict repository configuration mode
2024-07-13 19:33:38,368 INFO [main] o.s.d.r.c.RepositoryConfigurationDelegate [RepositoryConfigurationDelegate.java:132] Bootstrapping Spring Data Redis repositories in DEFAULT mode.
2024-07-13 19:33:38,383 INFO [main] o.s.d.r.c.RepositoryConfigurationDelegate [RepositoryConfigurationDelegate.java:201] Finished Spring Data repository scanning in 6 ms. Found 0 Redis repository interfaces.
2024-07-13 19:33:38,726 INFO [main] o.s.b.w.e.t.TomcatWebServer [TomcatWebServer.java:108] Tomcat initialized with port(s): 8080 (http)
2024-07-13 19:33:38,732 INFO [main] o.a.c.h.Http11NioProtocol [DirectJDKLog.java:173] Initializing ProtocolHandler ["http-nio-8080"]
2024-07-13 19:33:38,733 INFO [main] o.a.c.c.StandardService [DirectJDKLog.java:173] Starting service [Tomcat]
2024-07-13 19:33:38,733 INFO [main] o.a.c.c.StandardEngine [DirectJDKLog.java:173] Starting Servlet engine: [Apache Tomcat/9.0.68]
2024-07-13 19:33:38,811 INFO [main] o.a.c.c.C.[.[.[/] [DirectJDKLog.java:173] Initializing Spring embedded WebApplicationContext
2024-07-13 19:33:38,812 INFO [main] o.s.b.w.s.c.ServletWebServerApplicationContext [ServletWebServerApplicationContext.java:290] Root WebApplicationContext: initialization completed in 843 ms
2024-07-13 19:33:40,193 INFO [main] o.s.s.w.DefaultSecurityFilterChain [DefaultSecurityFilterChain.java:55] Will secure any request with [org.springframework.security.web.context.request.async.WebAsyncManagerIntegrationFilter@1642eeae, org.springframework.security.web.context.SecurityContextPersistenceFilter@b67cc70, org.springframework.security.web.header.HeaderWriterFilter@2bfaba70, org.springframework.web.filter.CorsFilter@3440e9cd, org.springframework.security.web.authentication.logout.LogoutFilter@58b5a2f3, org.springframework.security.web.savedrequest.RequestCacheAwareFilter@38b3f208, org.springframework.security.web.servletapi.SecurityContextHolderAwareRequestFilter@65bad087, org.springframework.security.web.authentication.AnonymousAuthenticationFilter@28a9494b, org.springframework.security.web.session.SessionManagementFilter@3a6045c6, org.springframework.security.web.access.ExceptionTranslationFilter@2dd8ff1d, org.springframework.security.web.access.intercept.FilterSecurityInterceptor@45658133]
2024-07-13 19:33:40,218 INFO [main] o.a.c.h.Http11NioProtocol [DirectJDKLog.java:173] Starting ProtocolHandler ["http-nio-8080"]
2024-07-13 19:33:40,230 INFO [main] o.s.b.w.e.t.TomcatWebServer [TomcatWebServer.java:220] Tomcat started on port(s): 8080 (http) with context path ''
2024-07-13 19:33:40,236 INFO [main] c.g.b.BlogApiApplication [StartupInfoLogger.java:61] Started BlogApiApplication in 2.66 seconds (JVM running for 3.608)
2024-07-13 19:34:01,902 INFO [main] c.g.b.BlogApiApplication [StartupInfoLogger.java:55] Starting BlogApiApplication using Java 1.8.0_372 on Sakura with PID 19552 (G:\A.项目组项目\项目组博客\Blog\Blog-api\target\classes started by 吴晓 in G:\A.项目组项目\项目组博客\Blog\Blog-api)
2024-07-13 19:34:01,904 INFO [main] c.g.b.BlogApiApplication [SpringApplication.java:651] The following 1 profile is active: "local"
2024-07-13 19:34:02,311 INFO [main] o.s.d.r.c.RepositoryConfigurationDelegate [RepositoryConfigurationDelegate.java:262] Multiple Spring Data modules found, entering strict repository configuration mode
2024-07-13 19:34:02,313 INFO [main] o.s.d.r.c.RepositoryConfigurationDelegate [RepositoryConfigurationDelegate.java:132] Bootstrapping Spring Data Redis repositories in DEFAULT mode.
2024-07-13 19:34:02,327 INFO [main] o.s.d.r.c.RepositoryConfigurationDelegate [RepositoryConfigurationDelegate.java:201] Finished Spring Data repository scanning in 6 ms. Found 0 Redis repository interfaces.
2024-07-13 19:34:02,662 INFO [main] o.s.b.w.e.t.TomcatWebServer [TomcatWebServer.java:108] Tomcat initialized with port(s): 8080 (http)
2024-07-13 19:34:02,668 INFO [main] o.a.c.h.Http11NioProtocol [DirectJDKLog.java:173] Initializing ProtocolHandler ["http-nio-8080"]
2024-07-13 19:34:02,668 INFO [main] o.a.c.c.StandardService [DirectJDKLog.java:173] Starting service [Tomcat]
2024-07-13 19:34:02,670 INFO [main] o.a.c.c.StandardEngine [DirectJDKLog.java:173] Starting Servlet engine: [Apache Tomcat/9.0.68]
2024-07-13 19:34:02,756 INFO [main] o.a.c.c.C.[.[.[/] [DirectJDKLog.java:173] Initializing Spring embedded WebApplicationContext
2024-07-13 19:34:02,756 INFO [main] o.s.b.w.s.c.ServletWebServerApplicationContext [ServletWebServerApplicationContext.java:290] Root WebApplicationContext: initialization completed in 826 ms
2024-07-13 19:34:04,103 INFO [main] o.s.s.w.DefaultSecurityFilterChain [DefaultSecurityFilterChain.java:55] Will secure any request with [org.springframework.security.web.context.request.async.WebAsyncManagerIntegrationFilter@1642eeae, org.springframework.security.web.context.SecurityContextPersistenceFilter@b67cc70, org.springframework.security.web.header.HeaderWriterFilter@2bfaba70, org.springframework.web.filter.CorsFilter@3440e9cd, org.springframework.security.web.authentication.logout.LogoutFilter@58b5a2f3, org.springframework.security.web.savedrequest.RequestCacheAwareFilter@38b3f208, org.springframework.security.web.servletapi.SecurityContextHolderAwareRequestFilter@65bad087, org.springframework.security.web.authentication.AnonymousAuthenticationFilter@28a9494b, org.springframework.security.web.session.SessionManagementFilter@3a6045c6, org.springframework.security.web.access.ExceptionTranslationFilter@2dd8ff1d, org.springframework.security.web.access.intercept.FilterSecurityInterceptor@45658133]
2024-07-13 19:34:04,128 INFO [main] o.a.c.h.Http11NioProtocol [DirectJDKLog.java:173] Starting ProtocolHandler ["http-nio-8080"]
2024-07-13 19:34:04,139 INFO [main] o.s.b.w.e.t.TomcatWebServer [TomcatWebServer.java:220] Tomcat started on port(s): 8080 (http) with context path ''
2024-07-13 19:34:04,146 INFO [main] c.g.b.BlogApiApplication [StartupInfoLogger.java:61] Started BlogApiApplication in 2.574 seconds (JVM running for 3.454)
2024-07-13 19:34:33,986 INFO [http-nio-8080-exec-2] o.a.c.c.C.[.[.[/] [DirectJDKLog.java:173] Initializing Spring DispatcherServlet 'dispatcherServlet'
2024-07-13 19:34:33,986 INFO [http-nio-8080-exec-2] o.s.w.s.DispatcherServlet [FrameworkServlet.java:525] Initializing Servlet 'dispatcherServlet'
2024-07-13 19:34:33,987 INFO [http-nio-8080-exec-2] o.s.w.s.DispatcherServlet [FrameworkServlet.java:547] Completed initialization in 1 ms
2024-07-13 19:35:05,827 INFO [main] c.g.b.BlogApiApplication [StartupInfoLogger.java:55] Starting BlogApiApplication using Java 1.8.0_372 on Sakura with PID 28012 (G:\A.项目组项目\项目组博客\Blog\Blog-api\target\classes started by 吴晓 in G:\A.项目组项目\项目组博客\Blog\Blog-api)
2024-07-13 19:35:05,830 INFO [main] c.g.b.BlogApiApplication [SpringApplication.java:651] The following 1 profile is active: "local"
2024-07-13 19:35:06,302 INFO [main] o.s.d.r.c.RepositoryConfigurationDelegate [RepositoryConfigurationDelegate.java:262] Multiple Spring Data modules found, entering strict repository configuration mode
2024-07-13 19:35:06,303 INFO [main] o.s.d.r.c.RepositoryConfigurationDelegate [RepositoryConfigurationDelegate.java:132] Bootstrapping Spring Data Redis repositories in DEFAULT mode.
2024-07-13 19:35:06,324 INFO [main] o.s.d.r.c.RepositoryConfigurationDelegate [RepositoryConfigurationDelegate.java:201] Finished Spring Data repository scanning in 7 ms. Found 0 Redis repository interfaces.
2024-07-13 19:35:06,732 INFO [main] o.s.b.w.e.t.TomcatWebServer [TomcatWebServer.java:108] Tomcat initialized with port(s): 8080 (http)
2024-07-13 19:35:06,739 INFO [main] o.a.c.h.Http11NioProtocol [DirectJDKLog.java:173] Initializing ProtocolHandler ["http-nio-8080"]
2024-07-13 19:35:06,740 INFO [main] o.a.c.c.StandardService [DirectJDKLog.java:173] Starting service [Tomcat]
2024-07-13 19:35:06,740 INFO [main] o.a.c.c.StandardEngine [DirectJDKLog.java:173] Starting Servlet engine: [Apache Tomcat/9.0.68]
2024-07-13 19:35:06,835 INFO [main] o.a.c.c.C.[.[.[/] [DirectJDKLog.java:173] Initializing Spring embedded WebApplicationContext
2024-07-13 19:35:06,835 INFO [main] o.s.b.w.s.c.ServletWebServerApplicationContext [ServletWebServerApplicationContext.java:290] Root WebApplicationContext: initialization completed in 975 ms
2024-07-13 19:35:08,312 INFO [main] o.s.s.w.DefaultSecurityFilterChain [DefaultSecurityFilterChain.java:55] Will secure any request with [org.springframework.security.web.context.request.async.WebAsyncManagerIntegrationFilter@4fa4f485, org.springframework.security.web.context.SecurityContextPersistenceFilter@4c6b4ed7, org.springframework.security.web.header.HeaderWriterFilter@2db1b657, org.springframework.web.filter.CorsFilter@68dd39d2, org.springframework.security.web.authentication.logout.LogoutFilter@430b2699, org.springframework.security.web.savedrequest.RequestCacheAwareFilter@6ca30b8a, org.springframework.security.web.servletapi.SecurityContextHolderAwareRequestFilter@71ed560f, org.springframework.security.web.authentication.AnonymousAuthenticationFilter@4a44cfc0, org.springframework.security.web.session.SessionManagementFilter@39ee94de, org.springframework.security.web.access.ExceptionTranslationFilter@3aaa3c39, org.springframework.security.web.access.intercept.FilterSecurityInterceptor@68e02f33]
2024-07-13 19:35:08,344 INFO [main] o.a.c.h.Http11NioProtocol [DirectJDKLog.java:173] Starting ProtocolHandler ["http-nio-8080"]
2024-07-13 19:35:08,360 INFO [main] o.s.b.w.e.t.TomcatWebServer [TomcatWebServer.java:220] Tomcat started on port(s): 8080 (http) with context path ''
2024-07-13 19:35:08,368 INFO [main] c.g.b.BlogApiApplication [StartupInfoLogger.java:61] Started BlogApiApplication in 2.918 seconds (JVM running for 4.291)
2024-07-13 19:35:17,522 INFO [main] c.g.b.BlogApiApplication [StartupInfoLogger.java:55] Starting BlogApiApplication using Java 1.8.0_372 on Sakura with PID 18848 (G:\A.项目组项目\项目组博客\Blog\Blog-api\target\classes started by 吴晓 in G:\A.项目组项目\项目组博客\Blog\Blog-api)
2024-07-13 19:35:17,525 INFO [main] c.g.b.BlogApiApplication [SpringApplication.java:651] The following 1 profile is active: "local"
2024-07-13 19:35:17,934 INFO [main] o.s.d.r.c.RepositoryConfigurationDelegate [RepositoryConfigurationDelegate.java:262] Multiple Spring Data modules found, entering strict repository configuration mode
2024-07-13 19:35:17,935 INFO [main] o.s.d.r.c.RepositoryConfigurationDelegate [RepositoryConfigurationDelegate.java:132] Bootstrapping Spring Data Redis repositories in DEFAULT mode.
2024-07-13 19:35:17,950 INFO [main] o.s.d.r.c.RepositoryConfigurationDelegate [RepositoryConfigurationDelegate.java:201] Finished Spring Data repository scanning in 6 ms. Found 0 Redis repository interfaces.
2024-07-13 19:35:18,259 INFO [main] o.s.b.w.e.t.TomcatWebServer [TomcatWebServer.java:108] Tomcat initialized with port(s): 8080 (http)
2024-07-13 19:35:18,264 INFO [main] o.a.c.h.Http11NioProtocol [DirectJDKLog.java:173] Initializing ProtocolHandler ["http-nio-8080"]
2024-07-13 19:35:18,265 INFO [main] o.a.c.c.StandardService [DirectJDKLog.java:173] Starting service [Tomcat]
2024-07-13 19:35:18,265 INFO [main] o.a.c.c.StandardEngine [DirectJDKLog.java:173] Starting Servlet engine: [Apache Tomcat/9.0.68]
2024-07-13 19:35:18,337 INFO [main] o.a.c.c.C.[.[.[/] [DirectJDKLog.java:173] Initializing Spring embedded WebApplicationContext
2024-07-13 19:35:18,338 INFO [main] o.s.b.w.s.c.ServletWebServerApplicationContext [ServletWebServerApplicationContext.java:290] Root WebApplicationContext: initialization completed in 785 ms
2024-07-13 19:35:19,622 INFO [main] o.s.s.w.DefaultSecurityFilterChain [DefaultSecurityFilterChain.java:55] Will secure any request with [org.springframework.security.web.context.request.async.WebAsyncManagerIntegrationFilter@1642eeae, org.springframework.security.web.context.SecurityContextPersistenceFilter@b67cc70, org.springframework.security.web.header.HeaderWriterFilter@2bfaba70, org.springframework.web.filter.CorsFilter@3440e9cd, org.springframework.security.web.authentication.logout.LogoutFilter@58b5a2f3, org.springframework.security.web.savedrequest.RequestCacheAwareFilter@38b3f208, org.springframework.security.web.servletapi.SecurityContextHolderAwareRequestFilter@65bad087, org.springframework.security.web.authentication.AnonymousAuthenticationFilter@28a9494b, org.springframework.security.web.session.SessionManagementFilter@3a6045c6, org.springframework.security.web.access.ExceptionTranslationFilter@2dd8ff1d, org.springframework.security.web.access.intercept.FilterSecurityInterceptor@45658133]
2024-07-13 19:35:19,649 INFO [main] o.a.c.h.Http11NioProtocol [DirectJDKLog.java:173] Starting ProtocolHandler ["http-nio-8080"]
2024-07-13 19:35:19,663 INFO [main] o.s.b.w.e.t.TomcatWebServer [TomcatWebServer.java:220] Tomcat started on port(s): 8080 (http) with context path ''
2024-07-13 19:35:19,670 INFO [main] c.g.b.BlogApiApplication [StartupInfoLogger.java:61] Started BlogApiApplication in 2.472 seconds (JVM running for 3.345)
2024-07-13 19:35:32,808 INFO [http-nio-8080-exec-2] o.a.c.c.C.[.[.[/] [DirectJDKLog.java:173] Initializing Spring DispatcherServlet 'dispatcherServlet'
2024-07-13 19:35:32,808 INFO [http-nio-8080-exec-2] o.s.w.s.DispatcherServlet [FrameworkServlet.java:525] Initializing Servlet 'dispatcherServlet'
2024-07-13 19:35:32,809 INFO [http-nio-8080-exec-2] o.s.w.s.DispatcherServlet [FrameworkServlet.java:547] Completed initialization in 1 ms
2024-07-13 19:37:06,201 INFO [main] c.g.b.BlogApiApplication [StartupInfoLogger.java:55] Starting BlogApiApplication using Java 1.8.0_372 on Sakura with PID 27524 (G:\A.项目组项目\项目组博客\Blog\Blog-api\target\classes started by 吴晓 in G:\A.项目组项目\项目组博客\Blog\Blog-api)
2024-07-13 19:37:06,203 INFO [main] c.g.b.BlogApiApplication [SpringApplication.java:651] The following 1 profile is active: "local"
2024-07-13 19:37:06,675 INFO [main] o.s.d.r.c.RepositoryConfigurationDelegate [RepositoryConfigurationDelegate.java:262] Multiple Spring Data modules found, entering strict repository configuration mode
2024-07-13 19:37:06,677 INFO [main] o.s.d.r.c.RepositoryConfigurationDelegate [RepositoryConfigurationDelegate.java:132] Bootstrapping Spring Data Redis repositories in DEFAULT mode.
2024-07-13 19:37:06,692 INFO [main] o.s.d.r.c.RepositoryConfigurationDelegate [RepositoryConfigurationDelegate.java:201] Finished Spring Data repository scanning in 6 ms. Found 0 Redis repository interfaces.
2024-07-13 19:37:07,029 INFO [main] o.s.b.w.e.t.TomcatWebServer [TomcatWebServer.java:108] Tomcat initialized with port(s): 8080 (http)
2024-07-13 19:37:07,036 INFO [main] o.a.c.h.Http11NioProtocol [DirectJDKLog.java:173] Initializing ProtocolHandler ["http-nio-8080"]
2024-07-13 19:37:07,036 INFO [main] o.a.c.c.StandardService [DirectJDKLog.java:173] Starting service [Tomcat]
2024-07-13 19:37:07,036 INFO [main] o.a.c.c.StandardEngine [DirectJDKLog.java:173] Starting Servlet engine: [Apache Tomcat/9.0.68]
2024-07-13 19:37:07,116 INFO [main] o.a.c.c.C.[.[.[/] [DirectJDKLog.java:173] Initializing Spring embedded WebApplicationContext
2024-07-13 19:37:07,117 INFO [main] o.s.b.w.s.c.ServletWebServerApplicationContext [ServletWebServerApplicationContext.java:290] Root WebApplicationContext: initialization completed in 886 ms
2024-07-13 19:37:08,433 INFO [main] o.s.s.w.DefaultSecurityFilterChain [DefaultSecurityFilterChain.java:55] Will secure any request with [org.springframework.security.web.context.request.async.WebAsyncManagerIntegrationFilter@3ba3d4b6, org.springframework.security.web.context.SecurityContextPersistenceFilter@2577a95d, org.springframework.security.web.header.HeaderWriterFilter@3252747e, org.springframework.web.filter.CorsFilter@51b77cdf, org.springframework.security.web.authentication.logout.LogoutFilter@73aeef7d, org.springframework.security.web.savedrequest.RequestCacheAwareFilter@63300c4b, org.springframework.security.web.servletapi.SecurityContextHolderAwareRequestFilter@38b3f208, org.springframework.security.web.authentication.AnonymousAuthenticationFilter@441fbe89, org.springframework.security.web.session.SessionManagementFilter@3238e2aa, org.springframework.security.web.access.ExceptionTranslationFilter@3127cb44, org.springframework.security.web.access.intercept.FilterSecurityInterceptor@14c93774]
2024-07-13 19:37:08,457 INFO [main] o.a.c.h.Http11NioProtocol [DirectJDKLog.java:173] Starting ProtocolHandler ["http-nio-8080"]
2024-07-13 19:37:08,471 INFO [main] o.s.b.w.e.t.TomcatWebServer [TomcatWebServer.java:220] Tomcat started on port(s): 8080 (http) with context path ''
2024-07-13 19:37:08,478 INFO [main] c.g.b.BlogApiApplication [StartupInfoLogger.java:61] Started BlogApiApplication in 2.623 seconds (JVM running for 3.486)
2024-07-13 19:38:33,648 INFO [http-nio-8080-exec-1] o.a.c.c.C.[.[.[/] [DirectJDKLog.java:173] Initializing Spring DispatcherServlet 'dispatcherServlet'
2024-07-13 19:38:33,648 INFO [http-nio-8080-exec-1] o.s.w.s.DispatcherServlet [FrameworkServlet.java:525] Initializing Servlet 'dispatcherServlet'
2024-07-13 19:38:33,649 INFO [http-nio-8080-exec-1] o.s.w.s.DispatcherServlet [FrameworkServlet.java:547] Completed initialization in 1 ms
2024-07-13 19:41:32,037 INFO [main] c.g.b.BlogApiApplication [StartupInfoLogger.java:55] Starting BlogApiApplication using Java 1.8.0_372 on Sakura with PID 30384 (G:\A.项目组项目\项目组博客\Blog\Blog-api\target\classes started by 吴晓 in G:\A.项目组项目\项目组博客\Blog\Blog-api)
2024-07-13 19:41:32,040 INFO [main] c.g.b.BlogApiApplication [SpringApplication.java:651] The following 1 profile is active: "local"
2024-07-13 19:41:32,460 INFO [main] o.s.d.r.c.RepositoryConfigurationDelegate [RepositoryConfigurationDelegate.java:262] Multiple Spring Data modules found, entering strict repository configuration mode
2024-07-13 19:41:32,461 INFO [main] o.s.d.r.c.RepositoryConfigurationDelegate [RepositoryConfigurationDelegate.java:132] Bootstrapping Spring Data Redis repositories in DEFAULT mode.
2024-07-13 19:41:32,476 INFO [main] o.s.d.r.c.RepositoryConfigurationDelegate [RepositoryConfigurationDelegate.java:201] Finished Spring Data repository scanning in 6 ms. Found 0 Redis repository interfaces.
2024-07-13 19:41:32,789 INFO [main] o.s.b.w.e.t.TomcatWebServer [TomcatWebServer.java:108] Tomcat initialized with port(s): 8080 (http)
2024-07-13 19:41:32,795 INFO [main] o.a.c.h.Http11NioProtocol [DirectJDKLog.java:173] Initializing ProtocolHandler ["http-nio-8080"]
2024-07-13 19:41:32,796 INFO [main] o.a.c.c.StandardService [DirectJDKLog.java:173] Starting service [Tomcat]
2024-07-13 19:41:32,796 INFO [main] o.a.c.c.StandardEngine [DirectJDKLog.java:173] Starting Servlet engine: [Apache Tomcat/9.0.68]
2024-07-13 19:41:32,869 INFO [main] o.a.c.c.C.[.[.[/] [DirectJDKLog.java:173] Initializing Spring embedded WebApplicationContext
2024-07-13 19:41:32,869 INFO [main] o.s.b.w.s.c.ServletWebServerApplicationContext [ServletWebServerApplicationContext.java:290] Root WebApplicationContext: initialization completed in 803 ms
2024-07-13 19:41:34,208 INFO [main] o.s.s.w.DefaultSecurityFilterChain [DefaultSecurityFilterChain.java:55] Will secure any request with [org.springframework.security.web.context.request.async.WebAsyncManagerIntegrationFilter@1642eeae, org.springframework.security.web.context.SecurityContextPersistenceFilter@b67cc70, org.springframework.security.web.header.HeaderWriterFilter@2bfaba70, org.springframework.web.filter.CorsFilter@3440e9cd, org.springframework.security.web.authentication.logout.LogoutFilter@58b5a2f3, org.springframework.security.web.savedrequest.RequestCacheAwareFilter@38b3f208, org.springframework.security.web.servletapi.SecurityContextHolderAwareRequestFilter@65bad087, org.springframework.security.web.authentication.AnonymousAuthenticationFilter@28a9494b, org.springframework.security.web.session.SessionManagementFilter@3a6045c6, org.springframework.security.web.access.ExceptionTranslationFilter@2dd8ff1d, org.springframework.security.web.access.intercept.FilterSecurityInterceptor@45658133]
2024-07-13 19:41:34,237 INFO [main] o.a.c.h.Http11NioProtocol [DirectJDKLog.java:173] Starting ProtocolHandler ["http-nio-8080"]
2024-07-13 19:41:34,252 INFO [main] o.s.b.w.e.t.TomcatWebServer [TomcatWebServer.java:220] Tomcat started on port(s): 8080 (http) with context path ''
2024-07-13 19:41:34,259 INFO [main] c.g.b.BlogApiApplication [StartupInfoLogger.java:61] Started BlogApiApplication in 2.556 seconds (JVM running for 3.523)
2024-07-13 19:41:40,599 INFO [http-nio-8080-exec-2] o.a.c.c.C.[.[.[/] [DirectJDKLog.java:173] Initializing Spring DispatcherServlet 'dispatcherServlet'
2024-07-13 19:41:40,599 INFO [http-nio-8080-exec-2] o.s.w.s.DispatcherServlet [FrameworkServlet.java:525] Initializing Servlet 'dispatcherServlet'
2024-07-13 19:41:40,600 INFO [http-nio-8080-exec-2] o.s.w.s.DispatcherServlet [FrameworkServlet.java:547] Completed initialization in 1 ms
2024-07-13 19:42:22,481 INFO [main] c.g.b.BlogApiApplication [StartupInfoLogger.java:55] Starting BlogApiApplication using Java 1.8.0_372 on Sakura with PID 3768 (G:\A.项目组项目\项目组博客\Blog\Blog-api\target\classes started by 吴晓 in G:\A.项目组项目\项目组博客\Blog\Blog-api)
2024-07-13 19:42:22,483 INFO [main] c.g.b.BlogApiApplication [SpringApplication.java:651] The following 1 profile is active: "local"
2024-07-13 19:42:22,871 INFO [main] o.s.d.r.c.RepositoryConfigurationDelegate [RepositoryConfigurationDelegate.java:262] Multiple Spring Data modules found, entering strict repository configuration mode
2024-07-13 19:42:22,873 INFO [main] o.s.d.r.c.RepositoryConfigurationDelegate [RepositoryConfigurationDelegate.java:132] Bootstrapping Spring Data Redis repositories in DEFAULT mode.
2024-07-13 19:42:22,887 INFO [main] o.s.d.r.c.RepositoryConfigurationDelegate [RepositoryConfigurationDelegate.java:201] Finished Spring Data repository scanning in 5 ms. Found 0 Redis repository interfaces.
2024-07-13 19:42:23,210 INFO [main] o.s.b.w.e.t.TomcatWebServer [TomcatWebServer.java:108] Tomcat initialized with port(s): 8080 (http)
2024-07-13 19:42:23,216 INFO [main] o.a.c.h.Http11NioProtocol [DirectJDKLog.java:173] Initializing ProtocolHandler ["http-nio-8080"]
2024-07-13 19:42:23,216 INFO [main] o.a.c.c.StandardService [DirectJDKLog.java:173] Starting service [Tomcat]
2024-07-13 19:42:23,216 INFO [main] o.a.c.c.StandardEngine [DirectJDKLog.java:173] Starting Servlet engine: [Apache Tomcat/9.0.68]
2024-07-13 19:42:23,289 INFO [main] o.a.c.c.C.[.[.[/] [DirectJDKLog.java:173] Initializing Spring embedded WebApplicationContext
2024-07-13 19:42:23,290 INFO [main] o.s.b.w.s.c.ServletWebServerApplicationContext [ServletWebServerApplicationContext.java:290] Root WebApplicationContext: initialization completed in 781 ms
2024-07-13 19:42:24,593 INFO [main] o.s.s.w.DefaultSecurityFilterChain [DefaultSecurityFilterChain.java:55] Will secure any request with [org.springframework.security.web.context.request.async.WebAsyncManagerIntegrationFilter@29c17c3d, org.springframework.security.web.context.SecurityContextPersistenceFilter@3c9c6245, org.springframework.security.web.header.HeaderWriterFilter@5f36c8e3, org.springframework.security.web.csrf.CsrfFilter@21b6c9c2, org.springframework.security.web.authentication.logout.LogoutFilter@63300c4b, org.springframework.security.web.authentication.UsernamePasswordAuthenticationFilter@14924f41, org.springframework.security.web.authentication.ui.DefaultLoginPageGeneratingFilter@2dd8ff1d, org.springframework.security.web.authentication.ui.DefaultLogoutPageGeneratingFilter@250a9031, org.springframework.security.web.authentication.www.BasicAuthenticationFilter@6bcb12e6, org.springframework.security.web.savedrequest.RequestCacheAwareFilter@1d4fb213, org.springframework.security.web.servletapi.SecurityContextHolderAwareRequestFilter@3127cb44, org.springframework.security.web.authentication.AnonymousAuthenticationFilter@1665fa54, org.springframework.security.web.session.SessionManagementFilter@6a9344f5, org.springframework.security.web.access.ExceptionTranslationFilter@431e86b1, org.springframework.security.web.access.intercept.FilterSecurityInterceptor@124dac75]
2024-07-13 19:42:24,632 INFO [main] o.a.c.h.Http11NioProtocol [DirectJDKLog.java:173] Starting ProtocolHandler ["http-nio-8080"]
2024-07-13 19:42:24,644 INFO [main] o.s.b.w.e.t.TomcatWebServer [TomcatWebServer.java:220] Tomcat started on port(s): 8080 (http) with context path ''
2024-07-13 19:42:24,651 INFO [main] c.g.b.BlogApiApplication [StartupInfoLogger.java:61] Started BlogApiApplication in 2.507 seconds (JVM running for 3.473)
2024-07-13 19:43:20,834 INFO [main] c.g.b.BlogApiApplication [StartupInfoLogger.java:55] Starting BlogApiApplication using Java 1.8.0_372 on Sakura with PID 24724 (G:\A.项目组项目\项目组博客\Blog\Blog-api\target\classes started by 吴晓 in G:\A.项目组项目\项目组博客\Blog\Blog-api)
2024-07-13 19:43:20,837 INFO [main] c.g.b.BlogApiApplication [SpringApplication.java:651] The following 1 profile is active: "local"
2024-07-13 19:43:21,246 INFO [main] o.s.d.r.c.RepositoryConfigurationDelegate [RepositoryConfigurationDelegate.java:262] Multiple Spring Data modules found, entering strict repository configuration mode
2024-07-13 19:43:21,247 INFO [main] o.s.d.r.c.RepositoryConfigurationDelegate [RepositoryConfigurationDelegate.java:132] Bootstrapping Spring Data Redis repositories in DEFAULT mode.
2024-07-13 19:43:21,261 INFO [main] o.s.d.r.c.RepositoryConfigurationDelegate [RepositoryConfigurationDelegate.java:201] Finished Spring Data repository scanning in 5 ms. Found 0 Redis repository interfaces.
2024-07-13 19:43:21,576 INFO [main] o.s.b.w.e.t.TomcatWebServer [TomcatWebServer.java:108] Tomcat initialized with port(s): 8080 (http)
2024-07-13 19:43:21,581 INFO [main] o.a.c.h.Http11NioProtocol [DirectJDKLog.java:173] Initializing ProtocolHandler ["http-nio-8080"]
2024-07-13 19:43:21,582 INFO [main] o.a.c.c.StandardService [DirectJDKLog.java:173] Starting service [Tomcat]
2024-07-13 19:43:21,582 INFO [main] o.a.c.c.StandardEngine [DirectJDKLog.java:173] Starting Servlet engine: [Apache Tomcat/9.0.68]
2024-07-13 19:43:21,657 INFO [main] o.a.c.c.C.[.[.[/] [DirectJDKLog.java:173] Initializing Spring embedded WebApplicationContext
2024-07-13 19:43:21,657 INFO [main] o.s.b.w.s.c.ServletWebServerApplicationContext [ServletWebServerApplicationContext.java:290] Root WebApplicationContext: initialization completed in 795 ms
2024-07-13 19:43:22,985 INFO [main] o.s.s.w.DefaultSecurityFilterChain [DefaultSecurityFilterChain.java:55] Will secure any request with [org.springframework.security.web.context.request.async.WebAsyncManagerIntegrationFilter@6a1ef65c, org.springframework.security.web.context.SecurityContextPersistenceFilter@d3f4505, org.springframework.security.web.header.HeaderWriterFilter@68d6d775, org.springframework.web.filter.CorsFilter@72976b4, org.springframework.security.web.authentication.logout.LogoutFilter@d70f722, org.springframework.security.web.savedrequest.RequestCacheAwareFilter@7fd987ef, org.springframework.security.web.servletapi.SecurityContextHolderAwareRequestFilter@6807a356, org.springframework.security.web.authentication.AnonymousAuthenticationFilter@726934e2, org.springframework.security.web.session.SessionManagementFilter@276cc8dc, org.springframework.security.web.access.ExceptionTranslationFilter@1668919e, org.springframework.security.web.access.intercept.FilterSecurityInterceptor@6d67f5eb]
2024-07-13 19:43:23,018 INFO [main] o.a.c.h.Http11NioProtocol [DirectJDKLog.java:173] Starting ProtocolHandler ["http-nio-8080"]
2024-07-13 19:43:23,034 INFO [main] o.s.b.w.e.t.TomcatWebServer [TomcatWebServer.java:220] Tomcat started on port(s): 8080 (http) with context path ''
2024-07-13 19:43:23,041 INFO [main] c.g.b.BlogApiApplication [StartupInfoLogger.java:61] Started BlogApiApplication in 2.531 seconds (JVM running for 3.401)
2024-07-13 19:44:45,587 INFO [main] c.g.b.BlogApiApplication [StartupInfoLogger.java:55] Starting BlogApiApplication using Java 1.8.0_372 on Sakura with PID 23432 (G:\A.项目组项目\项目组博客\Blog\Blog-api\target\classes started by 吴晓 in G:\A.项目组项目\项目组博客\Blog\Blog-api)
2024-07-13 19:44:45,589 INFO [main] c.g.b.BlogApiApplication [SpringApplication.java:651] The following 1 profile is active: "local"
2024-07-13 19:44:46,061 INFO [main] o.s.d.r.c.RepositoryConfigurationDelegate [RepositoryConfigurationDelegate.java:262] Multiple Spring Data modules found, entering strict repository configuration mode
2024-07-13 19:44:46,063 INFO [main] o.s.d.r.c.RepositoryConfigurationDelegate [RepositoryConfigurationDelegate.java:132] Bootstrapping Spring Data Redis repositories in DEFAULT mode.
2024-07-13 19:44:46,079 INFO [main] o.s.d.r.c.RepositoryConfigurationDelegate [RepositoryConfigurationDelegate.java:201] Finished Spring Data repository scanning in 6 ms. Found 0 Redis repository interfaces.
2024-07-13 19:44:46,409 INFO [main] o.s.b.w.e.t.TomcatWebServer [TomcatWebServer.java:108] Tomcat initialized with port(s): 8080 (http)
2024-07-13 19:44:46,416 INFO [main] o.a.c.h.Http11NioProtocol [DirectJDKLog.java:173] Initializing ProtocolHandler ["http-nio-8080"]
2024-07-13 19:44:46,416 INFO [main] o.a.c.c.StandardService [DirectJDKLog.java:173] Starting service [Tomcat]
2024-07-13 19:44:46,416 INFO [main] o.a.c.c.StandardEngine [DirectJDKLog.java:173] Starting Servlet engine: [Apache Tomcat/9.0.68]
2024-07-13 19:44:46,494 INFO [main] o.a.c.c.C.[.[.[/] [DirectJDKLog.java:173] Initializing Spring embedded WebApplicationContext
2024-07-13 19:44:46,494 INFO [main] o.s.b.w.s.c.ServletWebServerApplicationContext [ServletWebServerApplicationContext.java:290] Root WebApplicationContext: initialization completed in 874 ms
2024-07-13 19:44:47,807 INFO [main] o.s.s.w.DefaultSecurityFilterChain [DefaultSecurityFilterChain.java:55] Will secure any request with [org.springframework.security.web.context.request.async.WebAsyncManagerIntegrationFilter@3ba3d4b6, org.springframework.security.web.context.SecurityContextPersistenceFilter@2577a95d, org.springframework.security.web.header.HeaderWriterFilter@3252747e, org.springframework.web.filter.CorsFilter@51b77cdf, org.springframework.security.web.authentication.logout.LogoutFilter@73aeef7d, org.springframework.security.web.authentication.ui.DefaultLoginPageGeneratingFilter@441fbe89, org.springframework.security.web.savedrequest.RequestCacheAwareFilter@63300c4b, org.springframework.security.web.servletapi.SecurityContextHolderAwareRequestFilter@38b3f208, org.springframework.security.web.authentication.AnonymousAuthenticationFilter@6088451e, org.springframework.security.web.session.SessionManagementFilter@3238e2aa, org.springframework.security.web.access.ExceptionTranslationFilter@3127cb44, org.springframework.security.web.access.intercept.FilterSecurityInterceptor@14c93774]
2024-07-13 19:44:47,831 INFO [main] o.a.c.h.Http11NioProtocol [DirectJDKLog.java:173] Starting ProtocolHandler ["http-nio-8080"]
2024-07-13 19:44:47,843 INFO [main] o.s.b.w.e.t.TomcatWebServer [TomcatWebServer.java:220] Tomcat started on port(s): 8080 (http) with context path ''
2024-07-13 19:44:47,849 INFO [main] c.g.b.BlogApiApplication [StartupInfoLogger.java:61] Started BlogApiApplication in 2.623 seconds (JVM running for 3.507)
2024-07-13 19:45:00,528 INFO [http-nio-8080-exec-1] o.a.c.c.C.[.[.[/] [DirectJDKLog.java:173] Initializing Spring DispatcherServlet 'dispatcherServlet'
2024-07-13 19:45:00,528 INFO [http-nio-8080-exec-1] o.s.w.s.DispatcherServlet [FrameworkServlet.java:525] Initializing Servlet 'dispatcherServlet'
2024-07-13 19:45:00,529 INFO [http-nio-8080-exec-1] o.s.w.s.DispatcherServlet [FrameworkServlet.java:547] Completed initialization in 1 ms
2024-07-13 19:47:37,501 INFO [main] c.g.b.BlogApiApplication [StartupInfoLogger.java:55] Starting BlogApiApplication using Java 1.8.0_372 on Sakura with PID 12924 (G:\A.项目组项目\项目组博客\Blog\Blog-api\target\classes started by 吴晓 in G:\A.项目组项目\项目组博客\Blog\Blog-api)
2024-07-13 19:47:37,503 INFO [main] c.g.b.BlogApiApplication [SpringApplication.java:651] The following 1 profile is active: "local"
2024-07-13 19:47:37,895 INFO [main] o.s.d.r.c.RepositoryConfigurationDelegate [RepositoryConfigurationDelegate.java:262] Multiple Spring Data modules found, entering strict repository configuration mode
2024-07-13 19:47:37,896 INFO [main] o.s.d.r.c.RepositoryConfigurationDelegate [RepositoryConfigurationDelegate.java:132] Bootstrapping Spring Data Redis repositories in DEFAULT mode.
2024-07-13 19:47:37,912 INFO [main] o.s.d.r.c.RepositoryConfigurationDelegate [RepositoryConfigurationDelegate.java:201] Finished Spring Data repository scanning in 6 ms. Found 0 Redis repository interfaces.
2024-07-13 19:47:38,230 INFO [main] o.s.b.w.e.t.TomcatWebServer [TomcatWebServer.java:108] Tomcat initialized with port(s): 8080 (http)
2024-07-13 19:47:38,235 INFO [main] o.a.c.h.Http11NioProtocol [DirectJDKLog.java:173] Initializing ProtocolHandler ["http-nio-8080"]
2024-07-13 19:47:38,236 INFO [main] o.a.c.c.StandardService [DirectJDKLog.java:173] Starting service [Tomcat]
2024-07-13 19:47:38,236 INFO [main] o.a.c.c.StandardEngine [DirectJDKLog.java:173] Starting Servlet engine: [Apache Tomcat/9.0.68]
2024-07-13 19:47:38,312 INFO [main] o.a.c.c.C.[.[.[/] [DirectJDKLog.java:173] Initializing Spring embedded WebApplicationContext
2024-07-13 19:47:38,312 INFO [main] o.s.b.w.s.c.ServletWebServerApplicationContext [ServletWebServerApplicationContext.java:290] Root WebApplicationContext: initialization completed in 786 ms
2024-07-13 19:47:39,644 INFO [main] o.s.s.w.DefaultSecurityFilterChain [DefaultSecurityFilterChain.java:55] Will secure any request with [org.springframework.security.web.context.request.async.WebAsyncManagerIntegrationFilter@3069a360, org.springframework.security.web.context.SecurityContextPersistenceFilter@4d84049a, org.springframework.security.web.header.HeaderWriterFilter@30c3ae63, org.springframework.security.web.csrf.CsrfFilter@748a654a, org.springframework.security.web.authentication.logout.LogoutFilter@3ff54f3d, org.springframework.security.web.authentication.UsernamePasswordAuthenticationFilter@4bdf, org.springframework.security.web.authentication.ui.DefaultLoginPageGeneratingFilter@64c781a9, org.springframework.security.web.authentication.ui.DefaultLogoutPageGeneratingFilter@7235f92b, org.springframework.security.web.authentication.www.BasicAuthenticationFilter@7cfac39f, org.springframework.security.web.savedrequest.RequestCacheAwareFilter@642857e0, org.springframework.security.web.servletapi.SecurityContextHolderAwareRequestFilter@4cb702ce, org.springframework.security.web.authentication.AnonymousAuthenticationFilter@7885776b, org.springframework.security.web.session.SessionManagementFilter@54e12f4c, org.springframework.security.web.access.ExceptionTranslationFilter@7e351d7, org.springframework.security.web.access.intercept.FilterSecurityInterceptor@3a7e365]
2024-07-13 19:47:39,669 INFO [main] o.a.c.h.Http11NioProtocol [DirectJDKLog.java:173] Starting ProtocolHandler ["http-nio-8080"]
2024-07-13 19:47:39,682 INFO [main] o.s.b.w.e.t.TomcatWebServer [TomcatWebServer.java:220] Tomcat started on port(s): 8080 (http) with context path ''
2024-07-13 19:47:39,688 INFO [main] c.g.b.BlogApiApplication [StartupInfoLogger.java:61] Started BlogApiApplication in 2.515 seconds (JVM running for 3.431)
2024-07-13 19:47:44,939 INFO [http-nio-8080-exec-1] o.a.c.c.C.[.[.[/] [DirectJDKLog.java:173] Initializing Spring DispatcherServlet 'dispatcherServlet'
2024-07-13 19:47:44,939 INFO [http-nio-8080-exec-1] o.s.w.s.DispatcherServlet [FrameworkServlet.java:525] Initializing Servlet 'dispatcherServlet'
2024-07-13 19:47:44,940 INFO [http-nio-8080-exec-1] o.s.w.s.DispatcherServlet [FrameworkServlet.java:547] Completed initialization in 1 ms
2024-07-13 19:47:57,920 INFO [main] c.g.b.BlogApiApplication [StartupInfoLogger.java:55] Starting BlogApiApplication using Java 1.8.0_372 on Sakura with PID 24728 (G:\A.项目组项目\项目组博客\Blog\Blog-api\target\classes started by 吴晓 in G:\A.项目组项目\项目组博客\Blog\Blog-api)
2024-07-13 19:47:57,922 INFO [main] c.g.b.BlogApiApplication [SpringApplication.java:651] The following 1 profile is active: "local"
2024-07-13 19:47:58,347 INFO [main] o.s.d.r.c.RepositoryConfigurationDelegate [RepositoryConfigurationDelegate.java:262] Multiple Spring Data modules found, entering strict repository configuration mode
2024-07-13 19:47:58,349 INFO [main] o.s.d.r.c.RepositoryConfigurationDelegate [RepositoryConfigurationDelegate.java:132] Bootstrapping Spring Data Redis repositories in DEFAULT mode.
2024-07-13 19:47:58,364 INFO [main] o.s.d.r.c.RepositoryConfigurationDelegate [RepositoryConfigurationDelegate.java:201] Finished Spring Data repository scanning in 6 ms. Found 0 Redis repository interfaces.
2024-07-13 19:47:58,681 INFO [main] o.s.b.w.e.t.TomcatWebServer [TomcatWebServer.java:108] Tomcat initialized with port(s): 8080 (http)
2024-07-13 19:47:58,687 INFO [main] o.a.c.h.Http11NioProtocol [DirectJDKLog.java:173] Initializing ProtocolHandler ["http-nio-8080"]
2024-07-13 19:47:58,687 INFO [main] o.a.c.c.StandardService [DirectJDKLog.java:173] Starting service [Tomcat]
2024-07-13 19:47:58,687 INFO [main] o.a.c.c.StandardEngine [DirectJDKLog.java:173] Starting Servlet engine: [Apache Tomcat/9.0.68]
2024-07-13 19:47:58,758 INFO [main] o.a.c.c.C.[.[.[/] [DirectJDKLog.java:173] Initializing Spring embedded WebApplicationContext
2024-07-13 19:47:58,759 INFO [main] o.s.b.w.s.c.ServletWebServerApplicationContext [ServletWebServerApplicationContext.java:290] Root WebApplicationContext: initialization completed in 809 ms
2024-07-13 19:48:00,073 INFO [main] o.s.s.w.DefaultSecurityFilterChain [DefaultSecurityFilterChain.java:55] Will secure any request with [org.springframework.security.web.context.request.async.WebAsyncManagerIntegrationFilter@3069a360, org.springframework.security.web.context.SecurityContextPersistenceFilter@4d84049a, org.springframework.security.web.header.HeaderWriterFilter@30c3ae63, org.springframework.security.web.csrf.CsrfFilter@748a654a, org.springframework.security.web.authentication.logout.LogoutFilter@3ff54f3d, org.springframework.security.web.authentication.UsernamePasswordAuthenticationFilter@4bdf, org.springframework.security.web.authentication.ui.DefaultLoginPageGeneratingFilter@64c781a9, org.springframework.security.web.authentication.ui.DefaultLogoutPageGeneratingFilter@7235f92b, org.springframework.security.web.authentication.www.BasicAuthenticationFilter@7cfac39f, org.springframework.security.web.savedrequest.RequestCacheAwareFilter@642857e0, org.springframework.security.web.servletapi.SecurityContextHolderAwareRequestFilter@4cb702ce, org.springframework.security.web.authentication.AnonymousAuthenticationFilter@7885776b, org.springframework.security.web.session.SessionManagementFilter@54e12f4c, org.springframework.security.web.access.ExceptionTranslationFilter@7e351d7, org.springframework.security.web.access.intercept.FilterSecurityInterceptor@3a7e365]
2024-07-13 19:48:00,099 INFO [main] o.a.c.h.Http11NioProtocol [DirectJDKLog.java:173] Starting ProtocolHandler ["http-nio-8080"]
2024-07-13 19:48:00,113 INFO [main] o.s.b.w.e.t.TomcatWebServer [TomcatWebServer.java:220] Tomcat started on port(s): 8080 (http) with context path ''
2024-07-13 19:48:00,120 INFO [main] c.g.b.BlogApiApplication [StartupInfoLogger.java:61] Started BlogApiApplication in 2.533 seconds (JVM running for 3.464)
2024-07-13 19:48:14,035 INFO [http-nio-8080-exec-1] o.a.c.c.C.[.[.[/] [DirectJDKLog.java:173] Initializing Spring DispatcherServlet 'dispatcherServlet'
2024-07-13 19:48:14,035 INFO [http-nio-8080-exec-1] o.s.w.s.DispatcherServlet [FrameworkServlet.java:525] Initializing Servlet 'dispatcherServlet'
2024-07-13 19:48:14,036 INFO [http-nio-8080-exec-1] o.s.w.s.DispatcherServlet [FrameworkServlet.java:547] Completed initialization in 1 ms
2024-07-13 19:49:51,065 INFO [main] c.g.b.BlogApiApplication [StartupInfoLogger.java:55] Starting BlogApiApplication using Java 1.8.0_372 on Sakura with PID 28604 (G:\A.项目组项目\项目组博客\Blog\Blog-api\target\classes started by 吴晓 in G:\A.项目组项目\项目组博客\Blog\Blog-api)
2024-07-13 19:49:51,068 INFO [main] c.g.b.BlogApiApplication [SpringApplication.java:651] The following 1 profile is active: "local"
2024-07-13 19:49:51,466 INFO [main] o.s.d.r.c.RepositoryConfigurationDelegate [RepositoryConfigurationDelegate.java:262] Multiple Spring Data modules found, entering strict repository configuration mode
2024-07-13 19:49:51,467 INFO [main] o.s.d.r.c.RepositoryConfigurationDelegate [RepositoryConfigurationDelegate.java:132] Bootstrapping Spring Data Redis repositories in DEFAULT mode.
2024-07-13 19:49:51,483 INFO [main] o.s.d.r.c.RepositoryConfigurationDelegate [RepositoryConfigurationDelegate.java:201] Finished Spring Data repository scanning in 6 ms. Found 0 Redis repository interfaces.
2024-07-13 19:49:51,794 INFO [main] o.s.b.w.e.t.TomcatWebServer [TomcatWebServer.java:108] Tomcat initialized with port(s): 8080 (http)
2024-07-13 19:49:51,799 INFO [main] o.a.c.h.Http11NioProtocol [DirectJDKLog.java:173] Initializing ProtocolHandler ["http-nio-8080"]
2024-07-13 19:49:51,799 INFO [main] o.a.c.c.StandardService [DirectJDKLog.java:173] Starting service [Tomcat]
2024-07-13 19:49:51,799 INFO [main] o.a.c.c.StandardEngine [DirectJDKLog.java:173] Starting Servlet engine: [Apache Tomcat/9.0.68]
2024-07-13 19:49:51,872 INFO [main] o.a.c.c.C.[.[.[/] [DirectJDKLog.java:173] Initializing Spring embedded WebApplicationContext
2024-07-13 19:49:51,872 INFO [main] o.s.b.w.s.c.ServletWebServerApplicationContext [ServletWebServerApplicationContext.java:290] Root WebApplicationContext: initialization completed in 778 ms
2024-07-13 19:49:53,158 INFO [main] o.s.s.w.DefaultSecurityFilterChain [DefaultSecurityFilterChain.java:55] Will secure any request with [org.springframework.security.web.context.request.async.WebAsyncManagerIntegrationFilter@558b4942, org.springframework.security.web.context.SecurityContextPersistenceFilter@3d20e575, org.springframework.security.web.header.HeaderWriterFilter@6ef60295, org.springframework.security.web.csrf.CsrfFilter@7c663eaf, org.springframework.security.web.authentication.logout.LogoutFilter@6680f714, org.springframework.security.web.authentication.UsernamePasswordAuthenticationFilter@d16be4f, org.springframework.security.web.authentication.ui.DefaultLoginPageGeneratingFilter@4ceff87d, org.springframework.security.web.authentication.ui.DefaultLogoutPageGeneratingFilter@30ec7d21, org.springframework.security.web.authentication.www.BasicAuthenticationFilter@3e1fd62b, org.springframework.security.web.savedrequest.RequestCacheAwareFilter@2b4b96a4, org.springframework.security.web.servletapi.SecurityContextHolderAwareRequestFilter@17e9bc9e, org.springframework.security.web.authentication.AnonymousAuthenticationFilter@70025b99, org.springframework.security.web.session.SessionManagementFilter@3234474, org.springframework.security.web.access.ExceptionTranslationFilter@5584d9c6, org.springframework.security.web.access.intercept.FilterSecurityInterceptor@18b74ea]
2024-07-13 19:49:53,195 INFO [main] o.a.c.h.Http11NioProtocol [DirectJDKLog.java:173] Starting ProtocolHandler ["http-nio-8080"]
2024-07-13 19:49:53,208 INFO [main] o.s.b.w.e.t.TomcatWebServer [TomcatWebServer.java:220] Tomcat started on port(s): 8080 (http) with context path ''
2024-07-13 19:49:53,214 INFO [main] c.g.b.BlogApiApplication [StartupInfoLogger.java:61] Started BlogApiApplication in 2.477 seconds (JVM running for 3.455)
2024-07-13 19:50:02,171 INFO [http-nio-8080-exec-1] o.a.c.c.C.[.[.[/] [DirectJDKLog.java:173] Initializing Spring DispatcherServlet 'dispatcherServlet'
2024-07-13 19:50:02,172 INFO [http-nio-8080-exec-1] o.s.w.s.DispatcherServlet [FrameworkServlet.java:525] Initializing Servlet 'dispatcherServlet'
2024-07-13 19:50:02,172 INFO [http-nio-8080-exec-1] o.s.w.s.DispatcherServlet [FrameworkServlet.java:547] Completed initialization in 0 ms
2024-07-13 19:51:05,557 INFO [main] c.g.b.BlogApiApplication [StartupInfoLogger.java:55] Starting BlogApiApplication using Java 1.8.0_372 on Sakura with PID 9876 (G:\A.项目组项目\项目组博客\Blog\Blog-api\target\classes started by 吴晓 in G:\A.项目组项目\项目组博客\Blog\Blog-api)
2024-07-13 19:51:05,560 INFO [main] c.g.b.BlogApiApplication [SpringApplication.java:651] The following 1 profile is active: "local"
2024-07-13 19:51:05,948 INFO [main] o.s.d.r.c.RepositoryConfigurationDelegate [RepositoryConfigurationDelegate.java:262] Multiple Spring Data modules found, entering strict repository configuration mode
2024-07-13 19:51:05,949 INFO [main] o.s.d.r.c.RepositoryConfigurationDelegate [RepositoryConfigurationDelegate.java:132] Bootstrapping Spring Data Redis repositories in DEFAULT mode.
2024-07-13 19:51:05,963 INFO [main] o.s.d.r.c.RepositoryConfigurationDelegate [RepositoryConfigurationDelegate.java:201] Finished Spring Data repository scanning in 5 ms. Found 0 Redis repository interfaces.
2024-07-13 19:51:06,274 INFO [main] o.s.b.w.e.t.TomcatWebServer [TomcatWebServer.java:108] Tomcat initialized with port(s): 8080 (http)
2024-07-13 19:51:06,280 INFO [main] o.a.c.h.Http11NioProtocol [DirectJDKLog.java:173] Initializing ProtocolHandler ["http-nio-8080"]
2024-07-13 19:51:06,280 INFO [main] o.a.c.c.StandardService [DirectJDKLog.java:173] Starting service [Tomcat]
2024-07-13 19:51:06,280 INFO [main] o.a.c.c.StandardEngine [DirectJDKLog.java:173] Starting Servlet engine: [Apache Tomcat/9.0.68]
2024-07-13 19:51:06,352 INFO [main] o.a.c.c.C.[.[.[/] [DirectJDKLog.java:173] Initializing Spring embedded WebApplicationContext
2024-07-13 19:51:06,352 INFO [main] o.s.b.w.s.c.ServletWebServerApplicationContext [ServletWebServerApplicationContext.java:290] Root WebApplicationContext: initialization completed in 765 ms
2024-07-13 19:51:07,652 INFO [main] o.s.s.w.DefaultSecurityFilterChain [DefaultSecurityFilterChain.java:55] Will secure any request with [org.springframework.security.web.context.request.async.WebAsyncManagerIntegrationFilter@558b4942, org.springframework.security.web.context.SecurityContextPersistenceFilter@3d20e575, org.springframework.security.web.header.HeaderWriterFilter@6ef60295, org.springframework.security.web.csrf.CsrfFilter@7c663eaf, org.springframework.security.web.authentication.logout.LogoutFilter@6680f714, org.springframework.security.web.authentication.UsernamePasswordAuthenticationFilter@d16be4f, org.springframework.security.web.authentication.ui.DefaultLoginPageGeneratingFilter@4ceff87d, org.springframework.security.web.authentication.ui.DefaultLogoutPageGeneratingFilter@30ec7d21, org.springframework.security.web.authentication.www.BasicAuthenticationFilter@3e1fd62b, org.springframework.security.web.savedrequest.RequestCacheAwareFilter@2b4b96a4, org.springframework.security.web.servletapi.SecurityContextHolderAwareRequestFilter@17e9bc9e, org.springframework.security.web.authentication.AnonymousAuthenticationFilter@70025b99, org.springframework.security.web.session.SessionManagementFilter@3234474, org.springframework.security.web.access.ExceptionTranslationFilter@5584d9c6, org.springframework.security.web.access.intercept.FilterSecurityInterceptor@18b74ea]
2024-07-13 19:51:07,687 INFO [main] o.a.c.h.Http11NioProtocol [DirectJDKLog.java:173] Starting ProtocolHandler ["http-nio-8080"]
2024-07-13 19:51:07,699 INFO [main] o.s.b.w.e.t.TomcatWebServer [TomcatWebServer.java:220] Tomcat started on port(s): 8080 (http) with context path ''
2024-07-13 19:51:07,705 INFO [main] c.g.b.BlogApiApplication [StartupInfoLogger.java:61] Started BlogApiApplication in 2.477 seconds (JVM running for 3.339)
2024-07-13 19:51:13,330 INFO [http-nio-8080-exec-1] o.a.c.c.C.[.[.[/] [DirectJDKLog.java:173] Initializing Spring DispatcherServlet 'dispatcherServlet'
2024-07-13 19:51:13,330 INFO [http-nio-8080-exec-1] o.s.w.s.DispatcherServlet [FrameworkServlet.java:525] Initializing Servlet 'dispatcherServlet'
2024-07-13 19:51:13,331 INFO [http-nio-8080-exec-1] o.s.w.s.DispatcherServlet [FrameworkServlet.java:547] Completed initialization in 1 ms
2024-07-13 19:52:11,613 INFO [main] c.g.b.BlogApiApplication [StartupInfoLogger.java:55] Starting BlogApiApplication using Java 1.8.0_372 on Sakura with PID 31816 (G:\A.项目组项目\项目组博客\Blog\Blog-api\target\classes started by 吴晓 in G:\A.项目组项目\项目组博客\Blog\Blog-api)
2024-07-13 19:52:11,615 INFO [main] c.g.b.BlogApiApplication [SpringApplication.java:651] The following 1 profile is active: "local"
2024-07-13 19:52:12,023 INFO [main] o.s.d.r.c.RepositoryConfigurationDelegate [RepositoryConfigurationDelegate.java:262] Multiple Spring Data modules found, entering strict repository configuration mode
2024-07-13 19:52:12,025 INFO [main] o.s.d.r.c.RepositoryConfigurationDelegate [RepositoryConfigurationDelegate.java:132] Bootstrapping Spring Data Redis repositories in DEFAULT mode.
2024-07-13 19:52:12,040 INFO [main] o.s.d.r.c.RepositoryConfigurationDelegate [RepositoryConfigurationDelegate.java:201] Finished Spring Data repository scanning in 6 ms. Found 0 Redis repository interfaces.
2024-07-13 19:52:12,353 INFO [main] o.s.b.w.e.t.TomcatWebServer [TomcatWebServer.java:108] Tomcat initialized with port(s): 8080 (http)
2024-07-13 19:52:12,359 INFO [main] o.a.c.h.Http11NioProtocol [DirectJDKLog.java:173] Initializing ProtocolHandler ["http-nio-8080"]
2024-07-13 19:52:12,360 INFO [main] o.a.c.c.StandardService [DirectJDKLog.java:173] Starting service [Tomcat]
2024-07-13 19:52:12,360 INFO [main] o.a.c.c.StandardEngine [DirectJDKLog.java:173] Starting Servlet engine: [Apache Tomcat/9.0.68]
2024-07-13 19:52:12,435 INFO [main] o.a.c.c.C.[.[.[/] [DirectJDKLog.java:173] Initializing Spring embedded WebApplicationContext
2024-07-13 19:52:12,436 INFO [main] o.s.b.w.s.c.ServletWebServerApplicationContext [ServletWebServerApplicationContext.java:290] Root WebApplicationContext: initialization completed in 794 ms
2024-07-13 19:52:13,741 INFO [main] o.s.s.w.DefaultSecurityFilterChain [DefaultSecurityFilterChain.java:55] Will secure any request with [org.springframework.security.web.context.request.async.WebAsyncManagerIntegrationFilter@558b4942, org.springframework.security.web.context.SecurityContextPersistenceFilter@3d20e575, org.springframework.security.web.header.HeaderWriterFilter@6ef60295, org.springframework.security.web.csrf.CsrfFilter@7c663eaf, org.springframework.security.web.authentication.logout.LogoutFilter@6680f714, org.springframework.security.web.authentication.UsernamePasswordAuthenticationFilter@d16be4f, org.springframework.security.web.authentication.ui.DefaultLoginPageGeneratingFilter@4ceff87d, org.springframework.security.web.authentication.ui.DefaultLogoutPageGeneratingFilter@30ec7d21, org.springframework.security.web.authentication.www.BasicAuthenticationFilter@3e1fd62b, org.springframework.security.web.savedrequest.RequestCacheAwareFilter@2b4b96a4, org.springframework.security.web.servletapi.SecurityContextHolderAwareRequestFilter@17e9bc9e, org.springframework.security.web.authentication.AnonymousAuthenticationFilter@70025b99, org.springframework.security.web.session.SessionManagementFilter@3234474, org.springframework.security.web.access.ExceptionTranslationFilter@5584d9c6, org.springframework.security.web.access.intercept.FilterSecurityInterceptor@18b74ea]
2024-07-13 19:52:13,778 INFO [main] o.a.c.h.Http11NioProtocol [DirectJDKLog.java:173] Starting ProtocolHandler ["http-nio-8080"]
2024-07-13 19:52:13,791 INFO [main] o.s.b.w.e.t.TomcatWebServer [TomcatWebServer.java:220] Tomcat started on port(s): 8080 (http) with context path ''
2024-07-13 19:52:13,797 INFO [main] c.g.b.BlogApiApplication [StartupInfoLogger.java:61] Started BlogApiApplication in 2.506 seconds (JVM running for 3.383)
2024-07-13 19:52:18,305 INFO [http-nio-8080-exec-1] o.a.c.c.C.[.[.[/] [DirectJDKLog.java:173] Initializing Spring DispatcherServlet 'dispatcherServlet'
2024-07-13 19:52:18,306 INFO [http-nio-8080-exec-1] o.s.w.s.DispatcherServlet [FrameworkServlet.java:525] Initializing Servlet 'dispatcherServlet'
2024-07-13 19:52:18,306 INFO [http-nio-8080-exec-1] o.s.w.s.DispatcherServlet [FrameworkServlet.java:547] Completed initialization in 0 ms
